<?xml version="1.0" encoding="UTF-8" standalone="yes"?>
<ns2:test-suite xmlns:ns2="urn:model.allure.qatools.yandex.ru" start="1697780558825" stop="1697780569402" version="1.4.8">
    <name>后台</name>
    <title>后台 : 登录[]</title>
    <test-cases>
        <test-case start="1697780568115" stop="1697780568730" status="passed">
            <name>validLoginTest</name>
            <title>验证会员对账差别金额数据第一条数据</title>
            <description type="text">验证会员对账差别金额第一条数据</description>
            <steps>
                <step start="1697780568240" stop="1697780568618" status="passed">
                    <name>validLoginTest</name>
                    <title>1.进入会员对账，2.计算对账差别金额</title>
                    <attachments/>
                    <steps/>
                </step>
            </steps>
            <attachments/>
            <labels>
                <label name="severity" value="blocker"/>
                <label name="story" value="会员对账"/>
                <label name="feature" value="财务管理"/>
                <label name="host" value="DESKTOP-ECD2QNJ"/>
                <label name="thread" value="3380@DESKTOP-ECD2QNJ.main"/>
            </labels>
        </test-case>
        <test-case start="1697780568737" stop="1697780568762" status="failed">
            <name>test2</name>
            <title>验证会员对账差别金额数据第一条数据</title>
            <description type="text">验证会员对账差别金额第一条数据</description>
            <failure>
                <message>AssertionError: expected [true] but found [false]</message>
                <stack-trace>java.lang.AssertionError: expected [true] but found [false]
	at org.testng.Assert.fail(Assert.java:94)
	at org.testng.Assert.failNotEquals(Assert.java:496)
	at org.testng.Assert.assertTrue(Assert.java:42)
	at org.testng.Assert.assertTrue(Assert.java:52)
	at test.test2(test.java:71)
	at sun.reflect.NativeMethodAccessorImpl.invoke0(Native Method)
	at sun.reflect.NativeMethodAccessorImpl.invoke(NativeMethodAccessorImpl.java:62)
	at sun.reflect.DelegatingMethodAccessorImpl.invoke(DelegatingMethodAccessorImpl.java:43)
	at java.lang.reflect.Method.invoke(Method.java:498)
	at org.testng.internal.MethodInvocationHelper.invokeMethod(MethodInvocationHelper.java:85)
	at org.testng.internal.Invoker.invokeMethod(Invoker.java:639)
	at org.testng.internal.Invoker.invokeTestMethod(Invoker.java:816)
	at org.testng.internal.Invoker.invokeTestMethods(Invoker.java:1124)
	at org.testng.internal.TestMethodWorker.invokeTestMethods(TestMethodWorker.java:125)
	at org.testng.internal.TestMethodWorker.run(TestMethodWorker.java:108)
	at org.testng.TestRunner.privateRun(TestRunner.java:774)
	at org.testng.TestRunner.run(TestRunner.java:624)
	at org.testng.SuiteRunner.runTest(SuiteRunner.java:359)
	at org.testng.SuiteRunner.runSequentially(SuiteRunner.java:354)
	at org.testng.SuiteRunner.privateRun(SuiteRunner.java:312)
	at org.testng.SuiteRunner.run(SuiteRunner.java:261)
	at org.testng.SuiteRunnerWorker.runSuite(SuiteRunnerWorker.java:52)
	at org.testng.SuiteRunnerWorker.run(SuiteRunnerWorker.java:86)
	at org.testng.TestNG.runSuitesSequentially(TestNG.java:1191)
	at org.testng.TestNG.runSuitesLocally(TestNG.java:1116)
	at org.testng.TestNG.run(TestNG.java:1024)
	at org.apache.maven.surefire.testng.TestNGExecutor.run(TestNGExecutor.java:283)
	at org.apache.maven.surefire.testng.TestNGXmlTestSuite.execute(TestNGXmlTestSuite.java:75)
	at org.apache.maven.surefire.testng.TestNGProvider.invoke(TestNGProvider.java:120)
	at org.apache.maven.surefire.booter.ForkedBooter.invokeProviderInSameClassLoader(ForkedBooter.java:386)
	at org.apache.maven.surefire.booter.ForkedBooter.runSuitesInProcess(ForkedBooter.java:323)
	at org.apache.maven.surefire.booter.ForkedBooter.main(ForkedBooter.java:143)
</stack-trace>
            </failure>
            <steps>
                <step start="1697780568737" stop="1697780568744" status="failed">
                    <name>test2</name>
                    <title>1.进入会员对账，2.计算对账差别金额</title>
                </step>
            </steps>
            <attachments/>
            <labels>
                <label name="severity" value="blocker"/>
                <label name="story" value="会员对账"/>
                <label name="feature" value="财务管理"/>
                <label name="host" value="DESKTOP-ECD2QNJ"/>
                <label name="thread" value="3380@DESKTOP-ECD2QNJ.main"/>
            </labels>
        </test-case>
    </test-cases>
    <labels>
        <label name="framework" value="TestNG"/>
        <label name="language" value="JAVA"/>
    </labels>
</ns2:test-suite>
