<?xml version="1.0" encoding="UTF-8" standalone="yes"?>
<ns2:test-suite xmlns:ns2="urn:model.allure.qatools.yandex.ru" start="1698233653886" stop="1698233680017" version="1.4.8">
    <name>用户管理</name>
    <title>用户管理 : 用户列表[]</title>
    <test-cases>
        <test-case start="1698233668348" stop="1698233677924" status="passed">
            <name>rechargeTotal</name>
            <title>验证会员充值金额总计</title>
            <description type="text">验证会员充值金额总计</description>
            <steps>
                <step start="1698233668439" stop="1698233677750" status="passed">
                    <name>rechargeTotal</name>
                    <title>1.点击用户列表&lt;br&gt;2.输入用户昵称：凯恩一&lt;br&gt;3.进入资金信息&lt;br&gt;4.获取充值总计金额&lt;br&gt;5.获取今日充值金额，昨日充值金额，前日充值金额&lt;br&gt;6.计算充值总计</title>
                    <attachments/>
                    <steps/>
                </step>
            </steps>
            <attachments/>
            <labels>
                <label name="severity" value="blocker"/>
                <label name="story" value="会员资金信息"/>
                <label name="feature" value="用户列表"/>
                <label name="host" value="DESKTOP-ECD2QNJ"/>
                <label name="thread" value="24020@DESKTOP-ECD2QNJ.main"/>
            </labels>
        </test-case>
        <test-case start="1698233677930" stop="1698233678023" status="passed">
            <name>withdrawTotal</name>
            <title>验证会员提现金额总计</title>
            <description type="text">验证会员提现金额总计</description>
            <steps>
                <step start="1698233677932" stop="1698233678020" status="passed">
                    <name>withdrawTotal</name>
                    <title>1.点击用户列表，2.输入用户昵称：凯恩一；3.进入资金信息’4.获取提现总计金额；5.获取今日提现+昨日提现+前日提现；6.计算提现总计</title>
                    <attachments/>
                    <steps/>
                </step>
            </steps>
            <attachments/>
            <labels>
                <label name="severity" value="blocker"/>
                <label name="story" value="会员资金信息"/>
                <label name="feature" value="用户列表"/>
                <label name="host" value="DESKTOP-ECD2QNJ"/>
                <label name="thread" value="24020@DESKTOP-ECD2QNJ.main"/>
            </labels>
        </test-case>
        <test-case start="1698233678026" stop="1698233678119" status="passed">
            <name>discountTotal</name>
            <title>验证会员优惠金额总计</title>
            <description type="text">验证会员优惠金额总计</description>
            <steps>
                <step start="1698233678027" stop="1698233678117" status="passed">
                    <name>discountTotal</name>
                    <title>1.点击用户列表，2.输入用户昵称：凯恩一；3.进入资金信息’4.获取优惠总计金额；5.获取今日+昨日+前日；6.计算优惠总计</title>
                    <attachments/>
                    <steps/>
                </step>
            </steps>
            <attachments/>
            <labels>
                <label name="severity" value="blocker"/>
                <label name="story" value="会员资金信息"/>
                <label name="feature" value="用户列表"/>
                <label name="host" value="DESKTOP-ECD2QNJ"/>
                <label name="thread" value="24020@DESKTOP-ECD2QNJ.main"/>
            </labels>
        </test-case>
        <test-case start="1698233678122" stop="1698233678213" status="passed">
            <name>activityTotal</name>
            <title>验证会员活动金额总计</title>
            <description type="text">验证会员活动金额总计</description>
            <steps>
                <step start="1698233678122" stop="1698233678212" status="passed">
                    <name>activityTotal</name>
                    <title>1.点击用户列表，2.输入用户昵称：凯恩一；3.进入资金信息’4.获取活动总计金额；5.获取今日+昨日+前日；6.计算活动总计</title>
                    <attachments/>
                    <steps/>
                </step>
            </steps>
            <attachments/>
            <labels>
                <label name="severity" value="blocker"/>
                <label name="story" value="会员资金信息"/>
                <label name="feature" value="用户列表"/>
                <label name="host" value="DESKTOP-ECD2QNJ"/>
                <label name="thread" value="24020@DESKTOP-ECD2QNJ.main"/>
            </labels>
        </test-case>
        <test-case start="1698233678216" stop="1698233678308" status="passed">
            <name>subordinateWaterTotal</name>
            <title>验证会员下级返点金额总计</title>
            <description type="text">验证会员下级返点金额总计</description>
            <steps>
                <step start="1698233678218" stop="1698233678307" status="passed">
                    <name>subordinateWaterTotal</name>
                    <title>1.点击用户列表，2.输入用户昵称：凯恩一；3.进入资金信息’4.获取下级返点总计金额；5.获取今日+昨日+前日；6.计算下级返点金额总计</title>
                    <attachments/>
                    <steps/>
                </step>
            </steps>
            <attachments/>
            <labels>
                <label name="severity" value="blocker"/>
                <label name="story" value="会员资金信息"/>
                <label name="feature" value="用户列表"/>
                <label name="host" value="DESKTOP-ECD2QNJ"/>
                <label name="thread" value="24020@DESKTOP-ECD2QNJ.main"/>
            </labels>
        </test-case>
        <test-case start="1698233678310" stop="1698233678392" status="passed">
            <name>selfWaterTotal</name>
            <title>验证会员自身返水金额总计</title>
            <description type="text">验证会员自身返水金额总计</description>
            <steps>
                <step start="1698233678311" stop="1698233678391" status="passed">
                    <name>selfWaterTotal</name>
                    <title>1.点击用户列表，2.输入用户昵称：凯恩一；3.进入资金信息’4.获取自身返水总计金额；5.获取今日+昨日+前日；6.计算自身返水金额总计</title>
                    <attachments/>
                    <steps/>
                </step>
            </steps>
            <attachments/>
            <labels>
                <label name="severity" value="blocker"/>
                <label name="story" value="会员资金信息"/>
                <label name="feature" value="用户列表"/>
                <label name="host" value="DESKTOP-ECD2QNJ"/>
                <label name="thread" value="24020@DESKTOP-ECD2QNJ.main"/>
            </labels>
        </test-case>
        <test-case start="1698233678394" stop="1698233678470" status="passed">
            <name>giftTotal</name>
            <title>验证会员礼物金额总计</title>
            <description type="text">验证会员礼物金额总计</description>
            <steps>
                <step start="1698233678395" stop="1698233678468" status="passed">
                    <name>giftTotal</name>
                    <title>1.点击用户列表，2.输入用户昵称：凯恩一；3.进入资金信息’4.获取礼物总计金额；5.获取今日+昨日+前日；6.计算礼物金额总计</title>
                    <attachments/>
                    <steps/>
                </step>
            </steps>
            <attachments/>
            <labels>
                <label name="severity" value="blocker"/>
                <label name="story" value="会员资金信息"/>
                <label name="feature" value="用户列表"/>
                <label name="host" value="DESKTOP-ECD2QNJ"/>
                <label name="thread" value="24020@DESKTOP-ECD2QNJ.main"/>
            </labels>
        </test-case>
        <test-case start="1698233678473" stop="1698233678554" status="passed">
            <name>subscriptionTotal</name>
            <title>验证会员订阅金额总计</title>
            <description type="text">验证会员订阅金额总计</description>
            <steps>
                <step start="1698233678473" stop="1698233678553" status="passed">
                    <name>subscriptionTotal</name>
                    <title>1.点击用户列表，2.输入用户昵称：凯恩一；3.进入资金信息’4.获取订阅总计金额；5.获取今日+昨日+前日；6.计算订阅金额总计</title>
                    <attachments/>
                    <steps/>
                </step>
            </steps>
            <attachments/>
            <labels>
                <label name="severity" value="blocker"/>
                <label name="story" value="会员资金信息"/>
                <label name="feature" value="用户列表"/>
                <label name="host" value="DESKTOP-ECD2QNJ"/>
                <label name="thread" value="24020@DESKTOP-ECD2QNJ.main"/>
            </labels>
        </test-case>
        <test-case start="1698233678557" stop="1698233678645" status="passed">
            <name>interactTotal</name>
            <title>验证会员互动金额总计</title>
            <description type="text">验证会员互动金额总计</description>
            <steps>
                <step start="1698233678559" stop="1698233678643" status="passed">
                    <name>interactTotal</name>
                    <title>1.点击用户列表，2.输入用户昵称：凯恩一；3.进入资金信息’4.获取互动总计金额；5.获取今日+昨日+前日；6.计算互动金额总计</title>
                    <attachments/>
                    <steps/>
                </step>
            </steps>
            <attachments/>
            <labels>
                <label name="severity" value="blocker"/>
                <label name="story" value="会员资金信息"/>
                <label name="feature" value="用户列表"/>
                <label name="host" value="DESKTOP-ECD2QNJ"/>
                <label name="thread" value="24020@DESKTOP-ECD2QNJ.main"/>
            </labels>
        </test-case>
        <test-case start="1698233678648" stop="1698233678736" status="passed">
            <name>rewardTotal</name>
            <title>验证会员打赏金额总计</title>
            <description type="text">验证会员打赏金额总计</description>
            <steps>
                <step start="1698233678649" stop="1698233678735" status="passed">
                    <name>rewardTotal</name>
                    <title>1.点击用户列表 2.输入用户昵称：凯恩一；3.进入资金信息’4.获取打赏总计金额；5.获取今日+昨日+前日；6.计算打赏金额总计</title>
                    <attachments/>
                    <steps/>
                </step>
            </steps>
            <attachments/>
            <labels>
                <label name="severity" value="blocker"/>
                <label name="story" value="会员资金信息"/>
                <label name="feature" value="用户列表"/>
                <label name="host" value="DESKTOP-ECD2QNJ"/>
                <label name="thread" value="24020@DESKTOP-ECD2QNJ.main"/>
            </labels>
        </test-case>
        <test-case start="1698233678738" stop="1698233678834" status="passed">
            <name>DFGLuckyTotal</name>
            <title>验证会员DFG中奖金额总计</title>
            <description type="text">验证会员DFG中奖金额总计</description>
            <steps>
                <step start="1698233678739" stop="1698233678833" status="passed">
                    <name>DFGLuckyTotal</name>
                    <title>1.点击用户列表，2.输入用户昵称：凯恩一；3.进入资金信息’4.获取DFG中奖总计金额；5.获取今日+昨日+前日；6.计算DFG中奖金额总计</title>
                    <attachments/>
                    <steps/>
                </step>
            </steps>
            <attachments/>
            <labels>
                <label name="severity" value="blocker"/>
                <label name="story" value="会员资金信息"/>
                <label name="feature" value="用户列表"/>
                <label name="host" value="DESKTOP-ECD2QNJ"/>
                <label name="thread" value="24020@DESKTOP-ECD2QNJ.main"/>
            </labels>
        </test-case>
        <test-case start="1698233678836" stop="1698233678945" status="failed">
            <name>DFGBetTotal</name>
            <title>验证会员DFG投注金额总计</title>
            <description type="text">验证会员DFG投注金额总计</description>
            <failure>
                <message>AssertionError: expected [true] but found [false]</message>
                <stack-trace>java.lang.AssertionError: expected [true] but found [false]
	at org.testng.Assert.fail(Assert.java:94)
	at org.testng.Assert.failNotEquals(Assert.java:496)
	at org.testng.Assert.assertTrue(Assert.java:42)
	at org.testng.Assert.assertTrue(Assert.java:52)
	at test.DFGBetTotal(test.java:479)
	at sun.reflect.NativeMethodAccessorImpl.invoke0(Native Method)
	at sun.reflect.NativeMethodAccessorImpl.invoke(NativeMethodAccessorImpl.java:62)
	at sun.reflect.DelegatingMethodAccessorImpl.invoke(DelegatingMethodAccessorImpl.java:43)
	at java.lang.reflect.Method.invoke(Method.java:498)
	at org.testng.internal.MethodInvocationHelper.invokeMethod(MethodInvocationHelper.java:85)
	at org.testng.internal.Invoker.invokeMethod(Invoker.java:639)
	at org.testng.internal.Invoker.invokeTestMethod(Invoker.java:816)
	at org.testng.internal.Invoker.invokeTestMethods(Invoker.java:1124)
	at org.testng.internal.TestMethodWorker.invokeTestMethods(TestMethodWorker.java:125)
	at org.testng.internal.TestMethodWorker.run(TestMethodWorker.java:108)
	at org.testng.TestRunner.privateRun(TestRunner.java:774)
	at org.testng.TestRunner.run(TestRunner.java:624)
	at org.testng.SuiteRunner.runTest(SuiteRunner.java:359)
	at org.testng.SuiteRunner.runSequentially(SuiteRunner.java:354)
	at org.testng.SuiteRunner.privateRun(SuiteRunner.java:312)
	at org.testng.SuiteRunner.run(SuiteRunner.java:261)
	at org.testng.SuiteRunnerWorker.runSuite(SuiteRunnerWorker.java:52)
	at org.testng.SuiteRunnerWorker.run(SuiteRunnerWorker.java:86)
	at org.testng.TestNG.runSuitesSequentially(TestNG.java:1191)
	at org.testng.TestNG.runSuitesLocally(TestNG.java:1116)
	at org.testng.TestNG.run(TestNG.java:1024)
	at org.apache.maven.surefire.testng.TestNGExecutor.run(TestNGExecutor.java:283)
	at org.apache.maven.surefire.testng.TestNGXmlTestSuite.execute(TestNGXmlTestSuite.java:75)
	at org.apache.maven.surefire.testng.TestNGProvider.invoke(TestNGProvider.java:120)
	at org.apache.maven.surefire.booter.ForkedBooter.invokeProviderInSameClassLoader(ForkedBooter.java:386)
	at org.apache.maven.surefire.booter.ForkedBooter.runSuitesInProcess(ForkedBooter.java:323)
	at org.apache.maven.surefire.booter.ForkedBooter.main(ForkedBooter.java:143)
</stack-trace>
            </failure>
            <steps>
                <step start="1698233678837" stop="1698233678928" status="failed">
                    <name>DFGBetTotal</name>
                    <title>1.点击用户列表，2.输入用户昵称：凯恩一；3.进入资金信息’4.获取DFG投注总计金额；5.获取今日+昨日+前日；6.计算DFG投注金额总计</title>
                </step>
            </steps>
            <attachments/>
            <labels>
                <label name="severity" value="blocker"/>
                <label name="story" value="会员资金信息"/>
                <label name="feature" value="用户列表"/>
                <label name="host" value="DESKTOP-ECD2QNJ"/>
                <label name="thread" value="24020@DESKTOP-ECD2QNJ.main"/>
            </labels>
        </test-case>
        <test-case start="1698233678948" stop="1698233679043" status="failed">
            <name>DFGWinLoseTotal</name>
            <title>验证会员DFG玩家盈亏金额总计</title>
            <description type="text">验证会员DFG投注金额总计</description>
            <failure>
                <message>AssertionError: expected [true] but found [false]</message>
                <stack-trace>java.lang.AssertionError: expected [true] but found [false]
	at org.testng.Assert.fail(Assert.java:94)
	at org.testng.Assert.failNotEquals(Assert.java:496)
	at org.testng.Assert.assertTrue(Assert.java:42)
	at org.testng.Assert.assertTrue(Assert.java:52)
	at test.DFGWinLoseTotal(test.java:518)
	at sun.reflect.NativeMethodAccessorImpl.invoke0(Native Method)
	at sun.reflect.NativeMethodAccessorImpl.invoke(NativeMethodAccessorImpl.java:62)
	at sun.reflect.DelegatingMethodAccessorImpl.invoke(DelegatingMethodAccessorImpl.java:43)
	at java.lang.reflect.Method.invoke(Method.java:498)
	at org.testng.internal.MethodInvocationHelper.invokeMethod(MethodInvocationHelper.java:85)
	at org.testng.internal.Invoker.invokeMethod(Invoker.java:639)
	at org.testng.internal.Invoker.invokeTestMethod(Invoker.java:816)
	at org.testng.internal.Invoker.invokeTestMethods(Invoker.java:1124)
	at org.testng.internal.TestMethodWorker.invokeTestMethods(TestMethodWorker.java:125)
	at org.testng.internal.TestMethodWorker.run(TestMethodWorker.java:108)
	at org.testng.TestRunner.privateRun(TestRunner.java:774)
	at org.testng.TestRunner.run(TestRunner.java:624)
	at org.testng.SuiteRunner.runTest(SuiteRunner.java:359)
	at org.testng.SuiteRunner.runSequentially(SuiteRunner.java:354)
	at org.testng.SuiteRunner.privateRun(SuiteRunner.java:312)
	at org.testng.SuiteRunner.run(SuiteRunner.java:261)
	at org.testng.SuiteRunnerWorker.runSuite(SuiteRunnerWorker.java:52)
	at org.testng.SuiteRunnerWorker.run(SuiteRunnerWorker.java:86)
	at org.testng.TestNG.runSuitesSequentially(TestNG.java:1191)
	at org.testng.TestNG.runSuitesLocally(TestNG.java:1116)
	at org.testng.TestNG.run(TestNG.java:1024)
	at org.apache.maven.surefire.testng.TestNGExecutor.run(TestNGExecutor.java:283)
	at org.apache.maven.surefire.testng.TestNGXmlTestSuite.execute(TestNGXmlTestSuite.java:75)
	at org.apache.maven.surefire.testng.TestNGProvider.invoke(TestNGProvider.java:120)
	at org.apache.maven.surefire.booter.ForkedBooter.invokeProviderInSameClassLoader(ForkedBooter.java:386)
	at org.apache.maven.surefire.booter.ForkedBooter.runSuitesInProcess(ForkedBooter.java:323)
	at org.apache.maven.surefire.booter.ForkedBooter.main(ForkedBooter.java:143)
</stack-trace>
            </failure>
            <steps>
                <step start="1698233678949" stop="1698233679040" status="failed">
                    <name>DFGWinLoseTotal</name>
                    <title>1.点击用户列表，2.输入用户昵称：凯恩一；3.进入资金信息’4.获取DFG玩家盈亏总计金额；5.获取今日+昨日+前日；6.计算DFG玩家盈亏金额总计</title>
                </step>
            </steps>
            <attachments/>
            <labels>
                <label name="severity" value="blocker"/>
                <label name="story" value="会员资金信息"/>
                <label name="feature" value="用户列表"/>
                <label name="host" value="DESKTOP-ECD2QNJ"/>
                <label name="thread" value="24020@DESKTOP-ECD2QNJ.main"/>
            </labels>
        </test-case>
        <test-case start="1698233679045" stop="1698233679135" status="failed">
            <name>threeGameLuckyTotal</name>
            <title>验证会员三方游戏中奖金额总计</title>
            <description type="text">验证会员三方游戏中奖金额总计</description>
            <failure>
                <message>AssertionError: expected [true] but found [false]</message>
                <stack-trace>java.lang.AssertionError: expected [true] but found [false]
	at org.testng.Assert.fail(Assert.java:94)
	at org.testng.Assert.failNotEquals(Assert.java:496)
	at org.testng.Assert.assertTrue(Assert.java:42)
	at org.testng.Assert.assertTrue(Assert.java:52)
	at test.threeGameLuckyTotal(test.java:556)
	at sun.reflect.NativeMethodAccessorImpl.invoke0(Native Method)
	at sun.reflect.NativeMethodAccessorImpl.invoke(NativeMethodAccessorImpl.java:62)
	at sun.reflect.DelegatingMethodAccessorImpl.invoke(DelegatingMethodAccessorImpl.java:43)
	at java.lang.reflect.Method.invoke(Method.java:498)
	at org.testng.internal.MethodInvocationHelper.invokeMethod(MethodInvocationHelper.java:85)
	at org.testng.internal.Invoker.invokeMethod(Invoker.java:639)
	at org.testng.internal.Invoker.invokeTestMethod(Invoker.java:816)
	at org.testng.internal.Invoker.invokeTestMethods(Invoker.java:1124)
	at org.testng.internal.TestMethodWorker.invokeTestMethods(TestMethodWorker.java:125)
	at org.testng.internal.TestMethodWorker.run(TestMethodWorker.java:108)
	at org.testng.TestRunner.privateRun(TestRunner.java:774)
	at org.testng.TestRunner.run(TestRunner.java:624)
	at org.testng.SuiteRunner.runTest(SuiteRunner.java:359)
	at org.testng.SuiteRunner.runSequentially(SuiteRunner.java:354)
	at org.testng.SuiteRunner.privateRun(SuiteRunner.java:312)
	at org.testng.SuiteRunner.run(SuiteRunner.java:261)
	at org.testng.SuiteRunnerWorker.runSuite(SuiteRunnerWorker.java:52)
	at org.testng.SuiteRunnerWorker.run(SuiteRunnerWorker.java:86)
	at org.testng.TestNG.runSuitesSequentially(TestNG.java:1191)
	at org.testng.TestNG.runSuitesLocally(TestNG.java:1116)
	at org.testng.TestNG.run(TestNG.java:1024)
	at org.apache.maven.surefire.testng.TestNGExecutor.run(TestNGExecutor.java:283)
	at org.apache.maven.surefire.testng.TestNGXmlTestSuite.execute(TestNGXmlTestSuite.java:75)
	at org.apache.maven.surefire.testng.TestNGProvider.invoke(TestNGProvider.java:120)
	at org.apache.maven.surefire.booter.ForkedBooter.invokeProviderInSameClassLoader(ForkedBooter.java:386)
	at org.apache.maven.surefire.booter.ForkedBooter.runSuitesInProcess(ForkedBooter.java:323)
	at org.apache.maven.surefire.booter.ForkedBooter.main(ForkedBooter.java:143)
</stack-trace>
            </failure>
            <steps>
                <step start="1698233679046" stop="1698233679133" status="failed">
                    <name>threeGameLuckyTotal</name>
                    <title>1.点击用户列表，2.输入用户昵称：凯恩一；3.进入资金信息’4.获取三方游戏中奖总计金额；5.获取今日+昨日+前日；6.计算三方游戏中奖金额总计</title>
                </step>
            </steps>
            <attachments/>
            <labels>
                <label name="severity" value="blocker"/>
                <label name="story" value="会员资金信息"/>
                <label name="feature" value="用户列表"/>
                <label name="host" value="DESKTOP-ECD2QNJ"/>
                <label name="thread" value="24020@DESKTOP-ECD2QNJ.main"/>
            </labels>
        </test-case>
        <test-case start="1698233679137" stop="1698233679231" status="failed">
            <name>threeGameBetTotal</name>
            <title>验证会员三方游戏投注金额总计</title>
            <description type="text">验证会员三方游戏投注金额总计</description>
            <failure>
                <message>AssertionError: expected [true] but found [false]</message>
                <stack-trace>java.lang.AssertionError: expected [true] but found [false]
	at org.testng.Assert.fail(Assert.java:94)
	at org.testng.Assert.failNotEquals(Assert.java:496)
	at org.testng.Assert.assertTrue(Assert.java:42)
	at org.testng.Assert.assertTrue(Assert.java:52)
	at test.threeGameBetTotal(test.java:594)
	at sun.reflect.NativeMethodAccessorImpl.invoke0(Native Method)
	at sun.reflect.NativeMethodAccessorImpl.invoke(NativeMethodAccessorImpl.java:62)
	at sun.reflect.DelegatingMethodAccessorImpl.invoke(DelegatingMethodAccessorImpl.java:43)
	at java.lang.reflect.Method.invoke(Method.java:498)
	at org.testng.internal.MethodInvocationHelper.invokeMethod(MethodInvocationHelper.java:85)
	at org.testng.internal.Invoker.invokeMethod(Invoker.java:639)
	at org.testng.internal.Invoker.invokeTestMethod(Invoker.java:816)
	at org.testng.internal.Invoker.invokeTestMethods(Invoker.java:1124)
	at org.testng.internal.TestMethodWorker.invokeTestMethods(TestMethodWorker.java:125)
	at org.testng.internal.TestMethodWorker.run(TestMethodWorker.java:108)
	at org.testng.TestRunner.privateRun(TestRunner.java:774)
	at org.testng.TestRunner.run(TestRunner.java:624)
	at org.testng.SuiteRunner.runTest(SuiteRunner.java:359)
	at org.testng.SuiteRunner.runSequentially(SuiteRunner.java:354)
	at org.testng.SuiteRunner.privateRun(SuiteRunner.java:312)
	at org.testng.SuiteRunner.run(SuiteRunner.java:261)
	at org.testng.SuiteRunnerWorker.runSuite(SuiteRunnerWorker.java:52)
	at org.testng.SuiteRunnerWorker.run(SuiteRunnerWorker.java:86)
	at org.testng.TestNG.runSuitesSequentially(TestNG.java:1191)
	at org.testng.TestNG.runSuitesLocally(TestNG.java:1116)
	at org.testng.TestNG.run(TestNG.java:1024)
	at org.apache.maven.surefire.testng.TestNGExecutor.run(TestNGExecutor.java:283)
	at org.apache.maven.surefire.testng.TestNGXmlTestSuite.execute(TestNGXmlTestSuite.java:75)
	at org.apache.maven.surefire.testng.TestNGProvider.invoke(TestNGProvider.java:120)
	at org.apache.maven.surefire.booter.ForkedBooter.invokeProviderInSameClassLoader(ForkedBooter.java:386)
	at org.apache.maven.surefire.booter.ForkedBooter.runSuitesInProcess(ForkedBooter.java:323)
	at org.apache.maven.surefire.booter.ForkedBooter.main(ForkedBooter.java:143)
</stack-trace>
            </failure>
            <steps>
                <step start="1698233679139" stop="1698233679229" status="failed">
                    <name>threeGameBetTotal</name>
                    <title>1.点击用户列表，2.输入用户昵称：凯恩一；3.进入资金信息’4.获取三方游戏投注总计金额；5.获取今日+昨日+前日；6.计算三方游戏投注金额总计</title>
                </step>
            </steps>
            <attachments/>
            <labels>
                <label name="severity" value="blocker"/>
                <label name="story" value="会员资金信息"/>
                <label name="feature" value="用户列表"/>
                <label name="host" value="DESKTOP-ECD2QNJ"/>
                <label name="thread" value="24020@DESKTOP-ECD2QNJ.main"/>
            </labels>
        </test-case>
        <test-case start="1698233679233" stop="1698233679326" status="failed">
            <name>threeGameWinLoseTotal</name>
            <title>验证会员三方游戏盈亏金额总计</title>
            <description type="text">验证会员三方游戏盈亏金额总计</description>
            <failure>
                <message>AssertionError: expected [true] but found [false]</message>
                <stack-trace>java.lang.AssertionError: expected [true] but found [false]
	at org.testng.Assert.fail(Assert.java:94)
	at org.testng.Assert.failNotEquals(Assert.java:496)
	at org.testng.Assert.assertTrue(Assert.java:42)
	at org.testng.Assert.assertTrue(Assert.java:52)
	at test.threeGameWinLoseTotal(test.java:633)
	at sun.reflect.NativeMethodAccessorImpl.invoke0(Native Method)
	at sun.reflect.NativeMethodAccessorImpl.invoke(NativeMethodAccessorImpl.java:62)
	at sun.reflect.DelegatingMethodAccessorImpl.invoke(DelegatingMethodAccessorImpl.java:43)
	at java.lang.reflect.Method.invoke(Method.java:498)
	at org.testng.internal.MethodInvocationHelper.invokeMethod(MethodInvocationHelper.java:85)
	at org.testng.internal.Invoker.invokeMethod(Invoker.java:639)
	at org.testng.internal.Invoker.invokeTestMethod(Invoker.java:816)
	at org.testng.internal.Invoker.invokeTestMethods(Invoker.java:1124)
	at org.testng.internal.TestMethodWorker.invokeTestMethods(TestMethodWorker.java:125)
	at org.testng.internal.TestMethodWorker.run(TestMethodWorker.java:108)
	at org.testng.TestRunner.privateRun(TestRunner.java:774)
	at org.testng.TestRunner.run(TestRunner.java:624)
	at org.testng.SuiteRunner.runTest(SuiteRunner.java:359)
	at org.testng.SuiteRunner.runSequentially(SuiteRunner.java:354)
	at org.testng.SuiteRunner.privateRun(SuiteRunner.java:312)
	at org.testng.SuiteRunner.run(SuiteRunner.java:261)
	at org.testng.SuiteRunnerWorker.runSuite(SuiteRunnerWorker.java:52)
	at org.testng.SuiteRunnerWorker.run(SuiteRunnerWorker.java:86)
	at org.testng.TestNG.runSuitesSequentially(TestNG.java:1191)
	at org.testng.TestNG.runSuitesLocally(TestNG.java:1116)
	at org.testng.TestNG.run(TestNG.java:1024)
	at org.apache.maven.surefire.testng.TestNGExecutor.run(TestNGExecutor.java:283)
	at org.apache.maven.surefire.testng.TestNGXmlTestSuite.execute(TestNGXmlTestSuite.java:75)
	at org.apache.maven.surefire.testng.TestNGProvider.invoke(TestNGProvider.java:120)
	at org.apache.maven.surefire.booter.ForkedBooter.invokeProviderInSameClassLoader(ForkedBooter.java:386)
	at org.apache.maven.surefire.booter.ForkedBooter.runSuitesInProcess(ForkedBooter.java:323)
	at org.apache.maven.surefire.booter.ForkedBooter.main(ForkedBooter.java:143)
</stack-trace>
            </failure>
            <steps>
                <step start="1698233679234" stop="1698233679321" status="failed">
                    <name>threeGameWinLoseTotal</name>
                    <title>1.点击用户列表，2.输入用户昵称：凯恩一；3.进入资金信息’4.获取三方游戏盈亏总计金额；5.获取今日+昨日+前日；6.计算三方游戏盈亏金额总计</title>
                </step>
            </steps>
            <attachments/>
            <labels>
                <label name="severity" value="blocker"/>
                <label name="story" value="会员资金信息"/>
                <label name="feature" value="用户列表"/>
                <label name="host" value="DESKTOP-ECD2QNJ"/>
                <label name="thread" value="24020@DESKTOP-ECD2QNJ.main"/>
            </labels>
        </test-case>
    </test-cases>
    <labels>
        <label name="framework" value="TestNG"/>
        <label name="language" value="JAVA"/>
    </labels>
</ns2:test-suite>
