<?xml version="1.0" encoding="UTF-8" standalone="yes"?>
<ns2:test-suite start="1576288828046" stop="1576289053050" version="1.5.2" xmlns:ns2="urn:model.allure.qatools.yandex.ru">
    <name>All Test Suite : 平台管理员</name>
    <title>All Test Suite : 平台管理员</title>
    <test-cases>
        <test-case start="1576288828079" stop="1576288828091" status="pending">
            <name>onlineBackstage</name>
            <title>验证后台用户踢出功能</title>
            <description type="text">测试踢出用户功能</description>
            <failure>
                <message>Test not implemented yet</message>
                <stack-trace>There are no stack trace</stack-trace>
            </failure>
            <steps/>
            <attachments/>
            <labels>
                <label name="severity" value="blocker"/>
                <label name="issue" value="http://10.1.101.66:890/index.php?m=testcase&amp;f=view&amp;caseID=19&amp;version=1"/>
                <label name="story" value="在线后台用户"/>
                <label name="feature" value="用户管理"/>
                <label name="host" value="DESKTOP-8DI1090"/>
                <label name="thread" value="4520@DESKTOP-8DI1090.main(1)"/>
            </labels>
        </test-case>
        <test-case start="1576288846232" stop="1576288848862" status="passed">
            <name>playerNumber</name>
            <title>验证仪表盘平台总会员数</title>
            <description type="text">测试仪表盘总会员数是否等于会员列表的总会员数</description>
            <steps>
                <step start="1576288846282" stop="1576288848713" status="passed">
                    <name>playerNumber</name>
                    <title>1.进入仪表盘; 2.获取会员数量; 3.进入会员列表；4.获取列表会员总数</title>
                    <attachments/>
                    <steps/>
                </step>
            </steps>
            <attachments/>
            <labels>
                <label name="testSuite" value="All Test Suite"/>
                <label name="testGroup" value="平台管理员"/>
                <label name="testClass" value="Backstage.admin.panel"/>
                <label name="testMethod" value="playerNumber"/>
                <label name="severity" value="blocker"/>
                <label name="issue" value="http://10.1.101.66:890/index.php?m=testcase&amp;f=view&amp;caseID=13&amp;version=1"/>
                <label name="story" value="会员数量"/>
                <label name="feature" value="仪表盘"/>
                <label name="host" value="DESKTOP-8DI1090"/>
                <label name="thread" value="4520@DESKTOP-8DI1090.main(1)"/>
            </labels>
        </test-case>
        <test-case start="1576288848868" stop="1576288854174" status="failed">
            <name>notesNumber</name>
            <title>验证平台总注单量是否有误</title>
            <description type="text">测试仪表盘总会员数是否等于会员列表的会员数</description>
            <failure>
                <message>AssertionError: expected [true] but found [false]</message>
                <stack-trace>java.lang.AssertionError: expected [true] but found [false]
	at org.testng.Assert.fail(Assert.java:94)
	at org.testng.Assert.failNotEquals(Assert.java:496)
	at org.testng.Assert.assertTrue(Assert.java:42)
	at org.testng.Assert.assertTrue(Assert.java:52)
	at Backstage.admin.panel.notesNumber(panel.java:115)
	at sun.reflect.NativeMethodAccessorImpl.invoke0(Native Method)
	at sun.reflect.NativeMethodAccessorImpl.invoke(NativeMethodAccessorImpl.java:62)
	at sun.reflect.DelegatingMethodAccessorImpl.invoke(DelegatingMethodAccessorImpl.java:43)
	at java.lang.reflect.Method.invoke(Method.java:498)
	at org.testng.internal.MethodInvocationHelper.invokeMethod(MethodInvocationHelper.java:85)
	at org.testng.internal.Invoker.invokeMethod(Invoker.java:639)
	at org.testng.internal.Invoker.invokeTestMethod(Invoker.java:816)
	at org.testng.internal.Invoker.invokeTestMethods(Invoker.java:1124)
	at org.testng.internal.TestMethodWorker.invokeTestMethods(TestMethodWorker.java:125)
	at org.testng.internal.TestMethodWorker.run(TestMethodWorker.java:108)
	at org.testng.TestRunner.privateRun(TestRunner.java:774)
	at org.testng.TestRunner.run(TestRunner.java:624)
	at org.testng.SuiteRunner.runTest(SuiteRunner.java:359)
	at org.testng.SuiteRunner.runSequentially(SuiteRunner.java:354)
	at org.testng.SuiteRunner.privateRun(SuiteRunner.java:312)
	at org.testng.SuiteRunner.run(SuiteRunner.java:261)
	at org.testng.SuiteRunnerWorker.runSuite(SuiteRunnerWorker.java:52)
	at org.testng.SuiteRunnerWorker.run(SuiteRunnerWorker.java:86)
	at org.testng.TestNG.runSuitesSequentially(TestNG.java:1191)
	at org.testng.TestNG.runSuitesLocally(TestNG.java:1116)
	at org.testng.TestNG.run(TestNG.java:1024)
	at org.apache.maven.surefire.testng.TestNGExecutor.run(TestNGExecutor.java:283)
	at org.apache.maven.surefire.testng.TestNGXmlTestSuite.execute(TestNGXmlTestSuite.java:75)
	at org.apache.maven.surefire.testng.TestNGProvider.invoke(TestNGProvider.java:120)
	at org.apache.maven.surefire.booter.ForkedBooter.invokeProviderInSameClassLoader(ForkedBooter.java:386)
	at org.apache.maven.surefire.booter.ForkedBooter.runSuitesInProcess(ForkedBooter.java:323)
	at org.apache.maven.surefire.booter.ForkedBooter.main(ForkedBooter.java:143)
</stack-trace>
            </failure>
            <steps>
                <step start="1576288848869" stop="1576288854144" status="failed">
                    <name>notesNumber</name>
                    <title>1.点击仪表盘，2.获取平台总注单量，3.进入历史投注记录，4.获取投注笔数</title>
                </step>
            </steps>
            <attachments/>
            <labels>
                <label name="testSuite" value="All Test Suite"/>
                <label name="testGroup" value="平台管理员"/>
                <label name="testClass" value="Backstage.admin.panel"/>
                <label name="testMethod" value="notesNumber"/>
                <label name="severity" value="blocker"/>
                <label name="issue" value="http://10.1.101.66:890/index.php?m=testcase&amp;f=view&amp;caseID=14&amp;version=1"/>
                <label name="story" value="平台总注单量"/>
                <label name="feature" value="仪表盘"/>
                <label name="host" value="DESKTOP-8DI1090"/>
                <label name="thread" value="4520@DESKTOP-8DI1090.main(1)"/>
            </labels>
        </test-case>
        <test-case start="1576288854181" stop="1576288858629" status="passed">
            <name>agentNumber</name>
            <title>验证总代理列表代理数数量</title>
            <description type="text">测试总代理列表代理数</description>
            <steps>
                <step start="1576288854183" stop="1576288858627" status="passed">
                    <name>agentNumber</name>
                    <title>1.进入总代理报表，2.获取总代理代理数，3.点击会员跳转到代理列表，4.获取代理page数量</title>
                    <attachments/>
                    <steps/>
                </step>
            </steps>
            <attachments/>
            <labels>
                <label name="testSuite" value="All Test Suite"/>
                <label name="testGroup" value="平台管理员"/>
                <label name="testClass" value="Backstage.admin.UserManagement"/>
                <label name="testMethod" value="agentNumber"/>
                <label name="severity" value="blocker"/>
                <label name="issue" value="http://10.1.101.66:890/index.php?m=testcase&amp;f=view&amp;caseID=15&amp;version=1"/>
                <label name="story" value="总代理列表"/>
                <label name="feature" value="用户管理"/>
                <label name="host" value="DESKTOP-8DI1090"/>
                <label name="thread" value="4520@DESKTOP-8DI1090.main(1)"/>
            </labels>
        </test-case>
        <test-case start="1576288858632" stop="1576288862220" status="failed">
            <name>vipNumber</name>
            <title>验证总代理列表会员数数量</title>
            <description type="text">测试总代理列表会员数</description>
            <failure>
                <message>AssertionError: expected [true] but found [false]</message>
                <stack-trace>java.lang.AssertionError: expected [true] but found [false]
	at org.testng.Assert.fail(Assert.java:94)
	at org.testng.Assert.failNotEquals(Assert.java:496)
	at org.testng.Assert.assertTrue(Assert.java:42)
	at org.testng.Assert.assertTrue(Assert.java:52)
	at Backstage.admin.UserManagement.vipNumber(UserManagement.java:101)
	at sun.reflect.NativeMethodAccessorImpl.invoke0(Native Method)
	at sun.reflect.NativeMethodAccessorImpl.invoke(NativeMethodAccessorImpl.java:62)
	at sun.reflect.DelegatingMethodAccessorImpl.invoke(DelegatingMethodAccessorImpl.java:43)
	at java.lang.reflect.Method.invoke(Method.java:498)
	at org.testng.internal.MethodInvocationHelper.invokeMethod(MethodInvocationHelper.java:85)
	at org.testng.internal.Invoker.invokeMethod(Invoker.java:639)
	at org.testng.internal.Invoker.invokeTestMethod(Invoker.java:816)
	at org.testng.internal.Invoker.invokeTestMethods(Invoker.java:1124)
	at org.testng.internal.TestMethodWorker.invokeTestMethods(TestMethodWorker.java:125)
	at org.testng.internal.TestMethodWorker.run(TestMethodWorker.java:108)
	at org.testng.TestRunner.privateRun(TestRunner.java:774)
	at org.testng.TestRunner.run(TestRunner.java:624)
	at org.testng.SuiteRunner.runTest(SuiteRunner.java:359)
	at org.testng.SuiteRunner.runSequentially(SuiteRunner.java:354)
	at org.testng.SuiteRunner.privateRun(SuiteRunner.java:312)
	at org.testng.SuiteRunner.run(SuiteRunner.java:261)
	at org.testng.SuiteRunnerWorker.runSuite(SuiteRunnerWorker.java:52)
	at org.testng.SuiteRunnerWorker.run(SuiteRunnerWorker.java:86)
	at org.testng.TestNG.runSuitesSequentially(TestNG.java:1191)
	at org.testng.TestNG.runSuitesLocally(TestNG.java:1116)
	at org.testng.TestNG.run(TestNG.java:1024)
	at org.apache.maven.surefire.testng.TestNGExecutor.run(TestNGExecutor.java:283)
	at org.apache.maven.surefire.testng.TestNGXmlTestSuite.execute(TestNGXmlTestSuite.java:75)
	at org.apache.maven.surefire.testng.TestNGProvider.invoke(TestNGProvider.java:120)
	at org.apache.maven.surefire.booter.ForkedBooter.invokeProviderInSameClassLoader(ForkedBooter.java:386)
	at org.apache.maven.surefire.booter.ForkedBooter.runSuitesInProcess(ForkedBooter.java:323)
	at org.apache.maven.surefire.booter.ForkedBooter.main(ForkedBooter.java:143)
</stack-trace>
            </failure>
            <steps>
                <step start="1576288858634" stop="1576288862210" status="failed">
                    <name>vipNumber</name>
                    <title>1.进入总代理列表，2.获取总代理会员数，3.点击跳转到会员列表，4.获取会员数</title>
                </step>
            </steps>
            <attachments/>
            <labels>
                <label name="testSuite" value="All Test Suite"/>
                <label name="testGroup" value="平台管理员"/>
                <label name="testClass" value="Backstage.admin.UserManagement"/>
                <label name="testMethod" value="vipNumber"/>
                <label name="severity" value="blocker"/>
                <label name="issue" value="http://10.1.101.66:890/index.php?m=testcase&amp;f=view&amp;caseID=16&amp;version=1"/>
                <label name="story" value="总代理列表"/>
                <label name="feature" value="用户管理"/>
                <label name="host" value="DESKTOP-8DI1090"/>
                <label name="thread" value="4520@DESKTOP-8DI1090.main(1)"/>
            </labels>
        </test-case>
        <test-case start="1576288862225" stop="1576288865866" status="passed">
            <name>agentVipNumber</name>
            <title>验证代理列表会员数数量</title>
            <description type="text">测试代理会员数是否等于会员列表该会员数量</description>
            <steps>
                <step start="1576288862226" stop="1576288865863" status="passed">
                    <name>agentVipNumber</name>
                    <title>1.进入代理列表，2.获取代理会员数，3.点击跳转会员列表，4.获取会员数</title>
                    <attachments/>
                    <steps/>
                </step>
            </steps>
            <attachments/>
            <labels>
                <label name="testSuite" value="All Test Suite"/>
                <label name="testGroup" value="平台管理员"/>
                <label name="testClass" value="Backstage.admin.UserManagement"/>
                <label name="testMethod" value="agentVipNumber"/>
                <label name="severity" value="blocker"/>
                <label name="issue" value="http://10.1.101.66:890/index.php?m=testcase&amp;f=view&amp;caseID=17&amp;version=1"/>
                <label name="story" value="代理列表"/>
                <label name="feature" value="用户管理"/>
                <label name="host" value="DESKTOP-8DI1090"/>
                <label name="thread" value="4520@DESKTOP-8DI1090.main(1)"/>
            </labels>
        </test-case>
        <test-case start="1576288865870" stop="1576288878124" status="broken">
            <name>onlinePlayer</name>
            <title>验证在线玩家踢出功能</title>
            <description type="text">测试踢出玩家功能</description>
            <failure>
                <message>NoSuchElementException: no such element: Unable to locate element: {"method":"xpath","selector":"//*[@id="app"]/div/div[2]/section/div/div[2]/div[1]/div[3]/table/tbody/tr[1]/td[11]/div/button/span"}
  (Session info: chrome=78.0.3904.97)
  (Driver info: chromedriver=78.0.3904.70 (edb9c9f3de0247fd912a77b7f6cae7447f6d3ad5-refs/branch-heads/3904@{#800}),platform=Windows NT 10.0.18363 x86_64) (WARNING: The server did not provide any stacktrace information)
Command duration or timeout: 10.05 seconds
For documentation on this error, please visit: http://seleniumhq.org/exceptions/no_such_element.html
Build info: version: '3.0.0', revision: '350cf60', time: '2016-10-13 10:48:57 -0700'
System info: host: 'DESKTOP-8DI1090', ip: '10.1.101.3', os.name: 'Windows 10', os.arch: 'amd64', os.version: '10.0', java.version: '1.8.0_231'
Driver info: org.openqa.selenium.chrome.ChromeDriver
Capabilities [{mobileEmulationEnabled=false, timeouts={implicit=0, pageLoad=300000, script=30000}, hasTouchScreen=false, platform=XP, acceptSslCerts=false, goog:chromeOptions={debuggerAddress=localhost:50320}, acceptInsecureCerts=false, webStorageEnabled=true, browserName=chrome, takesScreenshot=true, javascriptEnabled=true, setWindowRect=true, unexpectedAlertBehaviour=ignore, applicationCacheEnabled=false, rotatable=false, networkConnectionEnabled=false, chrome={chromedriverVersion=78.0.3904.70 (edb9c9f3de0247fd912a77b7f6cae7447f6d3ad5-refs/branch-heads/3904@{#800}), userDataDir=C:\Users\Owner\AppData\Local\Temp\scoped_dir5656_1867398772}, takesHeapSnapshot=true, pageLoadStrategy=normal, strictFileInteractability=false, databaseEnabled=false, handlesAlerts=true, version=78.0.3904.97, browserConnectionEnabled=false, proxy={}, nativeEvents=true, locationContextEnabled=true, cssSelectorsEnabled=true}]
Session ID: 1f7b0a126d48ed88aad89eef13367101
*** Element info: {Using=xpath, value=//*[@id="app"]/div/div[2]/section/div/div[2]/div[1]/div[3]/table/tbody/tr[1]/td[11]/div/button/span}</message>
                <stack-trace>org.openqa.selenium.NoSuchElementException: no such element: Unable to locate element: {"method":"xpath","selector":"//*[@id="app"]/div/div[2]/section/div/div[2]/div[1]/div[3]/table/tbody/tr[1]/td[11]/div/button/span"}
  (Session info: chrome=78.0.3904.97)
  (Driver info: chromedriver=78.0.3904.70 (edb9c9f3de0247fd912a77b7f6cae7447f6d3ad5-refs/branch-heads/3904@{#800}),platform=Windows NT 10.0.18363 x86_64) (WARNING: The server did not provide any stacktrace information)
Command duration or timeout: 10.05 seconds
For documentation on this error, please visit: http://seleniumhq.org/exceptions/no_such_element.html
Build info: version: '3.0.0', revision: '350cf60', time: '2016-10-13 10:48:57 -0700'
System info: host: 'DESKTOP-8DI1090', ip: '10.1.101.3', os.name: 'Windows 10', os.arch: 'amd64', os.version: '10.0', java.version: '1.8.0_231'
Driver info: org.openqa.selenium.chrome.ChromeDriver
Capabilities [{mobileEmulationEnabled=false, timeouts={implicit=0, pageLoad=300000, script=30000}, hasTouchScreen=false, platform=XP, acceptSslCerts=false, goog:chromeOptions={debuggerAddress=localhost:50320}, acceptInsecureCerts=false, webStorageEnabled=true, browserName=chrome, takesScreenshot=true, javascriptEnabled=true, setWindowRect=true, unexpectedAlertBehaviour=ignore, applicationCacheEnabled=false, rotatable=false, networkConnectionEnabled=false, chrome={chromedriverVersion=78.0.3904.70 (edb9c9f3de0247fd912a77b7f6cae7447f6d3ad5-refs/branch-heads/3904@{#800}), userDataDir=C:\Users\Owner\AppData\Local\Temp\scoped_dir5656_1867398772}, takesHeapSnapshot=true, pageLoadStrategy=normal, strictFileInteractability=false, databaseEnabled=false, handlesAlerts=true, version=78.0.3904.97, browserConnectionEnabled=false, proxy={}, nativeEvents=true, locationContextEnabled=true, cssSelectorsEnabled=true}]
Session ID: 1f7b0a126d48ed88aad89eef13367101
*** Element info: {Using=xpath, value=//*[@id="app"]/div/div[2]/section/div/div[2]/div[1]/div[3]/table/tbody/tr[1]/td[11]/div/button/span}
	at sun.reflect.NativeConstructorAccessorImpl.newInstance0(Native Method)
	at sun.reflect.NativeConstructorAccessorImpl.newInstance(NativeConstructorAccessorImpl.java:62)
	at sun.reflect.DelegatingConstructorAccessorImpl.newInstance(DelegatingConstructorAccessorImpl.java:45)
	at java.lang.reflect.Constructor.newInstance(Constructor.java:423)
	at org.openqa.selenium.remote.ErrorHandler.createThrowable(ErrorHandler.java:216)
	at org.openqa.selenium.remote.ErrorHandler.throwIfResponseFailed(ErrorHandler.java:168)
	at org.openqa.selenium.remote.RemoteWebDriver.execute(RemoteWebDriver.java:635)
	at org.openqa.selenium.remote.RemoteWebDriver.findElement(RemoteWebDriver.java:368)
	at org.openqa.selenium.remote.RemoteWebDriver.findElementByXPath(RemoteWebDriver.java:473)
	at org.openqa.selenium.By$ByXPath.findElement(By.java:361)
	at org.openqa.selenium.remote.RemoteWebDriver.findElement(RemoteWebDriver.java:360)
	at SeleniumMethod.WebDriverUtil.xpathClick(WebDriverUtil.java:308)
	at Backstage.admin.UserManagement.onlinePlayer(UserManagement.java:168)
	at sun.reflect.NativeMethodAccessorImpl.invoke0(Native Method)
	at sun.reflect.NativeMethodAccessorImpl.invoke(NativeMethodAccessorImpl.java:62)
	at sun.reflect.DelegatingMethodAccessorImpl.invoke(DelegatingMethodAccessorImpl.java:43)
	at java.lang.reflect.Method.invoke(Method.java:498)
	at org.testng.internal.MethodInvocationHelper.invokeMethod(MethodInvocationHelper.java:85)
	at org.testng.internal.Invoker.invokeMethod(Invoker.java:639)
	at org.testng.internal.Invoker.invokeTestMethod(Invoker.java:816)
	at org.testng.internal.Invoker.invokeTestMethods(Invoker.java:1124)
	at org.testng.internal.TestMethodWorker.invokeTestMethods(TestMethodWorker.java:125)
	at org.testng.internal.TestMethodWorker.run(TestMethodWorker.java:108)
	at org.testng.TestRunner.privateRun(TestRunner.java:774)
	at org.testng.TestRunner.run(TestRunner.java:624)
	at org.testng.SuiteRunner.runTest(SuiteRunner.java:359)
	at org.testng.SuiteRunner.runSequentially(SuiteRunner.java:354)
	at org.testng.SuiteRunner.privateRun(SuiteRunner.java:312)
	at org.testng.SuiteRunner.run(SuiteRunner.java:261)
	at org.testng.SuiteRunnerWorker.runSuite(SuiteRunnerWorker.java:52)
	at org.testng.SuiteRunnerWorker.run(SuiteRunnerWorker.java:86)
	at org.testng.TestNG.runSuitesSequentially(TestNG.java:1191)
	at org.testng.TestNG.runSuitesLocally(TestNG.java:1116)
	at org.testng.TestNG.run(TestNG.java:1024)
	at org.apache.maven.surefire.testng.TestNGExecutor.run(TestNGExecutor.java:283)
	at org.apache.maven.surefire.testng.TestNGXmlTestSuite.execute(TestNGXmlTestSuite.java:75)
	at org.apache.maven.surefire.testng.TestNGProvider.invoke(TestNGProvider.java:120)
	at org.apache.maven.surefire.booter.ForkedBooter.invokeProviderInSameClassLoader(ForkedBooter.java:386)
	at org.apache.maven.surefire.booter.ForkedBooter.runSuitesInProcess(ForkedBooter.java:323)
	at org.apache.maven.surefire.booter.ForkedBooter.main(ForkedBooter.java:143)
</stack-trace>
            </failure>
            <steps>
                <step start="1576288865871" stop="1576288878097" status="broken">
                    <name>onlinePlayer</name>
                    <title>1.进入用户管理，2.在线玩家点击提出，3.判断是否提出成功</title>
                </step>
            </steps>
            <attachments/>
            <labels>
                <label name="testSuite" value="All Test Suite"/>
                <label name="testGroup" value="平台管理员"/>
                <label name="testClass" value="Backstage.admin.UserManagement"/>
                <label name="testMethod" value="onlinePlayer"/>
                <label name="severity" value="blocker"/>
                <label name="issue" value="http://10.1.101.66:890/index.php?m=testcase&amp;f=view&amp;caseID=18&amp;version=1"/>
                <label name="story" value="在线玩家"/>
                <label name="feature" value="用户管理"/>
                <label name="host" value="DESKTOP-8DI1090"/>
                <label name="thread" value="4520@DESKTOP-8DI1090.main(1)"/>
            </labels>
        </test-case>
        <test-case start="1576288878133" stop="1576288881713" status="passed">
            <name>ReconciliationVip</name>
            <title>验证会员对账差别金额数据第一条数据</title>
            <description type="text">验证会员对账差别金额第一条数据</description>
            <steps>
                <step start="1576288878135" stop="1576288881711" status="passed">
                    <name>ReconciliationVip</name>
                    <title>1.进入会员对账，2.计算对账差别金额</title>
                    <attachments/>
                    <steps/>
                </step>
            </steps>
            <attachments/>
            <labels>
                <label name="testSuite" value="All Test Suite"/>
                <label name="testGroup" value="平台管理员"/>
                <label name="testClass" value="Backstage.admin.FinanceManagement"/>
                <label name="testMethod" value="ReconciliationVip"/>
                <label name="severity" value="blocker"/>
                <label name="issue" value="http://10.1.101.66:890/index.php?m=testcase&amp;f=view&amp;caseID=20&amp;version=1"/>
                <label name="story" value="会员对账"/>
                <label name="feature" value="财务管理"/>
                <label name="host" value="DESKTOP-8DI1090"/>
                <label name="thread" value="4520@DESKTOP-8DI1090.main(1)"/>
            </labels>
        </test-case>
        <test-case start="1576288881715" stop="1576288881985" status="passed">
            <name>ReconciliationVip2</name>
            <title>验证对账差别金额第二条数据</title>
            <description type="text">验证会员对账差别金额第一条数据</description>
            <steps>
                <step start="1576288881716" stop="1576288881984" status="passed">
                    <name>ReconciliationVip2</name>
                    <title>1.进入会员对账，2.计算对账差别金额第二条数据</title>
                    <attachments/>
                    <steps/>
                </step>
            </steps>
            <attachments/>
            <labels>
                <label name="testSuite" value="All Test Suite"/>
                <label name="testGroup" value="平台管理员"/>
                <label name="testClass" value="Backstage.admin.FinanceManagement"/>
                <label name="testMethod" value="ReconciliationVip2"/>
                <label name="severity" value="blocker"/>
                <label name="issue" value="http://10.1.101.66:890/index.php?m=testcase&amp;f=view&amp;caseID=21&amp;version=1"/>
                <label name="story" value="会员对账"/>
                <label name="feature" value="财务管理"/>
                <label name="host" value="DESKTOP-8DI1090"/>
                <label name="thread" value="4520@DESKTOP-8DI1090.main(1)"/>
            </labels>
        </test-case>
        <test-case start="1576288881990" stop="1576288882289" status="failed">
            <name>ReconciliationVip3</name>
            <title>验证会员对账差别金额第三条数据</title>
            <description type="text">验证会员对账差别金额第三条数据</description>
            <failure>
                <message>AssertionError: expected [true] but found [false]</message>
                <stack-trace>java.lang.AssertionError: expected [true] but found [false]
	at org.testng.Assert.fail(Assert.java:94)
	at org.testng.Assert.failNotEquals(Assert.java:496)
	at org.testng.Assert.assertTrue(Assert.java:42)
	at org.testng.Assert.assertTrue(Assert.java:52)
	at Backstage.admin.FinanceManagement.ReconciliationVip3(FinanceManagement.java:218)
	at sun.reflect.NativeMethodAccessorImpl.invoke0(Native Method)
	at sun.reflect.NativeMethodAccessorImpl.invoke(NativeMethodAccessorImpl.java:62)
	at sun.reflect.DelegatingMethodAccessorImpl.invoke(DelegatingMethodAccessorImpl.java:43)
	at java.lang.reflect.Method.invoke(Method.java:498)
	at org.testng.internal.MethodInvocationHelper.invokeMethod(MethodInvocationHelper.java:85)
	at org.testng.internal.Invoker.invokeMethod(Invoker.java:639)
	at org.testng.internal.Invoker.invokeTestMethod(Invoker.java:816)
	at org.testng.internal.Invoker.invokeTestMethods(Invoker.java:1124)
	at org.testng.internal.TestMethodWorker.invokeTestMethods(TestMethodWorker.java:125)
	at org.testng.internal.TestMethodWorker.run(TestMethodWorker.java:108)
	at org.testng.TestRunner.privateRun(TestRunner.java:774)
	at org.testng.TestRunner.run(TestRunner.java:624)
	at org.testng.SuiteRunner.runTest(SuiteRunner.java:359)
	at org.testng.SuiteRunner.runSequentially(SuiteRunner.java:354)
	at org.testng.SuiteRunner.privateRun(SuiteRunner.java:312)
	at org.testng.SuiteRunner.run(SuiteRunner.java:261)
	at org.testng.SuiteRunnerWorker.runSuite(SuiteRunnerWorker.java:52)
	at org.testng.SuiteRunnerWorker.run(SuiteRunnerWorker.java:86)
	at org.testng.TestNG.runSuitesSequentially(TestNG.java:1191)
	at org.testng.TestNG.runSuitesLocally(TestNG.java:1116)
	at org.testng.TestNG.run(TestNG.java:1024)
	at org.apache.maven.surefire.testng.TestNGExecutor.run(TestNGExecutor.java:283)
	at org.apache.maven.surefire.testng.TestNGXmlTestSuite.execute(TestNGXmlTestSuite.java:75)
	at org.apache.maven.surefire.testng.TestNGProvider.invoke(TestNGProvider.java:120)
	at org.apache.maven.surefire.booter.ForkedBooter.invokeProviderInSameClassLoader(ForkedBooter.java:386)
	at org.apache.maven.surefire.booter.ForkedBooter.runSuitesInProcess(ForkedBooter.java:323)
	at org.apache.maven.surefire.booter.ForkedBooter.main(ForkedBooter.java:143)
</stack-trace>
            </failure>
            <steps>
                <step start="1576288881991" stop="1576288882285" status="failed">
                    <name>ReconciliationVip3</name>
                    <title>1.进入会员对账，2.计算对账差别金额第三条数据</title>
                </step>
            </steps>
            <attachments/>
            <labels>
                <label name="testSuite" value="All Test Suite"/>
                <label name="testGroup" value="平台管理员"/>
                <label name="testClass" value="Backstage.admin.FinanceManagement"/>
                <label name="testMethod" value="ReconciliationVip3"/>
                <label name="severity" value="blocker"/>
                <label name="issue" value="http://10.1.101.66:890/index.php?m=testcase&amp;f=view&amp;caseID=22&amp;version=1"/>
                <label name="story" value="会员对账"/>
                <label name="feature" value="财务管理"/>
                <label name="host" value="DESKTOP-8DI1090"/>
                <label name="thread" value="4520@DESKTOP-8DI1090.main(1)"/>
            </labels>
        </test-case>
        <test-case start="1576288882291" stop="1576288883618" status="passed">
            <name>ReconciliationAgent1</name>
            <title>验证代理对账差别金额数据第一条数据</title>
            <description type="text">验证代理对账差别金额第一条数据</description>
            <steps>
                <step start="1576288882292" stop="1576288883616" status="passed">
                    <name>ReconciliationAgent1</name>
                    <title>1.进入财务管理-代理对账，2.验证第一条数据的对账差别金额</title>
                    <attachments/>
                    <steps/>
                </step>
            </steps>
            <attachments/>
            <labels>
                <label name="testSuite" value="All Test Suite"/>
                <label name="testGroup" value="平台管理员"/>
                <label name="testClass" value="Backstage.admin.FinanceManagement"/>
                <label name="testMethod" value="ReconciliationAgent1"/>
                <label name="severity" value="blocker"/>
                <label name="issue" value="http://10.1.101.66:890/index.php?m=testcase&amp;f=view&amp;caseID=23&amp;version=1"/>
                <label name="story" value="代理对账"/>
                <label name="feature" value="财务管理"/>
                <label name="host" value="DESKTOP-8DI1090"/>
                <label name="thread" value="4520@DESKTOP-8DI1090.main(1)"/>
            </labels>
        </test-case>
        <test-case start="1576288883621" stop="1576288886882" status="passed">
            <name>ReconciliationAgent2</name>
            <title>验证代理对账第二条数据</title>
            <description type="text">验证代理对账差别金额第二条数据</description>
            <steps>
                <step start="1576288883621" stop="1576288886878" status="passed">
                    <name>ReconciliationAgent2</name>
                    <title>1.进入财务管理-代理对账，2.验证第二条数据的对账差别金额</title>
                    <attachments/>
                    <steps/>
                </step>
            </steps>
            <attachments/>
            <labels>
                <label name="testSuite" value="All Test Suite"/>
                <label name="testGroup" value="平台管理员"/>
                <label name="testClass" value="Backstage.admin.FinanceManagement"/>
                <label name="testMethod" value="ReconciliationAgent2"/>
                <label name="severity" value="blocker"/>
                <label name="issue" value="http://10.1.101.66:890/index.php?m=testcase&amp;f=view&amp;caseID=24&amp;version=1"/>
                <label name="story" value="代理对账"/>
                <label name="feature" value="财务管理"/>
                <label name="host" value="DESKTOP-8DI1090"/>
                <label name="thread" value="4520@DESKTOP-8DI1090.main(1)"/>
            </labels>
        </test-case>
        <test-case start="1576288886892" stop="1576288893434" status="passed">
            <name>vipNumberToday</name>
            <title>验证总代理报表本月会员数</title>
            <description type="text">测试仪表盘总会员数是否等于会员列表的会员数</description>
            <steps>
                <step start="1576288886895" stop="1576288893433" status="passed">
                    <name>vipNumberToday</name>
                    <title>1.进入报表管理-总代理报表；2.获取zdl本月会员数；3.点击zdl跳转；4.获取跳转后代理报表会员总数</title>
                    <attachments/>
                    <steps/>
                </step>
            </steps>
            <attachments/>
            <labels>
                <label name="testSuite" value="All Test Suite"/>
                <label name="testGroup" value="平台管理员"/>
                <label name="testClass" value="Backstage.admin.ReportManagement"/>
                <label name="testMethod" value="vipNumberToday"/>
                <label name="severity" value="blocker"/>
                <label name="issue" value="http://10.1.101.66:890/index.php?m=testcase&amp;f=view&amp;caseID=25&amp;version=1"/>
                <label name="story" value="总代理报表"/>
                <label name="feature" value="报表管理"/>
                <label name="host" value="DESKTOP-8DI1090"/>
                <label name="thread" value="4520@DESKTOP-8DI1090.main(1)"/>
            </labels>
        </test-case>
        <test-case start="1576288893436" stop="1576288897951" status="passed">
            <name>countTotal</name>
            <title>验证总代理报表本月充值金额</title>
            <description type="text">测试总代理报表本月充值笔数是否等于跳转后的代理报表的充值笔数总和</description>
            <steps>
                <step start="1576288893437" stop="1576288897949" status="passed">
                    <name>countTotal</name>
                    <title>1.进入报表管理-总代理报表；2.获取zdl本月充值笔数；3.点击zdl跳转；4.获取跳转后代理报表充值总数</title>
                    <attachments/>
                    <steps/>
                </step>
            </steps>
            <attachments/>
            <labels>
                <label name="testSuite" value="All Test Suite"/>
                <label name="testGroup" value="平台管理员"/>
                <label name="testClass" value="Backstage.admin.ReportManagement"/>
                <label name="testMethod" value="countTotal"/>
                <label name="severity" value="blocker"/>
                <label name="issue" value="http://10.1.101.66:890/index.php?m=testcase&amp;f=view&amp;caseID=26&amp;version=1"/>
                <label name="story" value="总代理报表"/>
                <label name="feature" value="报表管理"/>
                <label name="host" value="DESKTOP-8DI1090"/>
                <label name="thread" value="4520@DESKTOP-8DI1090.main(1)"/>
            </labels>
        </test-case>
        <test-case start="1576288897954" stop="1576288902662" status="failed">
            <name>betMoneyAgentTotal</name>
            <title>验证总代理报表本月投注金额</title>
            <description type="text">判断总代理报表的投注金额是否等于跳转后的代理报表投注金额总和</description>
            <failure>
                <message>AssertionError: expected [true] but found [false]</message>
                <stack-trace>java.lang.AssertionError: expected [true] but found [false]
	at org.testng.Assert.fail(Assert.java:94)
	at org.testng.Assert.failNotEquals(Assert.java:496)
	at org.testng.Assert.assertTrue(Assert.java:42)
	at org.testng.Assert.assertTrue(Assert.java:52)
	at Backstage.admin.ReportManagement.betMoneyAgentTotal(ReportManagement.java:129)
	at sun.reflect.NativeMethodAccessorImpl.invoke0(Native Method)
	at sun.reflect.NativeMethodAccessorImpl.invoke(NativeMethodAccessorImpl.java:62)
	at sun.reflect.DelegatingMethodAccessorImpl.invoke(DelegatingMethodAccessorImpl.java:43)
	at java.lang.reflect.Method.invoke(Method.java:498)
	at org.testng.internal.MethodInvocationHelper.invokeMethod(MethodInvocationHelper.java:85)
	at org.testng.internal.Invoker.invokeMethod(Invoker.java:639)
	at org.testng.internal.Invoker.invokeTestMethod(Invoker.java:816)
	at org.testng.internal.Invoker.invokeTestMethods(Invoker.java:1124)
	at org.testng.internal.TestMethodWorker.invokeTestMethods(TestMethodWorker.java:125)
	at org.testng.internal.TestMethodWorker.run(TestMethodWorker.java:108)
	at org.testng.TestRunner.privateRun(TestRunner.java:774)
	at org.testng.TestRunner.run(TestRunner.java:624)
	at org.testng.SuiteRunner.runTest(SuiteRunner.java:359)
	at org.testng.SuiteRunner.runSequentially(SuiteRunner.java:354)
	at org.testng.SuiteRunner.privateRun(SuiteRunner.java:312)
	at org.testng.SuiteRunner.run(SuiteRunner.java:261)
	at org.testng.SuiteRunnerWorker.runSuite(SuiteRunnerWorker.java:52)
	at org.testng.SuiteRunnerWorker.run(SuiteRunnerWorker.java:86)
	at org.testng.TestNG.runSuitesSequentially(TestNG.java:1191)
	at org.testng.TestNG.runSuitesLocally(TestNG.java:1116)
	at org.testng.TestNG.run(TestNG.java:1024)
	at org.apache.maven.surefire.testng.TestNGExecutor.run(TestNGExecutor.java:283)
	at org.apache.maven.surefire.testng.TestNGXmlTestSuite.execute(TestNGXmlTestSuite.java:75)
	at org.apache.maven.surefire.testng.TestNGProvider.invoke(TestNGProvider.java:120)
	at org.apache.maven.surefire.booter.ForkedBooter.invokeProviderInSameClassLoader(ForkedBooter.java:386)
	at org.apache.maven.surefire.booter.ForkedBooter.runSuitesInProcess(ForkedBooter.java:323)
	at org.apache.maven.surefire.booter.ForkedBooter.main(ForkedBooter.java:143)
</stack-trace>
            </failure>
            <steps>
                <step start="1576288897955" stop="1576288902657" status="failed">
                    <name>betMoneyAgentTotal</name>
                    <title>1.进入报表管理-总代理报表；2.获取zdl本月投注金额；3.点击zdl跳转；4.获取跳转后代理报表投注金额</title>
                </step>
            </steps>
            <attachments/>
            <labels>
                <label name="testSuite" value="All Test Suite"/>
                <label name="testGroup" value="平台管理员"/>
                <label name="testClass" value="Backstage.admin.ReportManagement"/>
                <label name="testMethod" value="betMoneyAgentTotal"/>
                <label name="severity" value="blocker"/>
                <label name="issue" value="http://10.1.101.66:890/index.php?m=testcase&amp;f=view&amp;caseID=27&amp;version=1"/>
                <label name="story" value="总代理报表"/>
                <label name="feature" value="报表管理"/>
                <label name="host" value="DESKTOP-8DI1090"/>
                <label name="thread" value="4520@DESKTOP-8DI1090.main(1)"/>
            </labels>
        </test-case>
        <test-case start="1576288902667" stop="1576288907230" status="passed">
            <name>winBetMoneyAgentTotal</name>
            <title>验证总代理报表本月赢利投注金额</title>
            <description type="text">判断总代理报表的赢利投注金额是否等于跳转后的代理报表赢利投注金额总和</description>
            <steps>
                <step start="1576288902668" stop="1576288907227" status="passed">
                    <name>winBetMoneyAgentTotal</name>
                    <title>1.进入报表管理-总代理报表；2.获取zdl本月盈利投注金额；3.点击zdl跳转；4.获取跳转后代理报表赢利投注金额</title>
                    <attachments/>
                    <steps/>
                </step>
            </steps>
            <attachments/>
            <labels>
                <label name="testSuite" value="All Test Suite"/>
                <label name="testGroup" value="平台管理员"/>
                <label name="testClass" value="Backstage.admin.ReportManagement"/>
                <label name="testMethod" value="winBetMoneyAgentTotal"/>
                <label name="severity" value="blocker"/>
                <label name="issue" value="http://10.1.101.66:890/index.php?m=testcase&amp;f=view&amp;caseID=28&amp;version=1"/>
                <label name="story" value="总代理报表"/>
                <label name="feature" value="报表管理"/>
                <label name="host" value="DESKTOP-8DI1090"/>
                <label name="thread" value="4520@DESKTOP-8DI1090.main(1)"/>
            </labels>
        </test-case>
        <test-case start="1576288907231" stop="1576288911864" status="passed">
            <name>serviceChargeAgentTotal</name>
            <title>验证总代理报表本月充值优惠/服务费金额</title>
            <description type="text">判断总代理报表的充值优惠/手续费金额是否等于跳转后的代理报表充值优惠/手续费金额总和</description>
            <steps>
                <step start="1576288907232" stop="1576288911861" status="passed">
                    <name>serviceChargeAgentTotal</name>
                    <title>1.进入报表管理-总代理报表；2.获取zdl本月盈利投注金额；3.点击zdl跳转；4.获取跳转后代理报表赢利投注金额</title>
                    <attachments/>
                    <steps/>
                </step>
            </steps>
            <attachments/>
            <labels>
                <label name="testSuite" value="All Test Suite"/>
                <label name="testGroup" value="平台管理员"/>
                <label name="testClass" value="Backstage.admin.ReportManagement"/>
                <label name="testMethod" value="serviceChargeAgentTotal"/>
                <label name="severity" value="blocker"/>
                <label name="issue" value="http://10.1.101.66:890/index.php?m=testcase&amp;f=view&amp;caseID=29&amp;version=1"/>
                <label name="story" value="总代理报表"/>
                <label name="feature" value="报表管理"/>
                <label name="host" value="DESKTOP-8DI1090"/>
                <label name="thread" value="4520@DESKTOP-8DI1090.main(1)"/>
            </labels>
        </test-case>
        <test-case start="1576288911867" stop="1576288916582" status="passed">
            <name>waterBreakAgentTotal</name>
            <title>验证总代理报表本月代理退水金额</title>
            <description type="text">判断总代理报表的代理退水金额是否等于跳转后的代理报表代理退水金额总和</description>
            <steps>
                <step start="1576288911868" stop="1576288916580" status="passed">
                    <name>waterBreakAgentTotal</name>
                    <title>1.进入报表管理-总代理报表；2.获取zdl本月代理退水金额；3.点击zdl跳转；4.获取跳转后代理报表代理退水金额</title>
                    <attachments/>
                    <steps/>
                </step>
            </steps>
            <attachments/>
            <labels>
                <label name="testSuite" value="All Test Suite"/>
                <label name="testGroup" value="平台管理员"/>
                <label name="testClass" value="Backstage.admin.ReportManagement"/>
                <label name="testMethod" value="waterBreakAgentTotal"/>
                <label name="severity" value="blocker"/>
                <label name="issue" value="http://10.1.101.66:890/index.php?m=testcase&amp;f=view&amp;caseID=30&amp;version=1"/>
                <label name="story" value="总代理报表"/>
                <label name="feature" value="报表管理"/>
                <label name="host" value="DESKTOP-8DI1090"/>
                <label name="thread" value="4520@DESKTOP-8DI1090.main(1)"/>
            </labels>
        </test-case>
        <test-case start="1576288916585" stop="1576288921268" status="passed">
            <name>oddsMoneyAgentTotal</name>
            <title>验证总代理报表本月代理赔率金额</title>
            <description type="text">判断总代理报表的代理赔率金额是否等于跳转后的代理报表代理赔率金额总和</description>
            <steps>
                <step start="1576288916587" stop="1576288921265" status="passed">
                    <name>oddsMoneyAgentTotal</name>
                    <title>1.进入报表管理-总代理报表；2.获取zdl本月代理赔率金额；3.点击zdl跳转；4.获取跳转后代理报表代理赔率金额</title>
                    <attachments/>
                    <steps/>
                </step>
            </steps>
            <attachments/>
            <labels>
                <label name="testSuite" value="All Test Suite"/>
                <label name="testGroup" value="平台管理员"/>
                <label name="testClass" value="Backstage.admin.ReportManagement"/>
                <label name="testMethod" value="oddsMoneyAgentTotal"/>
                <label name="severity" value="blocker"/>
                <label name="issue" value="http://10.1.101.66:890/index.php?m=testcase&amp;f=view&amp;caseID=31&amp;version=1"/>
                <label name="story" value="总代理报表"/>
                <label name="feature" value="报表管理"/>
                <label name="host" value="DESKTOP-8DI1090"/>
                <label name="thread" value="4520@DESKTOP-8DI1090.main(1)"/>
            </labels>
        </test-case>
        <test-case start="1576288921273" stop="1576288925977" status="passed">
            <name>loseWinAgentTotal</name>
            <title>验证总代理报表本月会员输赢(不包括退水)金额</title>
            <description type="text">判断总代理报表的会员输赢（不包括退水）金额是否等于跳转后的代理报表会员输赢（不包括退水）金额总和</description>
            <steps>
                <step start="1576288921274" stop="1576288925973" status="passed">
                    <name>loseWinAgentTotal</name>
                    <title>1.进入报表管理-总代理报表；2.获取zdl本月会员输赢（不包括退水）金额；3.点击zdl跳转；4.获取跳转后代理报表会员输赢（不包括退水）金额</title>
                    <attachments/>
                    <steps/>
                </step>
            </steps>
            <attachments/>
            <labels>
                <label name="testSuite" value="All Test Suite"/>
                <label name="testGroup" value="平台管理员"/>
                <label name="testClass" value="Backstage.admin.ReportManagement"/>
                <label name="testMethod" value="loseWinAgentTotal"/>
                <label name="severity" value="blocker"/>
                <label name="issue" value="http://10.1.101.66:890/index.php?m=testcase&amp;f=view&amp;caseID=32&amp;version=1"/>
                <label name="story" value="总代理报表"/>
                <label name="feature" value="报表管理"/>
                <label name="host" value="DESKTOP-8DI1090"/>
                <label name="thread" value="4520@DESKTOP-8DI1090.main(1)"/>
            </labels>
        </test-case>
        <test-case start="1576288925980" stop="1576288931734" status="failed">
            <name>waterBreakPracticeAgentTotal</name>
            <title>验证总代理报表本月实际退水金额</title>
            <description type="text">判断总代理报表的实际退水金额是否等于跳转后的代理报表实际退水金额总和</description>
            <failure>
                <message>AssertionError: expected [true] but found [false]</message>
                <stack-trace>java.lang.AssertionError: expected [true] but found [false]
	at org.testng.Assert.fail(Assert.java:94)
	at org.testng.Assert.failNotEquals(Assert.java:496)
	at org.testng.Assert.assertTrue(Assert.java:42)
	at org.testng.Assert.assertTrue(Assert.java:52)
	at Backstage.admin.ReportManagement.waterBreakPracticeAgentTotal(ReportManagement.java:342)
	at sun.reflect.NativeMethodAccessorImpl.invoke0(Native Method)
	at sun.reflect.NativeMethodAccessorImpl.invoke(NativeMethodAccessorImpl.java:62)
	at sun.reflect.DelegatingMethodAccessorImpl.invoke(DelegatingMethodAccessorImpl.java:43)
	at java.lang.reflect.Method.invoke(Method.java:498)
	at org.testng.internal.MethodInvocationHelper.invokeMethod(MethodInvocationHelper.java:85)
	at org.testng.internal.Invoker.invokeMethod(Invoker.java:639)
	at org.testng.internal.Invoker.invokeTestMethod(Invoker.java:816)
	at org.testng.internal.Invoker.invokeTestMethods(Invoker.java:1124)
	at org.testng.internal.TestMethodWorker.invokeTestMethods(TestMethodWorker.java:125)
	at org.testng.internal.TestMethodWorker.run(TestMethodWorker.java:108)
	at org.testng.TestRunner.privateRun(TestRunner.java:774)
	at org.testng.TestRunner.run(TestRunner.java:624)
	at org.testng.SuiteRunner.runTest(SuiteRunner.java:359)
	at org.testng.SuiteRunner.runSequentially(SuiteRunner.java:354)
	at org.testng.SuiteRunner.privateRun(SuiteRunner.java:312)
	at org.testng.SuiteRunner.run(SuiteRunner.java:261)
	at org.testng.SuiteRunnerWorker.runSuite(SuiteRunnerWorker.java:52)
	at org.testng.SuiteRunnerWorker.run(SuiteRunnerWorker.java:86)
	at org.testng.TestNG.runSuitesSequentially(TestNG.java:1191)
	at org.testng.TestNG.runSuitesLocally(TestNG.java:1116)
	at org.testng.TestNG.run(TestNG.java:1024)
	at org.apache.maven.surefire.testng.TestNGExecutor.run(TestNGExecutor.java:283)
	at org.apache.maven.surefire.testng.TestNGXmlTestSuite.execute(TestNGXmlTestSuite.java:75)
	at org.apache.maven.surefire.testng.TestNGProvider.invoke(TestNGProvider.java:120)
	at org.apache.maven.surefire.booter.ForkedBooter.invokeProviderInSameClassLoader(ForkedBooter.java:386)
	at org.apache.maven.surefire.booter.ForkedBooter.runSuitesInProcess(ForkedBooter.java:323)
	at org.apache.maven.surefire.booter.ForkedBooter.main(ForkedBooter.java:143)
</stack-trace>
            </failure>
            <steps>
                <step start="1576288925982" stop="1576288931729" status="failed">
                    <name>waterBreakPracticeAgentTotal</name>
                    <title>1.进入报表管理-总代理报表；2.获取zdl本月实际退水金额；3.点击zdl跳转；4.获取跳转后代理报表实际退水金额</title>
                </step>
            </steps>
            <attachments/>
            <labels>
                <label name="testSuite" value="All Test Suite"/>
                <label name="testGroup" value="平台管理员"/>
                <label name="testClass" value="Backstage.admin.ReportManagement"/>
                <label name="testMethod" value="waterBreakPracticeAgentTotal"/>
                <label name="severity" value="blocker"/>
                <label name="issue" value="http://10.1.101.66:890/index.php?m=testcase&amp;f=view&amp;caseID=33&amp;version=1"/>
                <label name="story" value="总代理报表"/>
                <label name="feature" value="报表管理"/>
                <label name="host" value="DESKTOP-8DI1090"/>
                <label name="thread" value="4520@DESKTOP-8DI1090.main(1)"/>
            </labels>
        </test-case>
        <test-case start="1576288931738" stop="1576288937392" status="failed">
            <name>loseWinAndWaterAgentTotal</name>
            <title>验证总代理报表本月实际输赢(包括退水)金额</title>
            <description type="text">判断总代理报表的实际输赢(包括退水)金额是否等于跳转后的代理报表实际输赢(包括退水)金额总和</description>
            <failure>
                <message>AssertionError: expected [true] but found [false]</message>
                <stack-trace>java.lang.AssertionError: expected [true] but found [false]
	at org.testng.Assert.fail(Assert.java:94)
	at org.testng.Assert.failNotEquals(Assert.java:496)
	at org.testng.Assert.assertTrue(Assert.java:42)
	at org.testng.Assert.assertTrue(Assert.java:52)
	at Backstage.admin.ReportManagement.loseWinAndWaterAgentTotal(ReportManagement.java:378)
	at sun.reflect.NativeMethodAccessorImpl.invoke0(Native Method)
	at sun.reflect.NativeMethodAccessorImpl.invoke(NativeMethodAccessorImpl.java:62)
	at sun.reflect.DelegatingMethodAccessorImpl.invoke(DelegatingMethodAccessorImpl.java:43)
	at java.lang.reflect.Method.invoke(Method.java:498)
	at org.testng.internal.MethodInvocationHelper.invokeMethod(MethodInvocationHelper.java:85)
	at org.testng.internal.Invoker.invokeMethod(Invoker.java:639)
	at org.testng.internal.Invoker.invokeTestMethod(Invoker.java:816)
	at org.testng.internal.Invoker.invokeTestMethods(Invoker.java:1124)
	at org.testng.internal.TestMethodWorker.invokeTestMethods(TestMethodWorker.java:125)
	at org.testng.internal.TestMethodWorker.run(TestMethodWorker.java:108)
	at org.testng.TestRunner.privateRun(TestRunner.java:774)
	at org.testng.TestRunner.run(TestRunner.java:624)
	at org.testng.SuiteRunner.runTest(SuiteRunner.java:359)
	at org.testng.SuiteRunner.runSequentially(SuiteRunner.java:354)
	at org.testng.SuiteRunner.privateRun(SuiteRunner.java:312)
	at org.testng.SuiteRunner.run(SuiteRunner.java:261)
	at org.testng.SuiteRunnerWorker.runSuite(SuiteRunnerWorker.java:52)
	at org.testng.SuiteRunnerWorker.run(SuiteRunnerWorker.java:86)
	at org.testng.TestNG.runSuitesSequentially(TestNG.java:1191)
	at org.testng.TestNG.runSuitesLocally(TestNG.java:1116)
	at org.testng.TestNG.run(TestNG.java:1024)
	at org.apache.maven.surefire.testng.TestNGExecutor.run(TestNGExecutor.java:283)
	at org.apache.maven.surefire.testng.TestNGXmlTestSuite.execute(TestNGXmlTestSuite.java:75)
	at org.apache.maven.surefire.testng.TestNGProvider.invoke(TestNGProvider.java:120)
	at org.apache.maven.surefire.booter.ForkedBooter.invokeProviderInSameClassLoader(ForkedBooter.java:386)
	at org.apache.maven.surefire.booter.ForkedBooter.runSuitesInProcess(ForkedBooter.java:323)
	at org.apache.maven.surefire.booter.ForkedBooter.main(ForkedBooter.java:143)
</stack-trace>
            </failure>
            <steps>
                <step start="1576288931739" stop="1576288937385" status="failed">
                    <name>loseWinAndWaterAgentTotal</name>
                    <title>1.进入报表管理-总代理报表；2.获取zdl本月实际输赢(包括退水)金额；3.点击zdl跳转；4.获取跳转后代理报表实际输赢(包括退水)金额</title>
                </step>
            </steps>
            <attachments/>
            <labels>
                <label name="testSuite" value="All Test Suite"/>
                <label name="testGroup" value="平台管理员"/>
                <label name="testClass" value="Backstage.admin.ReportManagement"/>
                <label name="testMethod" value="loseWinAndWaterAgentTotal"/>
                <label name="severity" value="blocker"/>
                <label name="issue" value="http://10.1.101.66:890/index.php?m=testcase&amp;f=view&amp;caseID=34&amp;version=1"/>
                <label name="story" value="总代理报表"/>
                <label name="feature" value="报表管理"/>
                <label name="host" value="DESKTOP-8DI1090"/>
                <label name="thread" value="4520@DESKTOP-8DI1090.main(1)"/>
            </labels>
        </test-case>
        <test-case start="1576288937400" stop="1576288941212" status="passed">
            <name>vipNumberAgent</name>
            <title>验证代理报表本月会员数量</title>
            <description type="text">判断代理报表的本月会员数是否等于跳转后的代理报表本月会员数总和</description>
            <steps>
                <step start="1576288937403" stop="1576288941209" status="passed">
                    <name>vipNumberAgent</name>
                    <title>1.进入报表管理-代理报表；2.获取账号dl本月会员数；3.点击dl跳转；4.获取跳转后会员报表本月会员数</title>
                    <attachments/>
                    <steps/>
                </step>
            </steps>
            <attachments/>
            <labels>
                <label name="testSuite" value="All Test Suite"/>
                <label name="testGroup" value="平台管理员"/>
                <label name="testClass" value="Backstage.admin.ReportManagement"/>
                <label name="testMethod" value="vipNumberAgent"/>
                <label name="severity" value="blocker"/>
                <label name="issue" value="http://10.1.101.66:890/index.php?m=testcase&amp;f=view&amp;caseID=35&amp;version=1"/>
                <label name="story" value="代理报表"/>
                <label name="feature" value="报表管理"/>
                <label name="host" value="DESKTOP-8DI1090"/>
                <label name="thread" value="4520@DESKTOP-8DI1090.main(1)"/>
            </labels>
        </test-case>
        <test-case start="1576288941216" stop="1576288945387" status="failed">
            <name>rechargeMoneyAgent</name>
            <title>验证代理报表本月充值金额</title>
            <description type="text">判断代理报表的本月充值金额是否等于跳转后的代理报表本月充值金额总和</description>
            <failure>
                <message>AssertionError: expected [true] but found [false]</message>
                <stack-trace>java.lang.AssertionError: expected [true] but found [false]
	at org.testng.Assert.fail(Assert.java:94)
	at org.testng.Assert.failNotEquals(Assert.java:496)
	at org.testng.Assert.assertTrue(Assert.java:42)
	at org.testng.Assert.assertTrue(Assert.java:52)
	at Backstage.admin.ReportManagement.rechargeMoneyAgent(ReportManagement.java:458)
	at sun.reflect.NativeMethodAccessorImpl.invoke0(Native Method)
	at sun.reflect.NativeMethodAccessorImpl.invoke(NativeMethodAccessorImpl.java:62)
	at sun.reflect.DelegatingMethodAccessorImpl.invoke(DelegatingMethodAccessorImpl.java:43)
	at java.lang.reflect.Method.invoke(Method.java:498)
	at org.testng.internal.MethodInvocationHelper.invokeMethod(MethodInvocationHelper.java:85)
	at org.testng.internal.Invoker.invokeMethod(Invoker.java:639)
	at org.testng.internal.Invoker.invokeTestMethod(Invoker.java:816)
	at org.testng.internal.Invoker.invokeTestMethods(Invoker.java:1124)
	at org.testng.internal.TestMethodWorker.invokeTestMethods(TestMethodWorker.java:125)
	at org.testng.internal.TestMethodWorker.run(TestMethodWorker.java:108)
	at org.testng.TestRunner.privateRun(TestRunner.java:774)
	at org.testng.TestRunner.run(TestRunner.java:624)
	at org.testng.SuiteRunner.runTest(SuiteRunner.java:359)
	at org.testng.SuiteRunner.runSequentially(SuiteRunner.java:354)
	at org.testng.SuiteRunner.privateRun(SuiteRunner.java:312)
	at org.testng.SuiteRunner.run(SuiteRunner.java:261)
	at org.testng.SuiteRunnerWorker.runSuite(SuiteRunnerWorker.java:52)
	at org.testng.SuiteRunnerWorker.run(SuiteRunnerWorker.java:86)
	at org.testng.TestNG.runSuitesSequentially(TestNG.java:1191)
	at org.testng.TestNG.runSuitesLocally(TestNG.java:1116)
	at org.testng.TestNG.run(TestNG.java:1024)
	at org.apache.maven.surefire.testng.TestNGExecutor.run(TestNGExecutor.java:283)
	at org.apache.maven.surefire.testng.TestNGXmlTestSuite.execute(TestNGXmlTestSuite.java:75)
	at org.apache.maven.surefire.testng.TestNGProvider.invoke(TestNGProvider.java:120)
	at org.apache.maven.surefire.booter.ForkedBooter.invokeProviderInSameClassLoader(ForkedBooter.java:386)
	at org.apache.maven.surefire.booter.ForkedBooter.runSuitesInProcess(ForkedBooter.java:323)
	at org.apache.maven.surefire.booter.ForkedBooter.main(ForkedBooter.java:143)
</stack-trace>
            </failure>
            <steps>
                <step start="1576288941217" stop="1576288945381" status="failed">
                    <name>rechargeMoneyAgent</name>
                    <title>1.进入报表管理-代理报表；2.获取账号dl本月充值金额；3.点击dl跳转；4.获取跳转后会员报表本月充值金额</title>
                </step>
            </steps>
            <attachments/>
            <labels>
                <label name="testSuite" value="All Test Suite"/>
                <label name="testGroup" value="平台管理员"/>
                <label name="testClass" value="Backstage.admin.ReportManagement"/>
                <label name="testMethod" value="rechargeMoneyAgent"/>
                <label name="severity" value="blocker"/>
                <label name="issue" value="http://10.1.101.66:890/index.php?m=testcase&amp;f=view&amp;caseID=36&amp;version=1"/>
                <label name="story" value="代理报表"/>
                <label name="feature" value="报表管理"/>
                <label name="host" value="DESKTOP-8DI1090"/>
                <label name="thread" value="4520@DESKTOP-8DI1090.main(1)"/>
            </labels>
        </test-case>
        <test-case start="1576288945396" stop="1576288949648" status="failed">
            <name>countAgent</name>
            <title>验证代理报表本月充值笔数</title>
            <description type="text">判断代理报表的本月笔数是否等于跳转后的代理报表本月笔数总和</description>
            <failure>
                <message>AssertionError: expected [true] but found [false]</message>
                <stack-trace>java.lang.AssertionError: expected [true] but found [false]
	at org.testng.Assert.fail(Assert.java:94)
	at org.testng.Assert.failNotEquals(Assert.java:496)
	at org.testng.Assert.assertTrue(Assert.java:42)
	at org.testng.Assert.assertTrue(Assert.java:52)
	at Backstage.admin.ReportManagement.countAgent(ReportManagement.java:494)
	at sun.reflect.NativeMethodAccessorImpl.invoke0(Native Method)
	at sun.reflect.NativeMethodAccessorImpl.invoke(NativeMethodAccessorImpl.java:62)
	at sun.reflect.DelegatingMethodAccessorImpl.invoke(DelegatingMethodAccessorImpl.java:43)
	at java.lang.reflect.Method.invoke(Method.java:498)
	at org.testng.internal.MethodInvocationHelper.invokeMethod(MethodInvocationHelper.java:85)
	at org.testng.internal.Invoker.invokeMethod(Invoker.java:639)
	at org.testng.internal.Invoker.invokeTestMethod(Invoker.java:816)
	at org.testng.internal.Invoker.invokeTestMethods(Invoker.java:1124)
	at org.testng.internal.TestMethodWorker.invokeTestMethods(TestMethodWorker.java:125)
	at org.testng.internal.TestMethodWorker.run(TestMethodWorker.java:108)
	at org.testng.TestRunner.privateRun(TestRunner.java:774)
	at org.testng.TestRunner.run(TestRunner.java:624)
	at org.testng.SuiteRunner.runTest(SuiteRunner.java:359)
	at org.testng.SuiteRunner.runSequentially(SuiteRunner.java:354)
	at org.testng.SuiteRunner.privateRun(SuiteRunner.java:312)
	at org.testng.SuiteRunner.run(SuiteRunner.java:261)
	at org.testng.SuiteRunnerWorker.runSuite(SuiteRunnerWorker.java:52)
	at org.testng.SuiteRunnerWorker.run(SuiteRunnerWorker.java:86)
	at org.testng.TestNG.runSuitesSequentially(TestNG.java:1191)
	at org.testng.TestNG.runSuitesLocally(TestNG.java:1116)
	at org.testng.TestNG.run(TestNG.java:1024)
	at org.apache.maven.surefire.testng.TestNGExecutor.run(TestNGExecutor.java:283)
	at org.apache.maven.surefire.testng.TestNGXmlTestSuite.execute(TestNGXmlTestSuite.java:75)
	at org.apache.maven.surefire.testng.TestNGProvider.invoke(TestNGProvider.java:120)
	at org.apache.maven.surefire.booter.ForkedBooter.invokeProviderInSameClassLoader(ForkedBooter.java:386)
	at org.apache.maven.surefire.booter.ForkedBooter.runSuitesInProcess(ForkedBooter.java:323)
	at org.apache.maven.surefire.booter.ForkedBooter.main(ForkedBooter.java:143)
</stack-trace>
            </failure>
            <steps>
                <step start="1576288945399" stop="1576288949644" status="failed">
                    <name>countAgent</name>
                    <title>1.进入报表管理-代理报表；2.获取账号dl本月笔数；3.点击dl跳转；4.获取跳转后会员报表本月笔数金额</title>
                </step>
            </steps>
            <attachments/>
            <labels>
                <label name="testSuite" value="All Test Suite"/>
                <label name="testGroup" value="平台管理员"/>
                <label name="testClass" value="Backstage.admin.ReportManagement"/>
                <label name="testMethod" value="countAgent"/>
                <label name="severity" value="blocker"/>
                <label name="issue" value="http://10.1.101.66:890/index.php?m=testcase&amp;f=view&amp;caseID=37&amp;version=1"/>
                <label name="story" value="代理报表"/>
                <label name="feature" value="报表管理"/>
                <label name="host" value="DESKTOP-8DI1090"/>
                <label name="thread" value="4520@DESKTOP-8DI1090.main(1)"/>
            </labels>
        </test-case>
        <test-case start="1576288949651" stop="1576288953741" status="failed">
            <name>betMoneyAgentReport</name>
            <title>验证代理报表本月投注金额</title>
            <description type="text">判断代理报表的本月投注金额是否等于跳转后的代理报表本月投注金额总和</description>
            <failure>
                <message>AssertionError: expected [true] but found [false]</message>
                <stack-trace>java.lang.AssertionError: expected [true] but found [false]
	at org.testng.Assert.fail(Assert.java:94)
	at org.testng.Assert.failNotEquals(Assert.java:496)
	at org.testng.Assert.assertTrue(Assert.java:42)
	at org.testng.Assert.assertTrue(Assert.java:52)
	at Backstage.admin.ReportManagement.betMoneyAgentReport(ReportManagement.java:530)
	at sun.reflect.NativeMethodAccessorImpl.invoke0(Native Method)
	at sun.reflect.NativeMethodAccessorImpl.invoke(NativeMethodAccessorImpl.java:62)
	at sun.reflect.DelegatingMethodAccessorImpl.invoke(DelegatingMethodAccessorImpl.java:43)
	at java.lang.reflect.Method.invoke(Method.java:498)
	at org.testng.internal.MethodInvocationHelper.invokeMethod(MethodInvocationHelper.java:85)
	at org.testng.internal.Invoker.invokeMethod(Invoker.java:639)
	at org.testng.internal.Invoker.invokeTestMethod(Invoker.java:816)
	at org.testng.internal.Invoker.invokeTestMethods(Invoker.java:1124)
	at org.testng.internal.TestMethodWorker.invokeTestMethods(TestMethodWorker.java:125)
	at org.testng.internal.TestMethodWorker.run(TestMethodWorker.java:108)
	at org.testng.TestRunner.privateRun(TestRunner.java:774)
	at org.testng.TestRunner.run(TestRunner.java:624)
	at org.testng.SuiteRunner.runTest(SuiteRunner.java:359)
	at org.testng.SuiteRunner.runSequentially(SuiteRunner.java:354)
	at org.testng.SuiteRunner.privateRun(SuiteRunner.java:312)
	at org.testng.SuiteRunner.run(SuiteRunner.java:261)
	at org.testng.SuiteRunnerWorker.runSuite(SuiteRunnerWorker.java:52)
	at org.testng.SuiteRunnerWorker.run(SuiteRunnerWorker.java:86)
	at org.testng.TestNG.runSuitesSequentially(TestNG.java:1191)
	at org.testng.TestNG.runSuitesLocally(TestNG.java:1116)
	at org.testng.TestNG.run(TestNG.java:1024)
	at org.apache.maven.surefire.testng.TestNGExecutor.run(TestNGExecutor.java:283)
	at org.apache.maven.surefire.testng.TestNGXmlTestSuite.execute(TestNGXmlTestSuite.java:75)
	at org.apache.maven.surefire.testng.TestNGProvider.invoke(TestNGProvider.java:120)
	at org.apache.maven.surefire.booter.ForkedBooter.invokeProviderInSameClassLoader(ForkedBooter.java:386)
	at org.apache.maven.surefire.booter.ForkedBooter.runSuitesInProcess(ForkedBooter.java:323)
	at org.apache.maven.surefire.booter.ForkedBooter.main(ForkedBooter.java:143)
</stack-trace>
            </failure>
            <steps>
                <step start="1576288949652" stop="1576288953739" status="failed">
                    <name>betMoneyAgentReport</name>
                    <title>1.进入报表管理-代理报表；2.获取账号dl本月投注金额；3.点击dl跳转；4.获取跳转后会员报表本月投注金额</title>
                </step>
            </steps>
            <attachments/>
            <labels>
                <label name="testSuite" value="All Test Suite"/>
                <label name="testGroup" value="平台管理员"/>
                <label name="testClass" value="Backstage.admin.ReportManagement"/>
                <label name="testMethod" value="betMoneyAgentReport"/>
                <label name="severity" value="blocker"/>
                <label name="issue" value="http://10.1.101.66:890/index.php?m=testcase&amp;f=view&amp;caseID=38&amp;version=1"/>
                <label name="story" value="代理报表"/>
                <label name="feature" value="报表管理"/>
                <label name="host" value="DESKTOP-8DI1090"/>
                <label name="thread" value="4520@DESKTOP-8DI1090.main(1)"/>
            </labels>
        </test-case>
        <test-case start="1576288953743" stop="1576288957862" status="passed">
            <name>winBetMoneyAgentReport</name>
            <title>验证代理报表本月赢利投注金额</title>
            <description type="text">判断代理报表的本月赢利投注金额是否等于跳转后的代理报表本月赢利投注金额总和</description>
            <steps>
                <step start="1576288953743" stop="1576288957860" status="passed">
                    <name>winBetMoneyAgentReport</name>
                    <title>1.进入报表管理-代理报表；2.获取账号dl本月赢利投注金额；3.点击dl跳转；4.获取跳转后会员报表本月赢利投注金额</title>
                    <attachments/>
                    <steps/>
                </step>
            </steps>
            <attachments/>
            <labels>
                <label name="testSuite" value="All Test Suite"/>
                <label name="testGroup" value="平台管理员"/>
                <label name="testClass" value="Backstage.admin.ReportManagement"/>
                <label name="testMethod" value="winBetMoneyAgentReport"/>
                <label name="severity" value="blocker"/>
                <label name="issue" value="http://10.1.101.66:890/index.php?m=testcase&amp;f=view&amp;caseID=39&amp;version=1"/>
                <label name="story" value="代理报表"/>
                <label name="feature" value="报表管理"/>
                <label name="host" value="DESKTOP-8DI1090"/>
                <label name="thread" value="4520@DESKTOP-8DI1090.main(1)"/>
            </labels>
        </test-case>
        <test-case start="1576288957865" stop="1576288962038" status="passed">
            <name>serviceMoneyAgent</name>
            <title>验证代理报表本月充值优惠/手续费</title>
            <description type="text">判断代理报表的本月充值优惠/手续费金额是否等于跳转后的代理报表本月充值优惠/手续费金额总和</description>
            <steps>
                <step start="1576288957866" stop="1576288962036" status="passed">
                    <name>serviceMoneyAgent</name>
                    <title>1.进入报表管理-代理报表；2.获取账号dl本月充值优惠/手续费金额；3.点击dl跳转；4.获取跳转后会员报表本月充值优惠/手续费金额</title>
                    <attachments/>
                    <steps/>
                </step>
            </steps>
            <attachments/>
            <labels>
                <label name="testSuite" value="All Test Suite"/>
                <label name="testGroup" value="平台管理员"/>
                <label name="testClass" value="Backstage.admin.ReportManagement"/>
                <label name="testMethod" value="serviceMoneyAgent"/>
                <label name="severity" value="blocker"/>
                <label name="issue" value="http://10.1.101.66:890/index.php?m=testcase&amp;f=view&amp;caseID=40&amp;version=1"/>
                <label name="story" value="代理报表"/>
                <label name="feature" value="报表管理"/>
                <label name="host" value="DESKTOP-8DI1090"/>
                <label name="thread" value="4520@DESKTOP-8DI1090.main(1)"/>
            </labels>
        </test-case>
        <test-case start="1576288962039" stop="1576288966181" status="passed">
            <name>oddsAgent</name>
            <title>验证代理报表本月代理赔率金额</title>
            <description type="text">判断代理报表的本月代理赔率金额是否等于跳转后的代理报表本月代理赔率金额总和</description>
            <steps>
                <step start="1576288962040" stop="1576288966177" status="passed">
                    <name>oddsAgent</name>
                    <title>1.进入报表管理-代理报表；2.获取账号dl本月代理赔率金额；3.点击dl跳转；4.获取跳转后会员报表本月代理赔率金额</title>
                    <attachments/>
                    <steps/>
                </step>
            </steps>
            <attachments/>
            <labels>
                <label name="testSuite" value="All Test Suite"/>
                <label name="testGroup" value="平台管理员"/>
                <label name="testClass" value="Backstage.admin.ReportManagement"/>
                <label name="testMethod" value="oddsAgent"/>
                <label name="severity" value="blocker"/>
                <label name="issue" value="http://10.1.101.66:890/index.php?m=testcase&amp;f=view&amp;caseID=41&amp;version=1"/>
                <label name="story" value="代理报表"/>
                <label name="feature" value="报表管理"/>
                <label name="host" value="DESKTOP-8DI1090"/>
                <label name="thread" value="4520@DESKTOP-8DI1090.main(1)"/>
            </labels>
        </test-case>
        <test-case start="1576288966185" stop="1576288970406" status="failed">
            <name>waterBreakMoneyAgent</name>
            <title>验证代理报表本月代理退水金额</title>
            <description type="text">判断代理报表的本月代理退水金额是否等于跳转后的代理报表本月代理退水金额总和</description>
            <failure>
                <message>AssertionError: expected [true] but found [false]</message>
                <stack-trace>java.lang.AssertionError: expected [true] but found [false]
	at org.testng.Assert.fail(Assert.java:94)
	at org.testng.Assert.failNotEquals(Assert.java:496)
	at org.testng.Assert.assertTrue(Assert.java:42)
	at org.testng.Assert.assertTrue(Assert.java:52)
	at Backstage.admin.ReportManagement.waterBreakMoneyAgent(ReportManagement.java:674)
	at sun.reflect.NativeMethodAccessorImpl.invoke0(Native Method)
	at sun.reflect.NativeMethodAccessorImpl.invoke(NativeMethodAccessorImpl.java:62)
	at sun.reflect.DelegatingMethodAccessorImpl.invoke(DelegatingMethodAccessorImpl.java:43)
	at java.lang.reflect.Method.invoke(Method.java:498)
	at org.testng.internal.MethodInvocationHelper.invokeMethod(MethodInvocationHelper.java:85)
	at org.testng.internal.Invoker.invokeMethod(Invoker.java:639)
	at org.testng.internal.Invoker.invokeTestMethod(Invoker.java:816)
	at org.testng.internal.Invoker.invokeTestMethods(Invoker.java:1124)
	at org.testng.internal.TestMethodWorker.invokeTestMethods(TestMethodWorker.java:125)
	at org.testng.internal.TestMethodWorker.run(TestMethodWorker.java:108)
	at org.testng.TestRunner.privateRun(TestRunner.java:774)
	at org.testng.TestRunner.run(TestRunner.java:624)
	at org.testng.SuiteRunner.runTest(SuiteRunner.java:359)
	at org.testng.SuiteRunner.runSequentially(SuiteRunner.java:354)
	at org.testng.SuiteRunner.privateRun(SuiteRunner.java:312)
	at org.testng.SuiteRunner.run(SuiteRunner.java:261)
	at org.testng.SuiteRunnerWorker.runSuite(SuiteRunnerWorker.java:52)
	at org.testng.SuiteRunnerWorker.run(SuiteRunnerWorker.java:86)
	at org.testng.TestNG.runSuitesSequentially(TestNG.java:1191)
	at org.testng.TestNG.runSuitesLocally(TestNG.java:1116)
	at org.testng.TestNG.run(TestNG.java:1024)
	at org.apache.maven.surefire.testng.TestNGExecutor.run(TestNGExecutor.java:283)
	at org.apache.maven.surefire.testng.TestNGXmlTestSuite.execute(TestNGXmlTestSuite.java:75)
	at org.apache.maven.surefire.testng.TestNGProvider.invoke(TestNGProvider.java:120)
	at org.apache.maven.surefire.booter.ForkedBooter.invokeProviderInSameClassLoader(ForkedBooter.java:386)
	at org.apache.maven.surefire.booter.ForkedBooter.runSuitesInProcess(ForkedBooter.java:323)
	at org.apache.maven.surefire.booter.ForkedBooter.main(ForkedBooter.java:143)
</stack-trace>
            </failure>
            <steps>
                <step start="1576288966186" stop="1576288970403" status="failed">
                    <name>waterBreakMoneyAgent</name>
                    <title>1.进入报表管理-代理报表；2.获取账号dl本月代理退水金额；3.点击dl跳转；4.获取跳转后会员报表本月代理退水金额</title>
                </step>
            </steps>
            <attachments/>
            <labels>
                <label name="testSuite" value="All Test Suite"/>
                <label name="testGroup" value="平台管理员"/>
                <label name="testClass" value="Backstage.admin.ReportManagement"/>
                <label name="testMethod" value="waterBreakMoneyAgent"/>
                <label name="severity" value="blocker"/>
                <label name="issue" value="http://10.1.101.66:890/index.php?m=testcase&amp;f=view&amp;caseID=42&amp;version=1"/>
                <label name="story" value="代理报表"/>
                <label name="feature" value="报表管理"/>
                <label name="host" value="DESKTOP-8DI1090"/>
                <label name="thread" value="4520@DESKTOP-8DI1090.main(1)"/>
            </labels>
        </test-case>
        <test-case start="1576288970408" stop="1576288974364" status="passed">
            <name>winLoseNotWaterAgent</name>
            <title>验证代理报表本月实际输赢（不包括退水）</title>
            <description type="text">判断代理报表的本月会员输赢（不包括退水）是否等于跳转后的代理报表本月会员输赢（不包括退水）总和</description>
            <steps>
                <step start="1576288970408" stop="1576288974360" status="passed">
                    <name>winLoseNotWaterAgent</name>
                    <title>1.进入报表管理-代理报表；2.获取账号dl本月代理退水金额；3.点击dl跳转；4.获取跳转后会员报表本月代理退水金额</title>
                    <attachments/>
                    <steps/>
                </step>
            </steps>
            <attachments/>
            <labels>
                <label name="testSuite" value="All Test Suite"/>
                <label name="testGroup" value="平台管理员"/>
                <label name="testClass" value="Backstage.admin.ReportManagement"/>
                <label name="testMethod" value="winLoseNotWaterAgent"/>
                <label name="severity" value="blocker"/>
                <label name="issue" value="http://10.1.101.66:890/index.php?m=testcase&amp;f=view&amp;caseID=43&amp;version=1"/>
                <label name="story" value="代理报表"/>
                <label name="feature" value="报表管理"/>
                <label name="host" value="DESKTOP-8DI1090"/>
                <label name="thread" value="4520@DESKTOP-8DI1090.main(1)"/>
            </labels>
        </test-case>
        <test-case start="1576288974367" stop="1576288979461" status="failed">
            <name>winLoseWaterAgent</name>
            <title>验证代理报表本月实际输赢（包括退水）</title>
            <description type="text">判断代理报表的本月会员输赢（包括退水）是否等于跳转后的代理报表本月会员输赢（包括退水）总和</description>
            <failure>
                <message>AssertionError: expected [true] but found [false]</message>
                <stack-trace>java.lang.AssertionError: expected [true] but found [false]
	at org.testng.Assert.fail(Assert.java:94)
	at org.testng.Assert.failNotEquals(Assert.java:496)
	at org.testng.Assert.assertTrue(Assert.java:42)
	at org.testng.Assert.assertTrue(Assert.java:52)
	at Backstage.admin.ReportManagement.winLoseWaterAgent(ReportManagement.java:746)
	at sun.reflect.NativeMethodAccessorImpl.invoke0(Native Method)
	at sun.reflect.NativeMethodAccessorImpl.invoke(NativeMethodAccessorImpl.java:62)
	at sun.reflect.DelegatingMethodAccessorImpl.invoke(DelegatingMethodAccessorImpl.java:43)
	at java.lang.reflect.Method.invoke(Method.java:498)
	at org.testng.internal.MethodInvocationHelper.invokeMethod(MethodInvocationHelper.java:85)
	at org.testng.internal.Invoker.invokeMethod(Invoker.java:639)
	at org.testng.internal.Invoker.invokeTestMethod(Invoker.java:816)
	at org.testng.internal.Invoker.invokeTestMethods(Invoker.java:1124)
	at org.testng.internal.TestMethodWorker.invokeTestMethods(TestMethodWorker.java:125)
	at org.testng.internal.TestMethodWorker.run(TestMethodWorker.java:108)
	at org.testng.TestRunner.privateRun(TestRunner.java:774)
	at org.testng.TestRunner.run(TestRunner.java:624)
	at org.testng.SuiteRunner.runTest(SuiteRunner.java:359)
	at org.testng.SuiteRunner.runSequentially(SuiteRunner.java:354)
	at org.testng.SuiteRunner.privateRun(SuiteRunner.java:312)
	at org.testng.SuiteRunner.run(SuiteRunner.java:261)
	at org.testng.SuiteRunnerWorker.runSuite(SuiteRunnerWorker.java:52)
	at org.testng.SuiteRunnerWorker.run(SuiteRunnerWorker.java:86)
	at org.testng.TestNG.runSuitesSequentially(TestNG.java:1191)
	at org.testng.TestNG.runSuitesLocally(TestNG.java:1116)
	at org.testng.TestNG.run(TestNG.java:1024)
	at org.apache.maven.surefire.testng.TestNGExecutor.run(TestNGExecutor.java:283)
	at org.apache.maven.surefire.testng.TestNGXmlTestSuite.execute(TestNGXmlTestSuite.java:75)
	at org.apache.maven.surefire.testng.TestNGProvider.invoke(TestNGProvider.java:120)
	at org.apache.maven.surefire.booter.ForkedBooter.invokeProviderInSameClassLoader(ForkedBooter.java:386)
	at org.apache.maven.surefire.booter.ForkedBooter.runSuitesInProcess(ForkedBooter.java:323)
	at org.apache.maven.surefire.booter.ForkedBooter.main(ForkedBooter.java:143)
</stack-trace>
            </failure>
            <steps>
                <step start="1576288974392" stop="1576288979458" status="failed">
                    <name>winLoseWaterAgent</name>
                    <title>1.进入报表管理-代理报表；2.获取账号dl本月代理退水金额；3.点击dl跳转；4.获取跳转后会员报表本月代理退水金额</title>
                </step>
            </steps>
            <attachments/>
            <labels>
                <label name="testSuite" value="All Test Suite"/>
                <label name="testGroup" value="平台管理员"/>
                <label name="testClass" value="Backstage.admin.ReportManagement"/>
                <label name="testMethod" value="winLoseWaterAgent"/>
                <label name="severity" value="blocker"/>
                <label name="issue" value="http://10.1.101.66:890/index.php?m=testcase&amp;f=view&amp;caseID=44&amp;version=1"/>
                <label name="story" value="代理报表"/>
                <label name="feature" value="报表管理"/>
                <label name="host" value="DESKTOP-8DI1090"/>
                <label name="thread" value="4520@DESKTOP-8DI1090.main(1)"/>
            </labels>
        </test-case>
        <test-case start="1576288979463" stop="1576288984498" status="failed">
            <name>waterBreakMoneyActivityAgent</name>
            <title>验证代理报表本月实际退水金额</title>
            <description type="text">判断代理报表的本月代理实际退水是否等于跳转后的代理报表本月代理实际退水总和</description>
            <failure>
                <message>AssertionError: expected [true] but found [false]</message>
                <stack-trace>java.lang.AssertionError: expected [true] but found [false]
	at org.testng.Assert.fail(Assert.java:94)
	at org.testng.Assert.failNotEquals(Assert.java:496)
	at org.testng.Assert.assertTrue(Assert.java:42)
	at org.testng.Assert.assertTrue(Assert.java:52)
	at Backstage.admin.ReportManagement.waterBreakMoneyActivityAgent(ReportManagement.java:781)
	at sun.reflect.NativeMethodAccessorImpl.invoke0(Native Method)
	at sun.reflect.NativeMethodAccessorImpl.invoke(NativeMethodAccessorImpl.java:62)
	at sun.reflect.DelegatingMethodAccessorImpl.invoke(DelegatingMethodAccessorImpl.java:43)
	at java.lang.reflect.Method.invoke(Method.java:498)
	at org.testng.internal.MethodInvocationHelper.invokeMethod(MethodInvocationHelper.java:85)
	at org.testng.internal.Invoker.invokeMethod(Invoker.java:639)
	at org.testng.internal.Invoker.invokeTestMethod(Invoker.java:816)
	at org.testng.internal.Invoker.invokeTestMethods(Invoker.java:1124)
	at org.testng.internal.TestMethodWorker.invokeTestMethods(TestMethodWorker.java:125)
	at org.testng.internal.TestMethodWorker.run(TestMethodWorker.java:108)
	at org.testng.TestRunner.privateRun(TestRunner.java:774)
	at org.testng.TestRunner.run(TestRunner.java:624)
	at org.testng.SuiteRunner.runTest(SuiteRunner.java:359)
	at org.testng.SuiteRunner.runSequentially(SuiteRunner.java:354)
	at org.testng.SuiteRunner.privateRun(SuiteRunner.java:312)
	at org.testng.SuiteRunner.run(SuiteRunner.java:261)
	at org.testng.SuiteRunnerWorker.runSuite(SuiteRunnerWorker.java:52)
	at org.testng.SuiteRunnerWorker.run(SuiteRunnerWorker.java:86)
	at org.testng.TestNG.runSuitesSequentially(TestNG.java:1191)
	at org.testng.TestNG.runSuitesLocally(TestNG.java:1116)
	at org.testng.TestNG.run(TestNG.java:1024)
	at org.apache.maven.surefire.testng.TestNGExecutor.run(TestNGExecutor.java:283)
	at org.apache.maven.surefire.testng.TestNGXmlTestSuite.execute(TestNGXmlTestSuite.java:75)
	at org.apache.maven.surefire.testng.TestNGProvider.invoke(TestNGProvider.java:120)
	at org.apache.maven.surefire.booter.ForkedBooter.invokeProviderInSameClassLoader(ForkedBooter.java:386)
	at org.apache.maven.surefire.booter.ForkedBooter.runSuitesInProcess(ForkedBooter.java:323)
	at org.apache.maven.surefire.booter.ForkedBooter.main(ForkedBooter.java:143)
</stack-trace>
            </failure>
            <steps>
                <step start="1576288979464" stop="1576288984495" status="failed">
                    <name>waterBreakMoneyActivityAgent</name>
                    <title>1.进入报表管理-代理报表；2.获取账号dl本月代理退水金额；3.点击dl跳转；4.获取跳转后会员报表本月代理退水金额</title>
                </step>
            </steps>
            <attachments/>
            <labels>
                <label name="testSuite" value="All Test Suite"/>
                <label name="testGroup" value="平台管理员"/>
                <label name="testClass" value="Backstage.admin.ReportManagement"/>
                <label name="testMethod" value="waterBreakMoneyActivityAgent"/>
                <label name="severity" value="blocker"/>
                <label name="issue" value="http://10.1.101.66:890/index.php?m=testcase&amp;f=view&amp;caseID=45&amp;version=1"/>
                <label name="story" value="代理报表"/>
                <label name="feature" value="报表管理"/>
                <label name="host" value="DESKTOP-8DI1090"/>
                <label name="thread" value="4520@DESKTOP-8DI1090.main(1)"/>
            </labels>
        </test-case>
        <test-case start="1576288984501" stop="1576288994652" status="failed">
            <name>rechargeMoneyVip</name>
            <title>验证会员报表本月充值金额</title>
            <description type="text">判断会员报表的充值金额是否等于该会员充值记录的充值总计</description>
            <failure>
                <message>AssertionError: expected [true] but found [false]</message>
                <stack-trace>java.lang.AssertionError: expected [true] but found [false]
	at org.testng.Assert.fail(Assert.java:94)
	at org.testng.Assert.failNotEquals(Assert.java:496)
	at org.testng.Assert.assertTrue(Assert.java:42)
	at org.testng.Assert.assertTrue(Assert.java:52)
	at Backstage.admin.ReportManagement.rechargeMoneyVip(ReportManagement.java:837)
	at sun.reflect.NativeMethodAccessorImpl.invoke0(Native Method)
	at sun.reflect.NativeMethodAccessorImpl.invoke(NativeMethodAccessorImpl.java:62)
	at sun.reflect.DelegatingMethodAccessorImpl.invoke(DelegatingMethodAccessorImpl.java:43)
	at java.lang.reflect.Method.invoke(Method.java:498)
	at org.testng.internal.MethodInvocationHelper.invokeMethod(MethodInvocationHelper.java:85)
	at org.testng.internal.Invoker.invokeMethod(Invoker.java:639)
	at org.testng.internal.Invoker.invokeTestMethod(Invoker.java:816)
	at org.testng.internal.Invoker.invokeTestMethods(Invoker.java:1124)
	at org.testng.internal.TestMethodWorker.invokeTestMethods(TestMethodWorker.java:125)
	at org.testng.internal.TestMethodWorker.run(TestMethodWorker.java:108)
	at org.testng.TestRunner.privateRun(TestRunner.java:774)
	at org.testng.TestRunner.run(TestRunner.java:624)
	at org.testng.SuiteRunner.runTest(SuiteRunner.java:359)
	at org.testng.SuiteRunner.runSequentially(SuiteRunner.java:354)
	at org.testng.SuiteRunner.privateRun(SuiteRunner.java:312)
	at org.testng.SuiteRunner.run(SuiteRunner.java:261)
	at org.testng.SuiteRunnerWorker.runSuite(SuiteRunnerWorker.java:52)
	at org.testng.SuiteRunnerWorker.run(SuiteRunnerWorker.java:86)
	at org.testng.TestNG.runSuitesSequentially(TestNG.java:1191)
	at org.testng.TestNG.runSuitesLocally(TestNG.java:1116)
	at org.testng.TestNG.run(TestNG.java:1024)
	at org.apache.maven.surefire.testng.TestNGExecutor.run(TestNGExecutor.java:283)
	at org.apache.maven.surefire.testng.TestNGXmlTestSuite.execute(TestNGXmlTestSuite.java:75)
	at org.apache.maven.surefire.testng.TestNGProvider.invoke(TestNGProvider.java:120)
	at org.apache.maven.surefire.booter.ForkedBooter.invokeProviderInSameClassLoader(ForkedBooter.java:386)
	at org.apache.maven.surefire.booter.ForkedBooter.runSuitesInProcess(ForkedBooter.java:323)
	at org.apache.maven.surefire.booter.ForkedBooter.main(ForkedBooter.java:143)
</stack-trace>
            </failure>
            <steps>
                <step start="1576288984502" stop="1576288994648" status="failed">
                    <name>rechargeMoneyVip</name>
                    <title>1.进入报表管理-会员报表；2.获取账号achy01本月充值金额；3.进入充值记录；4.获取充值记录achy01的本月充值总计</title>
                </step>
            </steps>
            <attachments/>
            <labels>
                <label name="testSuite" value="All Test Suite"/>
                <label name="testGroup" value="平台管理员"/>
                <label name="testClass" value="Backstage.admin.ReportManagement"/>
                <label name="testMethod" value="rechargeMoneyVip"/>
                <label name="severity" value="blocker"/>
                <label name="issue" value="http://10.1.101.66:890/index.php?m=testcase&amp;f=view&amp;caseID=45&amp;version=1"/>
                <label name="story" value="会员报表"/>
                <label name="feature" value="报表管理"/>
                <label name="host" value="DESKTOP-8DI1090"/>
                <label name="thread" value="4520@DESKTOP-8DI1090.main(1)"/>
            </labels>
        </test-case>
        <test-case start="1576288994653" stop="1576289005734" status="failed">
            <name>withdrawMoneyVip</name>
            <title>验证会员报表本月提现金额</title>
            <description type="text">判断会员报表的提现金额是否等于该会员提现记录的提现总计</description>
            <failure>
                <message>AssertionError: expected [true] but found [false]</message>
                <stack-trace>java.lang.AssertionError: expected [true] but found [false]
	at org.testng.Assert.fail(Assert.java:94)
	at org.testng.Assert.failNotEquals(Assert.java:496)
	at org.testng.Assert.assertTrue(Assert.java:42)
	at org.testng.Assert.assertTrue(Assert.java:52)
	at Backstage.admin.ReportManagement.withdrawMoneyVip(ReportManagement.java:888)
	at sun.reflect.NativeMethodAccessorImpl.invoke0(Native Method)
	at sun.reflect.NativeMethodAccessorImpl.invoke(NativeMethodAccessorImpl.java:62)
	at sun.reflect.DelegatingMethodAccessorImpl.invoke(DelegatingMethodAccessorImpl.java:43)
	at java.lang.reflect.Method.invoke(Method.java:498)
	at org.testng.internal.MethodInvocationHelper.invokeMethod(MethodInvocationHelper.java:85)
	at org.testng.internal.Invoker.invokeMethod(Invoker.java:639)
	at org.testng.internal.Invoker.invokeTestMethod(Invoker.java:816)
	at org.testng.internal.Invoker.invokeTestMethods(Invoker.java:1124)
	at org.testng.internal.TestMethodWorker.invokeTestMethods(TestMethodWorker.java:125)
	at org.testng.internal.TestMethodWorker.run(TestMethodWorker.java:108)
	at org.testng.TestRunner.privateRun(TestRunner.java:774)
	at org.testng.TestRunner.run(TestRunner.java:624)
	at org.testng.SuiteRunner.runTest(SuiteRunner.java:359)
	at org.testng.SuiteRunner.runSequentially(SuiteRunner.java:354)
	at org.testng.SuiteRunner.privateRun(SuiteRunner.java:312)
	at org.testng.SuiteRunner.run(SuiteRunner.java:261)
	at org.testng.SuiteRunnerWorker.runSuite(SuiteRunnerWorker.java:52)
	at org.testng.SuiteRunnerWorker.run(SuiteRunnerWorker.java:86)
	at org.testng.TestNG.runSuitesSequentially(TestNG.java:1191)
	at org.testng.TestNG.runSuitesLocally(TestNG.java:1116)
	at org.testng.TestNG.run(TestNG.java:1024)
	at org.apache.maven.surefire.testng.TestNGExecutor.run(TestNGExecutor.java:283)
	at org.apache.maven.surefire.testng.TestNGXmlTestSuite.execute(TestNGXmlTestSuite.java:75)
	at org.apache.maven.surefire.testng.TestNGProvider.invoke(TestNGProvider.java:120)
	at org.apache.maven.surefire.booter.ForkedBooter.invokeProviderInSameClassLoader(ForkedBooter.java:386)
	at org.apache.maven.surefire.booter.ForkedBooter.runSuitesInProcess(ForkedBooter.java:323)
	at org.apache.maven.surefire.booter.ForkedBooter.main(ForkedBooter.java:143)
</stack-trace>
            </failure>
            <steps>
                <step start="1576288994654" stop="1576289005732" status="failed">
                    <name>withdrawMoneyVip</name>
                    <title>1.进入报表管理-会员报表；2.获取账号achy01本月提现金额；3.进入提现记录；4.获取充值记录achy01的本月提现总计</title>
                </step>
            </steps>
            <attachments/>
            <labels>
                <label name="testSuite" value="All Test Suite"/>
                <label name="testGroup" value="平台管理员"/>
                <label name="testClass" value="Backstage.admin.ReportManagement"/>
                <label name="testMethod" value="withdrawMoneyVip"/>
                <label name="severity" value="blocker"/>
                <label name="issue" value="http://10.1.101.66:890/index.php?m=testcase&amp;f=view&amp;caseID=45&amp;version=1"/>
                <label name="story" value="会员报表"/>
                <label name="feature" value="报表管理"/>
                <label name="host" value="DESKTOP-8DI1090"/>
                <label name="thread" value="4520@DESKTOP-8DI1090.main(1)"/>
            </labels>
        </test-case>
        <test-case start="1576289005736" stop="1576289018357" status="failed">
            <name>betNumber</name>
            <title>验证会员报表本月投注笔数</title>
            <description type="text">判断会员报表的投注笔数是否等于投注详情页的投注数量</description>
            <failure>
                <message>AssertionError: expected [true] but found [false]</message>
                <stack-trace>java.lang.AssertionError: expected [true] but found [false]
	at org.testng.Assert.fail(Assert.java:94)
	at org.testng.Assert.failNotEquals(Assert.java:496)
	at org.testng.Assert.assertTrue(Assert.java:42)
	at org.testng.Assert.assertTrue(Assert.java:52)
	at Backstage.admin.ReportManagement.betNumber(ReportManagement.java:931)
	at sun.reflect.NativeMethodAccessorImpl.invoke0(Native Method)
	at sun.reflect.NativeMethodAccessorImpl.invoke(NativeMethodAccessorImpl.java:62)
	at sun.reflect.DelegatingMethodAccessorImpl.invoke(DelegatingMethodAccessorImpl.java:43)
	at java.lang.reflect.Method.invoke(Method.java:498)
	at org.testng.internal.MethodInvocationHelper.invokeMethod(MethodInvocationHelper.java:85)
	at org.testng.internal.Invoker.invokeMethod(Invoker.java:639)
	at org.testng.internal.Invoker.invokeTestMethod(Invoker.java:816)
	at org.testng.internal.Invoker.invokeTestMethods(Invoker.java:1124)
	at org.testng.internal.TestMethodWorker.invokeTestMethods(TestMethodWorker.java:125)
	at org.testng.internal.TestMethodWorker.run(TestMethodWorker.java:108)
	at org.testng.TestRunner.privateRun(TestRunner.java:774)
	at org.testng.TestRunner.run(TestRunner.java:624)
	at org.testng.SuiteRunner.runTest(SuiteRunner.java:359)
	at org.testng.SuiteRunner.runSequentially(SuiteRunner.java:354)
	at org.testng.SuiteRunner.privateRun(SuiteRunner.java:312)
	at org.testng.SuiteRunner.run(SuiteRunner.java:261)
	at org.testng.SuiteRunnerWorker.runSuite(SuiteRunnerWorker.java:52)
	at org.testng.SuiteRunnerWorker.run(SuiteRunnerWorker.java:86)
	at org.testng.TestNG.runSuitesSequentially(TestNG.java:1191)
	at org.testng.TestNG.runSuitesLocally(TestNG.java:1116)
	at org.testng.TestNG.run(TestNG.java:1024)
	at org.apache.maven.surefire.testng.TestNGExecutor.run(TestNGExecutor.java:283)
	at org.apache.maven.surefire.testng.TestNGXmlTestSuite.execute(TestNGXmlTestSuite.java:75)
	at org.apache.maven.surefire.testng.TestNGProvider.invoke(TestNGProvider.java:120)
	at org.apache.maven.surefire.booter.ForkedBooter.invokeProviderInSameClassLoader(ForkedBooter.java:386)
	at org.apache.maven.surefire.booter.ForkedBooter.runSuitesInProcess(ForkedBooter.java:323)
	at org.apache.maven.surefire.booter.ForkedBooter.main(ForkedBooter.java:143)
</stack-trace>
            </failure>
            <steps>
                <step start="1576289005736" stop="1576289018353" status="failed">
                    <name>betNumber</name>
                    <title>1.进入报表管理-会员报表；2.获取账号achy01本月投注笔数；3.点击投注笔数跳转；4.获取投注详情页页面数量</title>
                </step>
            </steps>
            <attachments/>
            <labels>
                <label name="testSuite" value="All Test Suite"/>
                <label name="testGroup" value="平台管理员"/>
                <label name="testClass" value="Backstage.admin.ReportManagement"/>
                <label name="testMethod" value="betNumber"/>
                <label name="severity" value="blocker"/>
                <label name="issue" value="http://10.1.101.66:890/index.php?m=testcase&amp;f=view&amp;caseID=45&amp;version=1"/>
                <label name="story" value="会员报表"/>
                <label name="feature" value="报表管理"/>
                <label name="host" value="DESKTOP-8DI1090"/>
                <label name="thread" value="4520@DESKTOP-8DI1090.main(1)"/>
            </labels>
        </test-case>
        <test-case start="1576289018360" stop="1576289021589" status="failed">
            <name>betMoney</name>
            <title>验证会员报表本月投注金额</title>
            <description type="text">判断会员报表的投注金额是否等于投注详情页的投注金额总计</description>
            <failure>
                <message>AssertionError: expected [true] but found [false]</message>
                <stack-trace>java.lang.AssertionError: expected [true] but found [false]
	at org.testng.Assert.fail(Assert.java:94)
	at org.testng.Assert.failNotEquals(Assert.java:496)
	at org.testng.Assert.assertTrue(Assert.java:42)
	at org.testng.Assert.assertTrue(Assert.java:52)
	at Backstage.admin.ReportManagement.betMoney(ReportManagement.java:963)
	at sun.reflect.NativeMethodAccessorImpl.invoke0(Native Method)
	at sun.reflect.NativeMethodAccessorImpl.invoke(NativeMethodAccessorImpl.java:62)
	at sun.reflect.DelegatingMethodAccessorImpl.invoke(DelegatingMethodAccessorImpl.java:43)
	at java.lang.reflect.Method.invoke(Method.java:498)
	at org.testng.internal.MethodInvocationHelper.invokeMethod(MethodInvocationHelper.java:85)
	at org.testng.internal.Invoker.invokeMethod(Invoker.java:639)
	at org.testng.internal.Invoker.invokeTestMethod(Invoker.java:816)
	at org.testng.internal.Invoker.invokeTestMethods(Invoker.java:1124)
	at org.testng.internal.TestMethodWorker.invokeTestMethods(TestMethodWorker.java:125)
	at org.testng.internal.TestMethodWorker.run(TestMethodWorker.java:108)
	at org.testng.TestRunner.privateRun(TestRunner.java:774)
	at org.testng.TestRunner.run(TestRunner.java:624)
	at org.testng.SuiteRunner.runTest(SuiteRunner.java:359)
	at org.testng.SuiteRunner.runSequentially(SuiteRunner.java:354)
	at org.testng.SuiteRunner.privateRun(SuiteRunner.java:312)
	at org.testng.SuiteRunner.run(SuiteRunner.java:261)
	at org.testng.SuiteRunnerWorker.runSuite(SuiteRunnerWorker.java:52)
	at org.testng.SuiteRunnerWorker.run(SuiteRunnerWorker.java:86)
	at org.testng.TestNG.runSuitesSequentially(TestNG.java:1191)
	at org.testng.TestNG.runSuitesLocally(TestNG.java:1116)
	at org.testng.TestNG.run(TestNG.java:1024)
	at org.apache.maven.surefire.testng.TestNGExecutor.run(TestNGExecutor.java:283)
	at org.apache.maven.surefire.testng.TestNGXmlTestSuite.execute(TestNGXmlTestSuite.java:75)
	at org.apache.maven.surefire.testng.TestNGProvider.invoke(TestNGProvider.java:120)
	at org.apache.maven.surefire.booter.ForkedBooter.invokeProviderInSameClassLoader(ForkedBooter.java:386)
	at org.apache.maven.surefire.booter.ForkedBooter.runSuitesInProcess(ForkedBooter.java:323)
	at org.apache.maven.surefire.booter.ForkedBooter.main(ForkedBooter.java:143)
</stack-trace>
            </failure>
            <steps>
                <step start="1576289018362" stop="1576289021587" status="failed">
                    <name>betMoney</name>
                    <title>1.进入报表管理-会员报表；2.获取账号achy01本月投注金额；3.点击投注笔数跳转；4.获取投注详情页页面总投注金额</title>
                </step>
            </steps>
            <attachments/>
            <labels>
                <label name="testSuite" value="All Test Suite"/>
                <label name="testGroup" value="平台管理员"/>
                <label name="testClass" value="Backstage.admin.ReportManagement"/>
                <label name="testMethod" value="betMoney"/>
                <label name="severity" value="blocker"/>
                <label name="issue" value="http://10.1.101.66:890/index.php?m=testcase&amp;f=view&amp;caseID=45&amp;version=1"/>
                <label name="story" value="会员报表"/>
                <label name="feature" value="报表管理"/>
                <label name="host" value="DESKTOP-8DI1090"/>
                <label name="thread" value="4520@DESKTOP-8DI1090.main(1)"/>
            </labels>
        </test-case>
        <test-case start="1576289021591" stop="1576289028021" status="passed">
            <name>rechargeDiscount</name>
            <title>验证会员报表本月充值优惠金额</title>
            <description type="text">判断会员报表的充值优惠金额是否等于充值记录本月充值优惠金额总计</description>
            <steps>
                <step start="1576289021591" stop="1576289028018" status="passed">
                    <name>rechargeDiscount</name>
                    <title>1.进入报表管理-会员报表；2.获取账号achy01本月充值优惠金额；3.进入充值记录；4.获取该会员本月充值优惠金额总计</title>
                    <attachments/>
                    <steps/>
                </step>
            </steps>
            <attachments/>
            <labels>
                <label name="testSuite" value="All Test Suite"/>
                <label name="testGroup" value="平台管理员"/>
                <label name="testClass" value="Backstage.admin.ReportManagement"/>
                <label name="testMethod" value="rechargeDiscount"/>
                <label name="severity" value="blocker"/>
                <label name="issue" value="http://10.1.101.66:890/index.php?m=testcase&amp;f=view&amp;caseID=45&amp;version=1"/>
                <label name="story" value="会员报表"/>
                <label name="feature" value="报表管理"/>
                <label name="host" value="DESKTOP-8DI1090"/>
                <label name="thread" value="4520@DESKTOP-8DI1090.main(1)"/>
            </labels>
        </test-case>
        <test-case start="1576289028024" stop="1576289034103" status="failed">
            <name>agentMoney</name>
            <title>验证会员报表本月代理赔率金额</title>
            <description type="text">判断会员报表的代理赔率金额是否等于0</description>
            <failure>
                <message>AssertionError: expected [true] but found [false]</message>
                <stack-trace>java.lang.AssertionError: expected [true] but found [false]
	at org.testng.Assert.fail(Assert.java:94)
	at org.testng.Assert.failNotEquals(Assert.java:496)
	at org.testng.Assert.assertTrue(Assert.java:42)
	at org.testng.Assert.assertTrue(Assert.java:52)
	at Backstage.admin.ReportManagement.agentMoney(ReportManagement.java:1037)
	at sun.reflect.NativeMethodAccessorImpl.invoke0(Native Method)
	at sun.reflect.NativeMethodAccessorImpl.invoke(NativeMethodAccessorImpl.java:62)
	at sun.reflect.DelegatingMethodAccessorImpl.invoke(DelegatingMethodAccessorImpl.java:43)
	at java.lang.reflect.Method.invoke(Method.java:498)
	at org.testng.internal.MethodInvocationHelper.invokeMethod(MethodInvocationHelper.java:85)
	at org.testng.internal.Invoker.invokeMethod(Invoker.java:639)
	at org.testng.internal.Invoker.invokeTestMethod(Invoker.java:816)
	at org.testng.internal.Invoker.invokeTestMethods(Invoker.java:1124)
	at org.testng.internal.TestMethodWorker.invokeTestMethods(TestMethodWorker.java:125)
	at org.testng.internal.TestMethodWorker.run(TestMethodWorker.java:108)
	at org.testng.TestRunner.privateRun(TestRunner.java:774)
	at org.testng.TestRunner.run(TestRunner.java:624)
	at org.testng.SuiteRunner.runTest(SuiteRunner.java:359)
	at org.testng.SuiteRunner.runSequentially(SuiteRunner.java:354)
	at org.testng.SuiteRunner.privateRun(SuiteRunner.java:312)
	at org.testng.SuiteRunner.run(SuiteRunner.java:261)
	at org.testng.SuiteRunnerWorker.runSuite(SuiteRunnerWorker.java:52)
	at org.testng.SuiteRunnerWorker.run(SuiteRunnerWorker.java:86)
	at org.testng.TestNG.runSuitesSequentially(TestNG.java:1191)
	at org.testng.TestNG.runSuitesLocally(TestNG.java:1116)
	at org.testng.TestNG.run(TestNG.java:1024)
	at org.apache.maven.surefire.testng.TestNGExecutor.run(TestNGExecutor.java:283)
	at org.apache.maven.surefire.testng.TestNGXmlTestSuite.execute(TestNGXmlTestSuite.java:75)
	at org.apache.maven.surefire.testng.TestNGProvider.invoke(TestNGProvider.java:120)
	at org.apache.maven.surefire.booter.ForkedBooter.invokeProviderInSameClassLoader(ForkedBooter.java:386)
	at org.apache.maven.surefire.booter.ForkedBooter.runSuitesInProcess(ForkedBooter.java:323)
	at org.apache.maven.surefire.booter.ForkedBooter.main(ForkedBooter.java:143)
</stack-trace>
            </failure>
            <steps>
                <step start="1576289028025" stop="1576289034100" status="failed">
                    <name>agentMoney</name>
                    <title>1.进入报表管理-会员报表；2.获取账号achy01本月代理赔率金额；</title>
                </step>
            </steps>
            <attachments/>
            <labels>
                <label name="testSuite" value="All Test Suite"/>
                <label name="testGroup" value="平台管理员"/>
                <label name="testClass" value="Backstage.admin.ReportManagement"/>
                <label name="testMethod" value="agentMoney"/>
                <label name="severity" value="blocker"/>
                <label name="issue" value="http://10.1.101.66:890/index.php?m=testcase&amp;f=view&amp;caseID=45&amp;version=1"/>
                <label name="story" value="会员报表"/>
                <label name="feature" value="报表管理"/>
                <label name="host" value="DESKTOP-8DI1090"/>
                <label name="thread" value="4520@DESKTOP-8DI1090.main(1)"/>
            </labels>
        </test-case>
        <test-case start="1576289034107" stop="1576289034142" status="failed">
            <name>agentWater</name>
            <title>验证会员报表本月代理退水金额</title>
            <description type="text">判断会员报表的代理退水金额是否等于0</description>
            <failure>
                <message>AssertionError: expected [true] but found [false]</message>
                <stack-trace>java.lang.AssertionError: expected [true] but found [false]
	at org.testng.Assert.fail(Assert.java:94)
	at org.testng.Assert.failNotEquals(Assert.java:496)
	at org.testng.Assert.assertTrue(Assert.java:42)
	at org.testng.Assert.assertTrue(Assert.java:52)
	at Backstage.admin.ReportManagement.agentWater(ReportManagement.java:1063)
	at sun.reflect.NativeMethodAccessorImpl.invoke0(Native Method)
	at sun.reflect.NativeMethodAccessorImpl.invoke(NativeMethodAccessorImpl.java:62)
	at sun.reflect.DelegatingMethodAccessorImpl.invoke(DelegatingMethodAccessorImpl.java:43)
	at java.lang.reflect.Method.invoke(Method.java:498)
	at org.testng.internal.MethodInvocationHelper.invokeMethod(MethodInvocationHelper.java:85)
	at org.testng.internal.Invoker.invokeMethod(Invoker.java:639)
	at org.testng.internal.Invoker.invokeTestMethod(Invoker.java:816)
	at org.testng.internal.Invoker.invokeTestMethods(Invoker.java:1124)
	at org.testng.internal.TestMethodWorker.invokeTestMethods(TestMethodWorker.java:125)
	at org.testng.internal.TestMethodWorker.run(TestMethodWorker.java:108)
	at org.testng.TestRunner.privateRun(TestRunner.java:774)
	at org.testng.TestRunner.run(TestRunner.java:624)
	at org.testng.SuiteRunner.runTest(SuiteRunner.java:359)
	at org.testng.SuiteRunner.runSequentially(SuiteRunner.java:354)
	at org.testng.SuiteRunner.privateRun(SuiteRunner.java:312)
	at org.testng.SuiteRunner.run(SuiteRunner.java:261)
	at org.testng.SuiteRunnerWorker.runSuite(SuiteRunnerWorker.java:52)
	at org.testng.SuiteRunnerWorker.run(SuiteRunnerWorker.java:86)
	at org.testng.TestNG.runSuitesSequentially(TestNG.java:1191)
	at org.testng.TestNG.runSuitesLocally(TestNG.java:1116)
	at org.testng.TestNG.run(TestNG.java:1024)
	at org.apache.maven.surefire.testng.TestNGExecutor.run(TestNGExecutor.java:283)
	at org.apache.maven.surefire.testng.TestNGXmlTestSuite.execute(TestNGXmlTestSuite.java:75)
	at org.apache.maven.surefire.testng.TestNGProvider.invoke(TestNGProvider.java:120)
	at org.apache.maven.surefire.booter.ForkedBooter.invokeProviderInSameClassLoader(ForkedBooter.java:386)
	at org.apache.maven.surefire.booter.ForkedBooter.runSuitesInProcess(ForkedBooter.java:323)
	at org.apache.maven.surefire.booter.ForkedBooter.main(ForkedBooter.java:143)
</stack-trace>
            </failure>
            <steps>
                <step start="1576289034108" stop="1576289034140" status="failed">
                    <name>agentWater</name>
                    <title>1.进入报表管理-会员报表；2.获取账号achy01本月代理退水金额；</title>
                </step>
            </steps>
            <attachments/>
            <labels>
                <label name="testSuite" value="All Test Suite"/>
                <label name="testGroup" value="平台管理员"/>
                <label name="testClass" value="Backstage.admin.ReportManagement"/>
                <label name="testMethod" value="agentWater"/>
                <label name="severity" value="blocker"/>
                <label name="issue" value="http://10.1.101.66:890/index.php?m=testcase&amp;f=view&amp;caseID=45&amp;version=1"/>
                <label name="story" value="会员报表"/>
                <label name="feature" value="报表管理"/>
                <label name="host" value="DESKTOP-8DI1090"/>
                <label name="thread" value="4520@DESKTOP-8DI1090.main(1)"/>
            </labels>
        </test-case>
        <test-case start="1576289034143" stop="1576289036311" status="failed">
            <name>activityLoseWin</name>
            <title>验证会员报表本月实际输赢（不包括退水）金额</title>
            <description type="text">判断会员报表的实际输赢（不包括退水）金额是否等于投注详情的实际输赢金额减去退水金额</description>
            <failure>
                <message>AssertionError: expected [true] but found [false]</message>
                <stack-trace>java.lang.AssertionError: expected [true] but found [false]
	at org.testng.Assert.fail(Assert.java:94)
	at org.testng.Assert.failNotEquals(Assert.java:496)
	at org.testng.Assert.assertTrue(Assert.java:42)
	at org.testng.Assert.assertTrue(Assert.java:52)
	at Backstage.admin.ReportManagement.activityLoseWin(ReportManagement.java:1099)
	at sun.reflect.NativeMethodAccessorImpl.invoke0(Native Method)
	at sun.reflect.NativeMethodAccessorImpl.invoke(NativeMethodAccessorImpl.java:62)
	at sun.reflect.DelegatingMethodAccessorImpl.invoke(DelegatingMethodAccessorImpl.java:43)
	at java.lang.reflect.Method.invoke(Method.java:498)
	at org.testng.internal.MethodInvocationHelper.invokeMethod(MethodInvocationHelper.java:85)
	at org.testng.internal.Invoker.invokeMethod(Invoker.java:639)
	at org.testng.internal.Invoker.invokeTestMethod(Invoker.java:816)
	at org.testng.internal.Invoker.invokeTestMethods(Invoker.java:1124)
	at org.testng.internal.TestMethodWorker.invokeTestMethods(TestMethodWorker.java:125)
	at org.testng.internal.TestMethodWorker.run(TestMethodWorker.java:108)
	at org.testng.TestRunner.privateRun(TestRunner.java:774)
	at org.testng.TestRunner.run(TestRunner.java:624)
	at org.testng.SuiteRunner.runTest(SuiteRunner.java:359)
	at org.testng.SuiteRunner.runSequentially(SuiteRunner.java:354)
	at org.testng.SuiteRunner.privateRun(SuiteRunner.java:312)
	at org.testng.SuiteRunner.run(SuiteRunner.java:261)
	at org.testng.SuiteRunnerWorker.runSuite(SuiteRunnerWorker.java:52)
	at org.testng.SuiteRunnerWorker.run(SuiteRunnerWorker.java:86)
	at org.testng.TestNG.runSuitesSequentially(TestNG.java:1191)
	at org.testng.TestNG.runSuitesLocally(TestNG.java:1116)
	at org.testng.TestNG.run(TestNG.java:1024)
	at org.apache.maven.surefire.testng.TestNGExecutor.run(TestNGExecutor.java:283)
	at org.apache.maven.surefire.testng.TestNGXmlTestSuite.execute(TestNGXmlTestSuite.java:75)
	at org.apache.maven.surefire.testng.TestNGProvider.invoke(TestNGProvider.java:120)
	at org.apache.maven.surefire.booter.ForkedBooter.invokeProviderInSameClassLoader(ForkedBooter.java:386)
	at org.apache.maven.surefire.booter.ForkedBooter.runSuitesInProcess(ForkedBooter.java:323)
	at org.apache.maven.surefire.booter.ForkedBooter.main(ForkedBooter.java:143)
</stack-trace>
            </failure>
            <steps>
                <step start="1576289034144" stop="1576289036308" status="failed">
                    <name>activityLoseWin</name>
                    <title>1.进入报表管理-会员报表；2.获取账号achy01本月实际输赢（不包括退水）金额；3.进入投注详情；4.获取该会员本月实际输赢（不包括退水）金额</title>
                </step>
            </steps>
            <attachments/>
            <labels>
                <label name="testSuite" value="All Test Suite"/>
                <label name="testGroup" value="平台管理员"/>
                <label name="testClass" value="Backstage.admin.ReportManagement"/>
                <label name="testMethod" value="activityLoseWin"/>
                <label name="severity" value="blocker"/>
                <label name="issue" value="http://10.1.101.66:890/index.php?m=testcase&amp;f=view&amp;caseID=45&amp;version=1"/>
                <label name="story" value="会员报表"/>
                <label name="feature" value="报表管理"/>
                <label name="host" value="DESKTOP-8DI1090"/>
                <label name="thread" value="4520@DESKTOP-8DI1090.main(1)"/>
            </labels>
        </test-case>
        <test-case start="1576289036314" stop="1576289040572" status="failed">
            <name>activityLoseWinWater</name>
            <title>验证会员报表本月实际输赢（包括退水）</title>
            <description type="text">判断会员报表的实际输赢（包括退水）是否等于投注详情的输赢总金额</description>
            <failure>
                <message>AssertionError: expected [true] but found [false]</message>
                <stack-trace>java.lang.AssertionError: expected [true] but found [false]
	at org.testng.Assert.fail(Assert.java:94)
	at org.testng.Assert.failNotEquals(Assert.java:496)
	at org.testng.Assert.assertTrue(Assert.java:42)
	at org.testng.Assert.assertTrue(Assert.java:52)
	at Backstage.admin.ReportManagement.activityLoseWinWater(ReportManagement.java:1131)
	at sun.reflect.NativeMethodAccessorImpl.invoke0(Native Method)
	at sun.reflect.NativeMethodAccessorImpl.invoke(NativeMethodAccessorImpl.java:62)
	at sun.reflect.DelegatingMethodAccessorImpl.invoke(DelegatingMethodAccessorImpl.java:43)
	at java.lang.reflect.Method.invoke(Method.java:498)
	at org.testng.internal.MethodInvocationHelper.invokeMethod(MethodInvocationHelper.java:85)
	at org.testng.internal.Invoker.invokeMethod(Invoker.java:639)
	at org.testng.internal.Invoker.invokeTestMethod(Invoker.java:816)
	at org.testng.internal.Invoker.invokeTestMethods(Invoker.java:1124)
	at org.testng.internal.TestMethodWorker.invokeTestMethods(TestMethodWorker.java:125)
	at org.testng.internal.TestMethodWorker.run(TestMethodWorker.java:108)
	at org.testng.TestRunner.privateRun(TestRunner.java:774)
	at org.testng.TestRunner.run(TestRunner.java:624)
	at org.testng.SuiteRunner.runTest(SuiteRunner.java:359)
	at org.testng.SuiteRunner.runSequentially(SuiteRunner.java:354)
	at org.testng.SuiteRunner.privateRun(SuiteRunner.java:312)
	at org.testng.SuiteRunner.run(SuiteRunner.java:261)
	at org.testng.SuiteRunnerWorker.runSuite(SuiteRunnerWorker.java:52)
	at org.testng.SuiteRunnerWorker.run(SuiteRunnerWorker.java:86)
	at org.testng.TestNG.runSuitesSequentially(TestNG.java:1191)
	at org.testng.TestNG.runSuitesLocally(TestNG.java:1116)
	at org.testng.TestNG.run(TestNG.java:1024)
	at org.apache.maven.surefire.testng.TestNGExecutor.run(TestNGExecutor.java:283)
	at org.apache.maven.surefire.testng.TestNGXmlTestSuite.execute(TestNGXmlTestSuite.java:75)
	at org.apache.maven.surefire.testng.TestNGProvider.invoke(TestNGProvider.java:120)
	at org.apache.maven.surefire.booter.ForkedBooter.invokeProviderInSameClassLoader(ForkedBooter.java:386)
	at org.apache.maven.surefire.booter.ForkedBooter.runSuitesInProcess(ForkedBooter.java:323)
	at org.apache.maven.surefire.booter.ForkedBooter.main(ForkedBooter.java:143)
</stack-trace>
            </failure>
            <steps>
                <step start="1576289036315" stop="1576289040564" status="failed">
                    <name>activityLoseWinWater</name>
                    <title>1.进入报表管理-会员报表；2.获取账号achy01本月实际输赢（包括退水）；3.进入投注详情；4.获取输赢总金额</title>
                </step>
            </steps>
            <attachments/>
            <labels>
                <label name="testSuite" value="All Test Suite"/>
                <label name="testGroup" value="平台管理员"/>
                <label name="testClass" value="Backstage.admin.ReportManagement"/>
                <label name="testMethod" value="activityLoseWinWater"/>
                <label name="severity" value="blocker"/>
                <label name="issue" value="http://10.1.101.66:890/index.php?m=testcase&amp;f=view&amp;caseID=45&amp;version=1"/>
                <label name="story" value="会员报表"/>
                <label name="feature" value="报表管理"/>
                <label name="host" value="DESKTOP-8DI1090"/>
                <label name="thread" value="4520@DESKTOP-8DI1090.main(1)"/>
            </labels>
        </test-case>
        <test-case start="1576289040577" stop="1576289042705" status="failed">
            <name>activityWaterMoney</name>
            <title>验证会员报表本月实际退水金额</title>
            <description type="text">判断会员报表的实际退水金额是否等于投注金额*0.5%</description>
            <failure>
                <message>AssertionError: expected [true] but found [false]</message>
                <stack-trace>java.lang.AssertionError: expected [true] but found [false]
	at org.testng.Assert.fail(Assert.java:94)
	at org.testng.Assert.failNotEquals(Assert.java:496)
	at org.testng.Assert.assertTrue(Assert.java:42)
	at org.testng.Assert.assertTrue(Assert.java:52)
	at Backstage.admin.ReportManagement.activityWaterMoney(ReportManagement.java:1161)
	at sun.reflect.NativeMethodAccessorImpl.invoke0(Native Method)
	at sun.reflect.NativeMethodAccessorImpl.invoke(NativeMethodAccessorImpl.java:62)
	at sun.reflect.DelegatingMethodAccessorImpl.invoke(DelegatingMethodAccessorImpl.java:43)
	at java.lang.reflect.Method.invoke(Method.java:498)
	at org.testng.internal.MethodInvocationHelper.invokeMethod(MethodInvocationHelper.java:85)
	at org.testng.internal.Invoker.invokeMethod(Invoker.java:639)
	at org.testng.internal.Invoker.invokeTestMethod(Invoker.java:816)
	at org.testng.internal.Invoker.invokeTestMethods(Invoker.java:1124)
	at org.testng.internal.TestMethodWorker.invokeTestMethods(TestMethodWorker.java:125)
	at org.testng.internal.TestMethodWorker.run(TestMethodWorker.java:108)
	at org.testng.TestRunner.privateRun(TestRunner.java:774)
	at org.testng.TestRunner.run(TestRunner.java:624)
	at org.testng.SuiteRunner.runTest(SuiteRunner.java:359)
	at org.testng.SuiteRunner.runSequentially(SuiteRunner.java:354)
	at org.testng.SuiteRunner.privateRun(SuiteRunner.java:312)
	at org.testng.SuiteRunner.run(SuiteRunner.java:261)
	at org.testng.SuiteRunnerWorker.runSuite(SuiteRunnerWorker.java:52)
	at org.testng.SuiteRunnerWorker.run(SuiteRunnerWorker.java:86)
	at org.testng.TestNG.runSuitesSequentially(TestNG.java:1191)
	at org.testng.TestNG.runSuitesLocally(TestNG.java:1116)
	at org.testng.TestNG.run(TestNG.java:1024)
	at org.apache.maven.surefire.testng.TestNGExecutor.run(TestNGExecutor.java:283)
	at org.apache.maven.surefire.testng.TestNGXmlTestSuite.execute(TestNGXmlTestSuite.java:75)
	at org.apache.maven.surefire.testng.TestNGProvider.invoke(TestNGProvider.java:120)
	at org.apache.maven.surefire.booter.ForkedBooter.invokeProviderInSameClassLoader(ForkedBooter.java:386)
	at org.apache.maven.surefire.booter.ForkedBooter.runSuitesInProcess(ForkedBooter.java:323)
	at org.apache.maven.surefire.booter.ForkedBooter.main(ForkedBooter.java:143)
</stack-trace>
            </failure>
            <steps>
                <step start="1576289040579" stop="1576289042703" status="failed">
                    <name>activityWaterMoney</name>
                    <title>1.进入报表管理-会员报表；2.获取账号achy01本月实际退水金额；3.用投注金额*0.5%</title>
                </step>
            </steps>
            <attachments/>
            <labels>
                <label name="testSuite" value="All Test Suite"/>
                <label name="testGroup" value="平台管理员"/>
                <label name="testClass" value="Backstage.admin.ReportManagement"/>
                <label name="testMethod" value="activityWaterMoney"/>
                <label name="severity" value="blocker"/>
                <label name="issue" value="http://10.1.101.66:890/index.php?m=testcase&amp;f=view&amp;caseID=45&amp;version=1"/>
                <label name="story" value="会员报表"/>
                <label name="feature" value="报表管理"/>
                <label name="host" value="DESKTOP-8DI1090"/>
                <label name="thread" value="4520@DESKTOP-8DI1090.main(1)"/>
            </labels>
        </test-case>
        <test-case start="1576289042708" stop="1576289051010" status="passed">
            <name>moneyDetails1</name>
            <title>验证会员资金明细数据1</title>
            <description type="text">测试achy01的资金明细数据，资金账变是否有误</description>
            <steps>
                <step start="1576289042710" stop="1576289051007" status="passed">
                    <name>moneyDetails1</name>
                    <title>1.用户管理-会员列表，2.输入achy01会员查询；3.查看该会员资金明细</title>
                    <attachments/>
                    <steps/>
                </step>
            </steps>
            <attachments/>
            <labels>
                <label name="testSuite" value="All Test Suite"/>
                <label name="testGroup" value="平台管理员"/>
                <label name="testClass" value="Backstage.admin.moneyDetails"/>
                <label name="testMethod" value="moneyDetails1"/>
                <label name="severity" value="blocker"/>
                <label name="issue" value="http://10.1.101.66:890/index.php?m=testcase&amp;f=view&amp;caseID=45&amp;version=1"/>
                <label name="story" value="会员列表-achy01会员资金明细"/>
                <label name="feature" value="用户管理"/>
                <label name="host" value="DESKTOP-8DI1090"/>
                <label name="thread" value="4520@DESKTOP-8DI1090.main(1)"/>
            </labels>
        </test-case>
        <test-case start="1576289051014" stop="1576289051203" status="passed">
            <name>moneyDetails2</name>
            <title>验证会员资金明细数据2</title>
            <description type="text">测试achy01的资金明细数据，资金账变是否有误</description>
            <steps>
                <step start="1576289051015" stop="1576289051200" status="passed">
                    <name>moneyDetails2</name>
                    <title>1.用户管理-会员列表，2.输入achy01会员查询；3.查看该会员资金明细</title>
                    <attachments/>
                    <steps/>
                </step>
            </steps>
            <attachments/>
            <labels>
                <label name="testSuite" value="All Test Suite"/>
                <label name="testGroup" value="平台管理员"/>
                <label name="testClass" value="Backstage.admin.moneyDetails"/>
                <label name="testMethod" value="moneyDetails2"/>
                <label name="severity" value="blocker"/>
                <label name="issue" value="http://10.1.101.66:890/index.php?m=testcase&amp;f=view&amp;caseID=45&amp;version=1"/>
                <label name="story" value="会员列表-achy01会员资金明细"/>
                <label name="feature" value="用户管理"/>
                <label name="host" value="DESKTOP-8DI1090"/>
                <label name="thread" value="4520@DESKTOP-8DI1090.main(1)"/>
            </labels>
        </test-case>
        <test-case start="1576289051209" stop="1576289051313" status="passed">
            <name>moneyDetails3</name>
            <title>验证会员资金明细数据3</title>
            <description type="text">测试achy01的资金明细数据，资金账变是否有误</description>
            <steps>
                <step start="1576289051209" stop="1576289051312" status="passed">
                    <name>moneyDetails3</name>
                    <title>1.用户管理-会员列表，2.输入achy01会员查询；3.查看该会员资金明细</title>
                    <attachments/>
                    <steps/>
                </step>
            </steps>
            <attachments/>
            <labels>
                <label name="testSuite" value="All Test Suite"/>
                <label name="testGroup" value="平台管理员"/>
                <label name="testClass" value="Backstage.admin.moneyDetails"/>
                <label name="testMethod" value="moneyDetails3"/>
                <label name="severity" value="blocker"/>
                <label name="issue" value="http://10.1.101.66:890/index.php?m=testcase&amp;f=view&amp;caseID=45&amp;version=1"/>
                <label name="story" value="会员列表-achy01会员资金明细"/>
                <label name="feature" value="用户管理"/>
                <label name="host" value="DESKTOP-8DI1090"/>
                <label name="thread" value="4520@DESKTOP-8DI1090.main(1)"/>
            </labels>
        </test-case>
        <test-case start="1576289051315" stop="1576289051407" status="passed">
            <name>moneyDetails4</name>
            <title>验证会员资金明细数据4</title>
            <description type="text">测试achy01的资金明细数据，资金账变是否有误</description>
            <steps>
                <step start="1576289051315" stop="1576289051406" status="passed">
                    <name>moneyDetails4</name>
                    <title>1.用户管理-会员列表，2.输入achy01会员查询；3.查看该会员资金明细</title>
                    <attachments/>
                    <steps/>
                </step>
            </steps>
            <attachments/>
            <labels>
                <label name="testSuite" value="All Test Suite"/>
                <label name="testGroup" value="平台管理员"/>
                <label name="testClass" value="Backstage.admin.moneyDetails"/>
                <label name="testMethod" value="moneyDetails4"/>
                <label name="severity" value="blocker"/>
                <label name="issue" value="http://10.1.101.66:890/index.php?m=testcase&amp;f=view&amp;caseID=45&amp;version=1"/>
                <label name="story" value="会员列表-achy01会员资金明细"/>
                <label name="feature" value="用户管理"/>
                <label name="host" value="DESKTOP-8DI1090"/>
                <label name="thread" value="4520@DESKTOP-8DI1090.main(1)"/>
            </labels>
        </test-case>
        <test-case start="1576289051408" stop="1576289051500" status="passed">
            <name>moneyDetails5</name>
            <title>验证会员资金明细数据5</title>
            <description type="text">测试achy01的资金明细数据，资金账变是否有误</description>
            <steps>
                <step start="1576289051409" stop="1576289051499" status="passed">
                    <name>moneyDetails5</name>
                    <title>1.用户管理-会员列表，2.输入achy01会员查询；3.查看该会员资金明细</title>
                    <attachments/>
                    <steps/>
                </step>
            </steps>
            <attachments/>
            <labels>
                <label name="testSuite" value="All Test Suite"/>
                <label name="testGroup" value="平台管理员"/>
                <label name="testClass" value="Backstage.admin.moneyDetails"/>
                <label name="testMethod" value="moneyDetails5"/>
                <label name="severity" value="blocker"/>
                <label name="issue" value="http://10.1.101.66:890/index.php?m=testcase&amp;f=view&amp;caseID=45&amp;version=1"/>
                <label name="story" value="会员列表-achy01会员资金明细"/>
                <label name="feature" value="用户管理"/>
                <label name="host" value="DESKTOP-8DI1090"/>
                <label name="thread" value="4520@DESKTOP-8DI1090.main(1)"/>
            </labels>
        </test-case>
        <test-case start="1576289051501" stop="1576289051594" status="passed">
            <name>moneyDetails6</name>
            <title>验证会员资金明细数据6</title>
            <description type="text">测试achy01的资金明细数据，资金账变是否有误</description>
            <steps>
                <step start="1576289051502" stop="1576289051593" status="passed">
                    <name>moneyDetails6</name>
                    <title>1.用户管理-会员列表，2.输入achy01会员查询；3.查看该会员资金明细</title>
                    <attachments/>
                    <steps/>
                </step>
            </steps>
            <attachments/>
            <labels>
                <label name="testSuite" value="All Test Suite"/>
                <label name="testGroup" value="平台管理员"/>
                <label name="testClass" value="Backstage.admin.moneyDetails"/>
                <label name="testMethod" value="moneyDetails6"/>
                <label name="severity" value="blocker"/>
                <label name="issue" value="http://10.1.101.66:890/index.php?m=testcase&amp;f=view&amp;caseID=45&amp;version=1"/>
                <label name="story" value="会员列表-achy01会员资金明细"/>
                <label name="feature" value="用户管理"/>
                <label name="host" value="DESKTOP-8DI1090"/>
                <label name="thread" value="4520@DESKTOP-8DI1090.main(1)"/>
            </labels>
        </test-case>
        <test-case start="1576289051596" stop="1576289051688" status="passed">
            <name>moneyDetails7</name>
            <title>验证会员资金明细数据7</title>
            <description type="text">测试achy01的资金明细数据，资金账变是否有误</description>
            <steps>
                <step start="1576289051596" stop="1576289051686" status="passed">
                    <name>moneyDetails7</name>
                    <title>1.用户管理-会员列表，2.输入achy01会员查询；3.查看该会员资金明细</title>
                    <attachments/>
                    <steps/>
                </step>
            </steps>
            <attachments/>
            <labels>
                <label name="testSuite" value="All Test Suite"/>
                <label name="testGroup" value="平台管理员"/>
                <label name="testClass" value="Backstage.admin.moneyDetails"/>
                <label name="testMethod" value="moneyDetails7"/>
                <label name="severity" value="blocker"/>
                <label name="issue" value="http://10.1.101.66:890/index.php?m=testcase&amp;f=view&amp;caseID=45&amp;version=1"/>
                <label name="story" value="会员列表-achy01会员资金明细"/>
                <label name="feature" value="用户管理"/>
                <label name="host" value="DESKTOP-8DI1090"/>
                <label name="thread" value="4520@DESKTOP-8DI1090.main(1)"/>
            </labels>
        </test-case>
        <test-case start="1576289051691" stop="1576289051866" status="passed">
            <name>moneyDetails8</name>
            <title>验证会员资金明细数据8</title>
            <description type="text">测试achy01的资金明细数据，资金账变是否有误</description>
            <steps>
                <step start="1576289051693" stop="1576289051864" status="passed">
                    <name>moneyDetails8</name>
                    <title>1.用户管理-会员列表，2.输入achy01会员查询；3.查看该会员资金明细</title>
                    <attachments/>
                    <steps/>
                </step>
            </steps>
            <attachments/>
            <labels>
                <label name="testSuite" value="All Test Suite"/>
                <label name="testGroup" value="平台管理员"/>
                <label name="testClass" value="Backstage.admin.moneyDetails"/>
                <label name="testMethod" value="moneyDetails8"/>
                <label name="severity" value="blocker"/>
                <label name="issue" value="http://10.1.101.66:890/index.php?m=testcase&amp;f=view&amp;caseID=45&amp;version=1"/>
                <label name="story" value="会员列表-achy01会员资金明细"/>
                <label name="feature" value="用户管理"/>
                <label name="host" value="DESKTOP-8DI1090"/>
                <label name="thread" value="4520@DESKTOP-8DI1090.main(1)"/>
            </labels>
        </test-case>
        <test-case start="1576289051868" stop="1576289051957" status="passed">
            <name>moneyDetails9</name>
            <title>验证会员资金明细数据9</title>
            <description type="text">测试achy01的资金明细数据，资金账变是否有误</description>
            <steps>
                <step start="1576289051868" stop="1576289051956" status="passed">
                    <name>moneyDetails9</name>
                    <title>1.用户管理-会员列表，2.输入achy01会员查询；3.查看该会员资金明细</title>
                    <attachments/>
                    <steps/>
                </step>
            </steps>
            <attachments/>
            <labels>
                <label name="testSuite" value="All Test Suite"/>
                <label name="testGroup" value="平台管理员"/>
                <label name="testClass" value="Backstage.admin.moneyDetails"/>
                <label name="testMethod" value="moneyDetails9"/>
                <label name="severity" value="blocker"/>
                <label name="issue" value="http://10.1.101.66:890/index.php?m=testcase&amp;f=view&amp;caseID=45&amp;version=1"/>
                <label name="story" value="会员列表-achy01会员资金明细"/>
                <label name="feature" value="用户管理"/>
                <label name="host" value="DESKTOP-8DI1090"/>
                <label name="thread" value="4520@DESKTOP-8DI1090.main(1)"/>
            </labels>
        </test-case>
        <test-case start="1576289051959" stop="1576289052052" status="passed">
            <name>moneyDetails10</name>
            <title>验证会员资金明细数据10</title>
            <description type="text">测试achy01的资金明细数据，资金账变是否有误</description>
            <steps>
                <step start="1576289051959" stop="1576289052051" status="passed">
                    <name>moneyDetails10</name>
                    <title>1.用户管理-会员列表，2.输入achy01会员查询；3.查看该会员资金明细</title>
                    <attachments/>
                    <steps/>
                </step>
            </steps>
            <attachments/>
            <labels>
                <label name="testSuite" value="All Test Suite"/>
                <label name="testGroup" value="平台管理员"/>
                <label name="testClass" value="Backstage.admin.moneyDetails"/>
                <label name="testMethod" value="moneyDetails10"/>
                <label name="severity" value="blocker"/>
                <label name="issue" value="http://10.1.101.66:890/index.php?m=testcase&amp;f=view&amp;caseID=45&amp;version=1"/>
                <label name="story" value="会员列表-achy01会员资金明细"/>
                <label name="feature" value="用户管理"/>
                <label name="host" value="DESKTOP-8DI1090"/>
                <label name="thread" value="4520@DESKTOP-8DI1090.main(1)"/>
            </labels>
        </test-case>
        <test-case start="1576289052054" stop="1576289052148" status="passed">
            <name>moneyDetails11</name>
            <title>验证会员资金明细数据12</title>
            <description type="text">测试achy01的资金明细数据，资金账变是否有误</description>
            <steps>
                <step start="1576289052055" stop="1576289052147" status="passed">
                    <name>moneyDetails11</name>
                    <title>1.用户管理-会员列表，2.输入achy01会员查询；3.查看该会员资金明细</title>
                    <attachments/>
                    <steps/>
                </step>
            </steps>
            <attachments/>
            <labels>
                <label name="testSuite" value="All Test Suite"/>
                <label name="testGroup" value="平台管理员"/>
                <label name="testClass" value="Backstage.admin.moneyDetails"/>
                <label name="testMethod" value="moneyDetails11"/>
                <label name="severity" value="blocker"/>
                <label name="issue" value="http://10.1.101.66:890/index.php?m=testcase&amp;f=view&amp;caseID=45&amp;version=1"/>
                <label name="story" value="会员列表-achy01会员资金明细"/>
                <label name="feature" value="用户管理"/>
                <label name="host" value="DESKTOP-8DI1090"/>
                <label name="thread" value="4520@DESKTOP-8DI1090.main(1)"/>
            </labels>
        </test-case>
        <test-case start="1576289052150" stop="1576289052241" status="passed">
            <name>moneyDetails12</name>
            <title>验证会员资金明细数据12</title>
            <description type="text">测试achy01的资金明细数据，资金账变是否有误</description>
            <steps>
                <step start="1576289052150" stop="1576289052240" status="passed">
                    <name>moneyDetails12</name>
                    <title>1.用户管理-会员列表，2.输入achy01会员查询；3.查看该会员资金明细</title>
                    <attachments/>
                    <steps/>
                </step>
            </steps>
            <attachments/>
            <labels>
                <label name="testSuite" value="All Test Suite"/>
                <label name="testGroup" value="平台管理员"/>
                <label name="testClass" value="Backstage.admin.moneyDetails"/>
                <label name="testMethod" value="moneyDetails12"/>
                <label name="severity" value="blocker"/>
                <label name="issue" value="http://10.1.101.66:890/index.php?m=testcase&amp;f=view&amp;caseID=45&amp;version=1"/>
                <label name="story" value="会员列表-achy01会员资金明细"/>
                <label name="feature" value="用户管理"/>
                <label name="host" value="DESKTOP-8DI1090"/>
                <label name="thread" value="4520@DESKTOP-8DI1090.main(1)"/>
            </labels>
        </test-case>
        <test-case start="1576289052242" stop="1576289052335" status="passed">
            <name>moneyDetails13</name>
            <title>验证会员资金明细数据13</title>
            <description type="text">测试achy01的资金明细数据，资金账变是否有误</description>
            <steps>
                <step start="1576289052243" stop="1576289052334" status="passed">
                    <name>moneyDetails13</name>
                    <title>1.用户管理-会员列表，2.输入achy01会员查询；3.查看该会员资金明细</title>
                    <attachments/>
                    <steps/>
                </step>
            </steps>
            <attachments/>
            <labels>
                <label name="testSuite" value="All Test Suite"/>
                <label name="testGroup" value="平台管理员"/>
                <label name="testClass" value="Backstage.admin.moneyDetails"/>
                <label name="testMethod" value="moneyDetails13"/>
                <label name="severity" value="blocker"/>
                <label name="issue" value="http://10.1.101.66:890/index.php?m=testcase&amp;f=view&amp;caseID=45&amp;version=1"/>
                <label name="story" value="会员列表-achy01会员资金明细"/>
                <label name="feature" value="用户管理"/>
                <label name="host" value="DESKTOP-8DI1090"/>
                <label name="thread" value="4520@DESKTOP-8DI1090.main(1)"/>
            </labels>
        </test-case>
        <test-case start="1576289052337" stop="1576289052430" status="passed">
            <name>moneyDetails14</name>
            <title>验证会员资金明细数据14</title>
            <description type="text">测试achy01的资金明细数据，资金账变是否有误</description>
            <steps>
                <step start="1576289052338" stop="1576289052429" status="passed">
                    <name>moneyDetails14</name>
                    <title>1.用户管理-会员列表，2.输入achy01会员查询；3.查看该会员资金明细</title>
                    <attachments/>
                    <steps/>
                </step>
            </steps>
            <attachments/>
            <labels>
                <label name="testSuite" value="All Test Suite"/>
                <label name="testGroup" value="平台管理员"/>
                <label name="testClass" value="Backstage.admin.moneyDetails"/>
                <label name="testMethod" value="moneyDetails14"/>
                <label name="severity" value="blocker"/>
                <label name="issue" value="http://10.1.101.66:890/index.php?m=testcase&amp;f=view&amp;caseID=45&amp;version=1"/>
                <label name="story" value="会员列表-achy01会员资金明细"/>
                <label name="feature" value="用户管理"/>
                <label name="host" value="DESKTOP-8DI1090"/>
                <label name="thread" value="4520@DESKTOP-8DI1090.main(1)"/>
            </labels>
        </test-case>
        <test-case start="1576289052432" stop="1576289052523" status="passed">
            <name>moneyDetails15</name>
            <title>验证会员资金明细数据15</title>
            <description type="text">测试achy01的资金明细数据，资金账变是否有误</description>
            <steps>
                <step start="1576289052432" stop="1576289052521" status="passed">
                    <name>moneyDetails15</name>
                    <title>1.用户管理-会员列表，2.输入achy01会员查询；3.查看该会员资金明细</title>
                    <attachments/>
                    <steps/>
                </step>
            </steps>
            <attachments/>
            <labels>
                <label name="testSuite" value="All Test Suite"/>
                <label name="testGroup" value="平台管理员"/>
                <label name="testClass" value="Backstage.admin.moneyDetails"/>
                <label name="testMethod" value="moneyDetails15"/>
                <label name="severity" value="blocker"/>
                <label name="issue" value="http://10.1.101.66:890/index.php?m=testcase&amp;f=view&amp;caseID=45&amp;version=1"/>
                <label name="story" value="会员列表-achy01会员资金明细"/>
                <label name="feature" value="用户管理"/>
                <label name="host" value="DESKTOP-8DI1090"/>
                <label name="thread" value="4520@DESKTOP-8DI1090.main(1)"/>
            </labels>
        </test-case>
        <test-case start="1576289052524" stop="1576289052631" status="passed">
            <name>moneyDetails16</name>
            <title>验证会员资金明细数据16</title>
            <description type="text">测试achy01的资金明细数据，资金账变是否有误</description>
            <steps>
                <step start="1576289052525" stop="1576289052629" status="passed">
                    <name>moneyDetails16</name>
                    <title>1.用户管理-会员列表，2.输入achy01会员查询；3.查看该会员资金明细</title>
                    <attachments/>
                    <steps/>
                </step>
            </steps>
            <attachments/>
            <labels>
                <label name="testSuite" value="All Test Suite"/>
                <label name="testGroup" value="平台管理员"/>
                <label name="testClass" value="Backstage.admin.moneyDetails"/>
                <label name="testMethod" value="moneyDetails16"/>
                <label name="severity" value="blocker"/>
                <label name="issue" value="http://10.1.101.66:890/index.php?m=testcase&amp;f=view&amp;caseID=45&amp;version=1"/>
                <label name="story" value="会员列表-achy01会员资金明细"/>
                <label name="feature" value="用户管理"/>
                <label name="host" value="DESKTOP-8DI1090"/>
                <label name="thread" value="4520@DESKTOP-8DI1090.main(1)"/>
            </labels>
        </test-case>
        <test-case start="1576289052632" stop="1576289052729" status="passed">
            <name>moneyDetails17</name>
            <title>验证会员资金明细数据17</title>
            <description type="text">测试achy01的资金明细数据，资金账变是否有误</description>
            <steps>
                <step start="1576289052632" stop="1576289052728" status="passed">
                    <name>moneyDetails17</name>
                    <title>1.用户管理-会员列表，2.输入achy01会员查询；3.查看该会员资金明细</title>
                    <attachments/>
                    <steps/>
                </step>
            </steps>
            <attachments/>
            <labels>
                <label name="testSuite" value="All Test Suite"/>
                <label name="testGroup" value="平台管理员"/>
                <label name="testClass" value="Backstage.admin.moneyDetails"/>
                <label name="testMethod" value="moneyDetails17"/>
                <label name="severity" value="blocker"/>
                <label name="issue" value="http://10.1.101.66:890/index.php?m=testcase&amp;f=view&amp;caseID=45&amp;version=1"/>
                <label name="story" value="会员列表-achy01会员资金明细"/>
                <label name="feature" value="用户管理"/>
                <label name="host" value="DESKTOP-8DI1090"/>
                <label name="thread" value="4520@DESKTOP-8DI1090.main(1)"/>
            </labels>
        </test-case>
        <test-case start="1576289052730" stop="1576289052838" status="passed">
            <name>moneyDetails18</name>
            <title>验证会员资金明细数据18</title>
            <description type="text">测试achy01的资金明细数据，资金账变是否有误</description>
            <steps>
                <step start="1576289052731" stop="1576289052836" status="passed">
                    <name>moneyDetails18</name>
                    <title>1.用户管理-会员列表，2.输入achy01会员查询；3.查看该会员资金明细</title>
                    <attachments/>
                    <steps/>
                </step>
            </steps>
            <attachments/>
            <labels>
                <label name="testSuite" value="All Test Suite"/>
                <label name="testGroup" value="平台管理员"/>
                <label name="testClass" value="Backstage.admin.moneyDetails"/>
                <label name="testMethod" value="moneyDetails18"/>
                <label name="severity" value="blocker"/>
                <label name="issue" value="http://10.1.101.66:890/index.php?m=testcase&amp;f=view&amp;caseID=45&amp;version=1"/>
                <label name="story" value="会员列表-achy01会员资金明细"/>
                <label name="feature" value="用户管理"/>
                <label name="host" value="DESKTOP-8DI1090"/>
                <label name="thread" value="4520@DESKTOP-8DI1090.main(1)"/>
            </labels>
        </test-case>
        <test-case start="1576289052839" stop="1576289052949" status="failed">
            <name>moneyDetails19</name>
            <title>验证会员资金明细数据19</title>
            <description type="text">测试achy01的资金明细数据，资金账变是否有误</description>
            <failure>
                <message>AssertionError: expected [true] but found [false]</message>
                <stack-trace>java.lang.AssertionError: expected [true] but found [false]
	at org.testng.Assert.fail(Assert.java:94)
	at org.testng.Assert.failNotEquals(Assert.java:496)
	at org.testng.Assert.assertTrue(Assert.java:42)
	at org.testng.Assert.assertTrue(Assert.java:52)
	at Backstage.admin.moneyDetails.moneyDetails19(moneyDetails.java:792)
	at sun.reflect.NativeMethodAccessorImpl.invoke0(Native Method)
	at sun.reflect.NativeMethodAccessorImpl.invoke(NativeMethodAccessorImpl.java:62)
	at sun.reflect.DelegatingMethodAccessorImpl.invoke(DelegatingMethodAccessorImpl.java:43)
	at java.lang.reflect.Method.invoke(Method.java:498)
	at org.testng.internal.MethodInvocationHelper.invokeMethod(MethodInvocationHelper.java:85)
	at org.testng.internal.Invoker.invokeMethod(Invoker.java:639)
	at org.testng.internal.Invoker.invokeTestMethod(Invoker.java:816)
	at org.testng.internal.Invoker.invokeTestMethods(Invoker.java:1124)
	at org.testng.internal.TestMethodWorker.invokeTestMethods(TestMethodWorker.java:125)
	at org.testng.internal.TestMethodWorker.run(TestMethodWorker.java:108)
	at org.testng.TestRunner.privateRun(TestRunner.java:774)
	at org.testng.TestRunner.run(TestRunner.java:624)
	at org.testng.SuiteRunner.runTest(SuiteRunner.java:359)
	at org.testng.SuiteRunner.runSequentially(SuiteRunner.java:354)
	at org.testng.SuiteRunner.privateRun(SuiteRunner.java:312)
	at org.testng.SuiteRunner.run(SuiteRunner.java:261)
	at org.testng.SuiteRunnerWorker.runSuite(SuiteRunnerWorker.java:52)
	at org.testng.SuiteRunnerWorker.run(SuiteRunnerWorker.java:86)
	at org.testng.TestNG.runSuitesSequentially(TestNG.java:1191)
	at org.testng.TestNG.runSuitesLocally(TestNG.java:1116)
	at org.testng.TestNG.run(TestNG.java:1024)
	at org.apache.maven.surefire.testng.TestNGExecutor.run(TestNGExecutor.java:283)
	at org.apache.maven.surefire.testng.TestNGXmlTestSuite.execute(TestNGXmlTestSuite.java:75)
	at org.apache.maven.surefire.testng.TestNGProvider.invoke(TestNGProvider.java:120)
	at org.apache.maven.surefire.booter.ForkedBooter.invokeProviderInSameClassLoader(ForkedBooter.java:386)
	at org.apache.maven.surefire.booter.ForkedBooter.runSuitesInProcess(ForkedBooter.java:323)
	at org.apache.maven.surefire.booter.ForkedBooter.main(ForkedBooter.java:143)
</stack-trace>
            </failure>
            <steps>
                <step start="1576289052840" stop="1576289052948" status="failed">
                    <name>moneyDetails19</name>
                    <title>1.用户管理-会员列表，2.输入achy01会员查询；3.查看该会员资金明细</title>
                </step>
            </steps>
            <attachments/>
            <labels>
                <label name="testSuite" value="All Test Suite"/>
                <label name="testGroup" value="平台管理员"/>
                <label name="testClass" value="Backstage.admin.moneyDetails"/>
                <label name="testMethod" value="moneyDetails19"/>
                <label name="severity" value="blocker"/>
                <label name="issue" value="http://10.1.101.66:890/index.php?m=testcase&amp;f=view&amp;caseID=45&amp;version=1"/>
                <label name="story" value="会员列表-achy01会员资金明细"/>
                <label name="feature" value="用户管理"/>
                <label name="host" value="DESKTOP-8DI1090"/>
                <label name="thread" value="4520@DESKTOP-8DI1090.main(1)"/>
            </labels>
        </test-case>
    </test-cases>
    <labels>
        <label name="framework" value="TestNG"/>
        <label name="language" value="JAVA"/>
    </labels>
</ns2:test-suite>
