<?xml version="1.0" encoding="UTF-8" standalone="yes"?>
<ns2:test-suite xmlns:ns2="urn:model.allure.qatools.yandex.ru" start="1578373857539" stop="1578374136105" version="1.4.8">
    <name>All Test Suite</name>
    <title>All Test Suite : 平台管理员[]</title>
    <test-cases>
        <test-case start="1578373877800" stop="1578373881994" status="passed">
            <name>playerNumber</name>
            <title>验证仪表盘平台总会员数</title>
            <steps>
                <step start="1578373877955" stop="1578373881871" status="passed">
                    <name>playerNumber</name>
                    <title>1.进入仪表盘; 2.获取会员数量; 3.进入会员列表；4.获取列表会员总数</title>
                    <attachments/>
                    <steps/>
                </step>
            </steps>
            <attachments/>
            <labels>
                <label name="severity" value="blocker"/>
                <label name="issue" value="http://10.1.101.66:890/index.php?m=testcase&amp;f=view&amp;caseID=13&amp;version=1"/>
                <label name="story" value="会员数量"/>
                <label name="feature" value="仪表盘"/>
                <label name="host" value="DESKTOP-8DI1090"/>
                <label name="thread" value="12616@DESKTOP-8DI1090.main"/>
            </labels>
        </test-case>
        <test-case start="1578373882000" stop="1578373887788" status="failed">
            <name>notesNumber</name>
            <title>验证平台总注单量是否有误</title>
            <failure>
                <message>AssertionError: expected [true] but found [false]</message>
                <stack-trace>java.lang.AssertionError: expected [true] but found [false]
	at org.testng.Assert.fail(Assert.java:94)
	at org.testng.Assert.failNotEquals(Assert.java:496)
	at org.testng.Assert.assertTrue(Assert.java:42)
	at org.testng.Assert.assertTrue(Assert.java:52)
	at complex.panel.notesNumber(panel.java:127)
	at sun.reflect.NativeMethodAccessorImpl.invoke0(Native Method)
	at sun.reflect.NativeMethodAccessorImpl.invoke(NativeMethodAccessorImpl.java:62)
	at sun.reflect.DelegatingMethodAccessorImpl.invoke(DelegatingMethodAccessorImpl.java:43)
	at java.lang.reflect.Method.invoke(Method.java:498)
	at org.testng.internal.MethodInvocationHelper.invokeMethod(MethodInvocationHelper.java:85)
	at org.testng.internal.Invoker.invokeMethod(Invoker.java:639)
	at org.testng.internal.Invoker.invokeTestMethod(Invoker.java:816)
	at org.testng.internal.Invoker.invokeTestMethods(Invoker.java:1124)
	at org.testng.internal.TestMethodWorker.invokeTestMethods(TestMethodWorker.java:125)
	at org.testng.internal.TestMethodWorker.run(TestMethodWorker.java:108)
	at org.testng.TestRunner.privateRun(TestRunner.java:774)
	at org.testng.TestRunner.run(TestRunner.java:624)
	at org.testng.SuiteRunner.runTest(SuiteRunner.java:359)
	at org.testng.SuiteRunner.runSequentially(SuiteRunner.java:354)
	at org.testng.SuiteRunner.privateRun(SuiteRunner.java:312)
	at org.testng.SuiteRunner.run(SuiteRunner.java:261)
	at org.testng.SuiteRunnerWorker.runSuite(SuiteRunnerWorker.java:52)
	at org.testng.SuiteRunnerWorker.run(SuiteRunnerWorker.java:86)
	at org.testng.TestNG.runSuitesSequentially(TestNG.java:1191)
	at org.testng.TestNG.runSuitesLocally(TestNG.java:1116)
	at org.testng.TestNG.run(TestNG.java:1024)
	at org.apache.maven.surefire.testng.TestNGExecutor.run(TestNGExecutor.java:283)
	at org.apache.maven.surefire.testng.TestNGXmlTestSuite.execute(TestNGXmlTestSuite.java:75)
	at org.apache.maven.surefire.testng.TestNGProvider.invoke(TestNGProvider.java:120)
	at org.apache.maven.surefire.booter.ForkedBooter.invokeProviderInSameClassLoader(ForkedBooter.java:386)
	at org.apache.maven.surefire.booter.ForkedBooter.runSuitesInProcess(ForkedBooter.java:323)
	at org.apache.maven.surefire.booter.ForkedBooter.main(ForkedBooter.java:143)
</stack-trace>
            </failure>
            <steps>
                <step start="1578373882002" stop="1578373887347" status="failed">
                    <name>notesNumber</name>
                    <title>1.点击仪表盘，2.获取平台总注单量，3.进入历史投注记录，4.获取投注笔数</title>
                </step>
            </steps>
            <attachments/>
            <labels>
                <label name="severity" value="blocker"/>
                <label name="issue" value="http://10.1.101.66:890/index.php?m=testcase&amp;f=view&amp;caseID=14&amp;version=1"/>
                <label name="story" value="平台总注单量"/>
                <label name="feature" value="仪表盘"/>
                <label name="host" value="DESKTOP-8DI1090"/>
                <label name="thread" value="12616@DESKTOP-8DI1090.main"/>
            </labels>
        </test-case>
        <test-case start="1578373887793" stop="1578373892188" status="broken">
            <name>agentNumber</name>
            <title>验证总代理列表代理数数量</title>
            <description type="text">测试总代理列表代理数</description>
            <failure>
                <message>WebDriverException: element click intercepted: Element &lt;span&gt;...&lt;/span&gt; is not clickable at point (729, 168). Other element would receive the click: &lt;li class="el-select-dropdown__item"&gt;...&lt;/li&gt;
  (Session info: chrome=79.0.3945.88)
  (Driver info: chromedriver=78.0.3904.70 (edb9c9f3de0247fd912a77b7f6cae7447f6d3ad5-refs/branch-heads/3904@{#800}),platform=Windows NT 10.0.18363 x86_64) (WARNING: The server did not provide any stacktrace information)
Command duration or timeout: 41 milliseconds
Build info: version: '3.0.0', revision: '350cf60', time: '2016-10-13 10:48:57 -0700'
System info: host: 'DESKTOP-8DI1090', ip: '10.1.101.3', os.name: 'Windows 10', os.arch: 'amd64', os.version: '10.0', java.version: '1.8.0_231'
Driver info: org.openqa.selenium.chrome.ChromeDriver
Capabilities [{mobileEmulationEnabled=false, timeouts={implicit=0, pageLoad=300000, script=30000}, hasTouchScreen=false, platform=XP, acceptSslCerts=false, goog:chromeOptions={debuggerAddress=localhost:54902}, acceptInsecureCerts=false, webStorageEnabled=true, browserName=chrome, takesScreenshot=true, javascriptEnabled=true, setWindowRect=true, unexpectedAlertBehaviour=ignore, applicationCacheEnabled=false, rotatable=false, networkConnectionEnabled=false, chrome={chromedriverVersion=78.0.3904.70 (edb9c9f3de0247fd912a77b7f6cae7447f6d3ad5-refs/branch-heads/3904@{#800}), userDataDir=C:\Users\Owner\AppData\Local\Temp\scoped_dir22852_486288003}, takesHeapSnapshot=true, pageLoadStrategy=normal, strictFileInteractability=false, databaseEnabled=false, handlesAlerts=true, version=79.0.3945.88, browserConnectionEnabled=false, proxy={}, nativeEvents=true, locationContextEnabled=true, cssSelectorsEnabled=true}]
Session ID: 033c6dd80c57f92b998d2102efd6b53a</message>
                <stack-trace>org.openqa.selenium.WebDriverException: element click intercepted: Element &lt;span&gt;...&lt;/span&gt; is not clickable at point (729, 168). Other element would receive the click: &lt;li class="el-select-dropdown__item"&gt;...&lt;/li&gt;
  (Session info: chrome=79.0.3945.88)
  (Driver info: chromedriver=78.0.3904.70 (edb9c9f3de0247fd912a77b7f6cae7447f6d3ad5-refs/branch-heads/3904@{#800}),platform=Windows NT 10.0.18363 x86_64) (WARNING: The server did not provide any stacktrace information)
Command duration or timeout: 41 milliseconds
Build info: version: '3.0.0', revision: '350cf60', time: '2016-10-13 10:48:57 -0700'
System info: host: 'DESKTOP-8DI1090', ip: '10.1.101.3', os.name: 'Windows 10', os.arch: 'amd64', os.version: '10.0', java.version: '1.8.0_231'
Driver info: org.openqa.selenium.chrome.ChromeDriver
Capabilities [{mobileEmulationEnabled=false, timeouts={implicit=0, pageLoad=300000, script=30000}, hasTouchScreen=false, platform=XP, acceptSslCerts=false, goog:chromeOptions={debuggerAddress=localhost:54902}, acceptInsecureCerts=false, webStorageEnabled=true, browserName=chrome, takesScreenshot=true, javascriptEnabled=true, setWindowRect=true, unexpectedAlertBehaviour=ignore, applicationCacheEnabled=false, rotatable=false, networkConnectionEnabled=false, chrome={chromedriverVersion=78.0.3904.70 (edb9c9f3de0247fd912a77b7f6cae7447f6d3ad5-refs/branch-heads/3904@{#800}), userDataDir=C:\Users\Owner\AppData\Local\Temp\scoped_dir22852_486288003}, takesHeapSnapshot=true, pageLoadStrategy=normal, strictFileInteractability=false, databaseEnabled=false, handlesAlerts=true, version=79.0.3945.88, browserConnectionEnabled=false, proxy={}, nativeEvents=true, locationContextEnabled=true, cssSelectorsEnabled=true}]
Session ID: 033c6dd80c57f92b998d2102efd6b53a
	at sun.reflect.NativeConstructorAccessorImpl.newInstance0(Native Method)
	at sun.reflect.NativeConstructorAccessorImpl.newInstance(NativeConstructorAccessorImpl.java:62)
	at sun.reflect.DelegatingConstructorAccessorImpl.newInstance(DelegatingConstructorAccessorImpl.java:45)
	at java.lang.reflect.Constructor.newInstance(Constructor.java:423)
	at org.openqa.selenium.remote.ErrorHandler.createThrowable(ErrorHandler.java:216)
	at org.openqa.selenium.remote.ErrorHandler.throwIfResponseFailed(ErrorHandler.java:168)
	at org.openqa.selenium.remote.RemoteWebDriver.execute(RemoteWebDriver.java:635)
	at org.openqa.selenium.remote.RemoteWebElement.execute(RemoteWebElement.java:274)
	at org.openqa.selenium.remote.RemoteWebElement.click(RemoteWebElement.java:84)
	at SeleniumMethod.WebDriverUtil.xpathClick(WebDriverUtil.java:307)
	at complex.UserManagement.agentNumber(UserManagement.java:54)
	at sun.reflect.NativeMethodAccessorImpl.invoke0(Native Method)
	at sun.reflect.NativeMethodAccessorImpl.invoke(NativeMethodAccessorImpl.java:62)
	at sun.reflect.DelegatingMethodAccessorImpl.invoke(DelegatingMethodAccessorImpl.java:43)
	at java.lang.reflect.Method.invoke(Method.java:498)
	at org.testng.internal.MethodInvocationHelper.invokeMethod(MethodInvocationHelper.java:85)
	at org.testng.internal.Invoker.invokeMethod(Invoker.java:639)
	at org.testng.internal.Invoker.invokeTestMethod(Invoker.java:816)
	at org.testng.internal.Invoker.invokeTestMethods(Invoker.java:1124)
	at org.testng.internal.TestMethodWorker.invokeTestMethods(TestMethodWorker.java:125)
	at org.testng.internal.TestMethodWorker.run(TestMethodWorker.java:108)
	at org.testng.TestRunner.privateRun(TestRunner.java:774)
	at org.testng.TestRunner.run(TestRunner.java:624)
	at org.testng.SuiteRunner.runTest(SuiteRunner.java:359)
	at org.testng.SuiteRunner.runSequentially(SuiteRunner.java:354)
	at org.testng.SuiteRunner.privateRun(SuiteRunner.java:312)
	at org.testng.SuiteRunner.run(SuiteRunner.java:261)
	at org.testng.SuiteRunnerWorker.runSuite(SuiteRunnerWorker.java:52)
	at org.testng.SuiteRunnerWorker.run(SuiteRunnerWorker.java:86)
	at org.testng.TestNG.runSuitesSequentially(TestNG.java:1191)
	at org.testng.TestNG.runSuitesLocally(TestNG.java:1116)
	at org.testng.TestNG.run(TestNG.java:1024)
	at org.apache.maven.surefire.testng.TestNGExecutor.run(TestNGExecutor.java:283)
	at org.apache.maven.surefire.testng.TestNGXmlTestSuite.execute(TestNGXmlTestSuite.java:75)
	at org.apache.maven.surefire.testng.TestNGProvider.invoke(TestNGProvider.java:120)
	at org.apache.maven.surefire.booter.ForkedBooter.invokeProviderInSameClassLoader(ForkedBooter.java:386)
	at org.apache.maven.surefire.booter.ForkedBooter.runSuitesInProcess(ForkedBooter.java:323)
	at org.apache.maven.surefire.booter.ForkedBooter.main(ForkedBooter.java:143)
</stack-trace>
            </failure>
            <steps>
                <step start="1578373887795" stop="1578373891570" status="broken">
                    <name>agentNumber</name>
                    <title>1.进入总代理报表，2.获取总代理代理数，3.点击代理列表，4.选择筛选上级代理zdl查询，5.获取页面代理数量</title>
                </step>
            </steps>
            <attachments/>
            <labels>
                <label name="severity" value="blocker"/>
                <label name="issue" value="http://10.1.101.66:890/index.php?m=testcase&amp;f=view&amp;caseID=15&amp;version=1"/>
                <label name="story" value="总代理列表"/>
                <label name="feature" value="用户管理"/>
                <label name="host" value="DESKTOP-8DI1090"/>
                <label name="thread" value="12616@DESKTOP-8DI1090.main"/>
            </labels>
        </test-case>
        <test-case start="1578373892189" stop="1578373903794" status="broken">
            <name>vipNumber</name>
            <title>验证总代理列表会员数数量</title>
            <description type="text">测试总代理列表会员数</description>
            <failure>
                <message>NoSuchElementException: no such element: Unable to locate element: {"method":"xpath","selector":"//*[@id="app"]/div/div[2]/section/div/div[2]/div[1]/div[3]/table/tbody/tr[1]/td[4]/div/section/a/span"}
  (Session info: chrome=79.0.3945.88)
  (Driver info: chromedriver=78.0.3904.70 (edb9c9f3de0247fd912a77b7f6cae7447f6d3ad5-refs/branch-heads/3904@{#800}),platform=Windows NT 10.0.18363 x86_64) (WARNING: The server did not provide any stacktrace information)
Command duration or timeout: 10.04 seconds
For documentation on this error, please visit: http://seleniumhq.org/exceptions/no_such_element.html
Build info: version: '3.0.0', revision: '350cf60', time: '2016-10-13 10:48:57 -0700'
System info: host: 'DESKTOP-8DI1090', ip: '10.1.101.3', os.name: 'Windows 10', os.arch: 'amd64', os.version: '10.0', java.version: '1.8.0_231'
Driver info: org.openqa.selenium.chrome.ChromeDriver
Capabilities [{mobileEmulationEnabled=false, timeouts={implicit=0, pageLoad=300000, script=30000}, hasTouchScreen=false, platform=XP, acceptSslCerts=false, goog:chromeOptions={debuggerAddress=localhost:54902}, acceptInsecureCerts=false, webStorageEnabled=true, browserName=chrome, takesScreenshot=true, javascriptEnabled=true, setWindowRect=true, unexpectedAlertBehaviour=ignore, applicationCacheEnabled=false, rotatable=false, networkConnectionEnabled=false, chrome={chromedriverVersion=78.0.3904.70 (edb9c9f3de0247fd912a77b7f6cae7447f6d3ad5-refs/branch-heads/3904@{#800}), userDataDir=C:\Users\Owner\AppData\Local\Temp\scoped_dir22852_486288003}, takesHeapSnapshot=true, pageLoadStrategy=normal, strictFileInteractability=false, databaseEnabled=false, handlesAlerts=true, version=79.0.3945.88, browserConnectionEnabled=false, proxy={}, nativeEvents=true, locationContextEnabled=true, cssSelectorsEnabled=true}]
Session ID: 033c6dd80c57f92b998d2102efd6b53a
*** Element info: {Using=xpath, value=//*[@id="app"]/div/div[2]/section/div/div[2]/div[1]/div[3]/table/tbody/tr[1]/td[4]/div/section/a/span}</message>
                <stack-trace>org.openqa.selenium.NoSuchElementException: no such element: Unable to locate element: {"method":"xpath","selector":"//*[@id="app"]/div/div[2]/section/div/div[2]/div[1]/div[3]/table/tbody/tr[1]/td[4]/div/section/a/span"}
  (Session info: chrome=79.0.3945.88)
  (Driver info: chromedriver=78.0.3904.70 (edb9c9f3de0247fd912a77b7f6cae7447f6d3ad5-refs/branch-heads/3904@{#800}),platform=Windows NT 10.0.18363 x86_64) (WARNING: The server did not provide any stacktrace information)
Command duration or timeout: 10.04 seconds
For documentation on this error, please visit: http://seleniumhq.org/exceptions/no_such_element.html
Build info: version: '3.0.0', revision: '350cf60', time: '2016-10-13 10:48:57 -0700'
System info: host: 'DESKTOP-8DI1090', ip: '10.1.101.3', os.name: 'Windows 10', os.arch: 'amd64', os.version: '10.0', java.version: '1.8.0_231'
Driver info: org.openqa.selenium.chrome.ChromeDriver
Capabilities [{mobileEmulationEnabled=false, timeouts={implicit=0, pageLoad=300000, script=30000}, hasTouchScreen=false, platform=XP, acceptSslCerts=false, goog:chromeOptions={debuggerAddress=localhost:54902}, acceptInsecureCerts=false, webStorageEnabled=true, browserName=chrome, takesScreenshot=true, javascriptEnabled=true, setWindowRect=true, unexpectedAlertBehaviour=ignore, applicationCacheEnabled=false, rotatable=false, networkConnectionEnabled=false, chrome={chromedriverVersion=78.0.3904.70 (edb9c9f3de0247fd912a77b7f6cae7447f6d3ad5-refs/branch-heads/3904@{#800}), userDataDir=C:\Users\Owner\AppData\Local\Temp\scoped_dir22852_486288003}, takesHeapSnapshot=true, pageLoadStrategy=normal, strictFileInteractability=false, databaseEnabled=false, handlesAlerts=true, version=79.0.3945.88, browserConnectionEnabled=false, proxy={}, nativeEvents=true, locationContextEnabled=true, cssSelectorsEnabled=true}]
Session ID: 033c6dd80c57f92b998d2102efd6b53a
*** Element info: {Using=xpath, value=//*[@id="app"]/div/div[2]/section/div/div[2]/div[1]/div[3]/table/tbody/tr[1]/td[4]/div/section/a/span}
	at sun.reflect.NativeConstructorAccessorImpl.newInstance0(Native Method)
	at sun.reflect.NativeConstructorAccessorImpl.newInstance(NativeConstructorAccessorImpl.java:62)
	at sun.reflect.DelegatingConstructorAccessorImpl.newInstance(DelegatingConstructorAccessorImpl.java:45)
	at java.lang.reflect.Constructor.newInstance(Constructor.java:423)
	at org.openqa.selenium.remote.ErrorHandler.createThrowable(ErrorHandler.java:216)
	at org.openqa.selenium.remote.ErrorHandler.throwIfResponseFailed(ErrorHandler.java:168)
	at org.openqa.selenium.remote.RemoteWebDriver.execute(RemoteWebDriver.java:635)
	at org.openqa.selenium.remote.RemoteWebDriver.findElement(RemoteWebDriver.java:368)
	at org.openqa.selenium.remote.RemoteWebDriver.findElementByXPath(RemoteWebDriver.java:473)
	at org.openqa.selenium.By$ByXPath.findElement(By.java:361)
	at org.openqa.selenium.remote.RemoteWebDriver.findElement(RemoteWebDriver.java:360)
	at SeleniumMethod.WebDriverUtil.findElementByXpath(WebDriverUtil.java:192)
	at SeleniumMethod.WebDriverUtil.getTextByXpath(WebDriverUtil.java:448)
	at complex.UserManagement.vipNumber(UserManagement.java:94)
	at sun.reflect.NativeMethodAccessorImpl.invoke0(Native Method)
	at sun.reflect.NativeMethodAccessorImpl.invoke(NativeMethodAccessorImpl.java:62)
	at sun.reflect.DelegatingMethodAccessorImpl.invoke(DelegatingMethodAccessorImpl.java:43)
	at java.lang.reflect.Method.invoke(Method.java:498)
	at org.testng.internal.MethodInvocationHelper.invokeMethod(MethodInvocationHelper.java:85)
	at org.testng.internal.Invoker.invokeMethod(Invoker.java:639)
	at org.testng.internal.Invoker.invokeTestMethod(Invoker.java:816)
	at org.testng.internal.Invoker.invokeTestMethods(Invoker.java:1124)
	at org.testng.internal.TestMethodWorker.invokeTestMethods(TestMethodWorker.java:125)
	at org.testng.internal.TestMethodWorker.run(TestMethodWorker.java:108)
	at org.testng.TestRunner.privateRun(TestRunner.java:774)
	at org.testng.TestRunner.run(TestRunner.java:624)
	at org.testng.SuiteRunner.runTest(SuiteRunner.java:359)
	at org.testng.SuiteRunner.runSequentially(SuiteRunner.java:354)
	at org.testng.SuiteRunner.privateRun(SuiteRunner.java:312)
	at org.testng.SuiteRunner.run(SuiteRunner.java:261)
	at org.testng.SuiteRunnerWorker.runSuite(SuiteRunnerWorker.java:52)
	at org.testng.SuiteRunnerWorker.run(SuiteRunnerWorker.java:86)
	at org.testng.TestNG.runSuitesSequentially(TestNG.java:1191)
	at org.testng.TestNG.runSuitesLocally(TestNG.java:1116)
	at org.testng.TestNG.run(TestNG.java:1024)
	at org.apache.maven.surefire.testng.TestNGExecutor.run(TestNGExecutor.java:283)
	at org.apache.maven.surefire.testng.TestNGXmlTestSuite.execute(TestNGXmlTestSuite.java:75)
	at org.apache.maven.surefire.testng.TestNGProvider.invoke(TestNGProvider.java:120)
	at org.apache.maven.surefire.booter.ForkedBooter.invokeProviderInSameClassLoader(ForkedBooter.java:386)
	at org.apache.maven.surefire.booter.ForkedBooter.runSuitesInProcess(ForkedBooter.java:323)
	at org.apache.maven.surefire.booter.ForkedBooter.main(ForkedBooter.java:143)
</stack-trace>
            </failure>
            <steps>
                <step start="1578373892191" stop="1578373903380" status="broken">
                    <name>vipNumber</name>
                    <title>1.进入总代理列表，2.获取总代理会员数，3.点击会员列表，4.勾选测试用户，选择上级代理zdl查询，5.获取会员数</title>
                </step>
            </steps>
            <attachments/>
            <labels>
                <label name="severity" value="blocker"/>
                <label name="issue" value="http://10.1.101.66:890/index.php?m=testcase&amp;f=view&amp;caseID=16&amp;version=1"/>
                <label name="story" value="总代理列表"/>
                <label name="feature" value="用户管理"/>
                <label name="host" value="DESKTOP-8DI1090"/>
                <label name="thread" value="12616@DESKTOP-8DI1090.main"/>
            </labels>
        </test-case>
        <test-case start="1578373903795" stop="1578373915441" status="broken">
            <name>agentVipNumber</name>
            <title>验证代理列表会员数数量</title>
            <description type="text">测试代理会员数是否等于会员列表该会员数量</description>
            <failure>
                <message>NoSuchElementException: no such element: Unable to locate element: {"method":"xpath","selector":"//*[@id="app"]/div/div[2]/section/div/div/div[2]/div[1]/div[3]/table/tbody/tr[1]/td[4]/div/section/a/span"}
  (Session info: chrome=79.0.3945.88)
  (Driver info: chromedriver=78.0.3904.70 (edb9c9f3de0247fd912a77b7f6cae7447f6d3ad5-refs/branch-heads/3904@{#800}),platform=Windows NT 10.0.18363 x86_64) (WARNING: The server did not provide any stacktrace information)
Command duration or timeout: 10.05 seconds
For documentation on this error, please visit: http://seleniumhq.org/exceptions/no_such_element.html
Build info: version: '3.0.0', revision: '350cf60', time: '2016-10-13 10:48:57 -0700'
System info: host: 'DESKTOP-8DI1090', ip: '10.1.101.3', os.name: 'Windows 10', os.arch: 'amd64', os.version: '10.0', java.version: '1.8.0_231'
Driver info: org.openqa.selenium.chrome.ChromeDriver
Capabilities [{mobileEmulationEnabled=false, timeouts={implicit=0, pageLoad=300000, script=30000}, hasTouchScreen=false, platform=XP, acceptSslCerts=false, goog:chromeOptions={debuggerAddress=localhost:54902}, acceptInsecureCerts=false, webStorageEnabled=true, browserName=chrome, takesScreenshot=true, javascriptEnabled=true, setWindowRect=true, unexpectedAlertBehaviour=ignore, applicationCacheEnabled=false, rotatable=false, networkConnectionEnabled=false, chrome={chromedriverVersion=78.0.3904.70 (edb9c9f3de0247fd912a77b7f6cae7447f6d3ad5-refs/branch-heads/3904@{#800}), userDataDir=C:\Users\Owner\AppData\Local\Temp\scoped_dir22852_486288003}, takesHeapSnapshot=true, pageLoadStrategy=normal, strictFileInteractability=false, databaseEnabled=false, handlesAlerts=true, version=79.0.3945.88, browserConnectionEnabled=false, proxy={}, nativeEvents=true, locationContextEnabled=true, cssSelectorsEnabled=true}]
Session ID: 033c6dd80c57f92b998d2102efd6b53a
*** Element info: {Using=xpath, value=//*[@id="app"]/div/div[2]/section/div/div/div[2]/div[1]/div[3]/table/tbody/tr[1]/td[4]/div/section/a/span}</message>
                <stack-trace>org.openqa.selenium.NoSuchElementException: no such element: Unable to locate element: {"method":"xpath","selector":"//*[@id="app"]/div/div[2]/section/div/div/div[2]/div[1]/div[3]/table/tbody/tr[1]/td[4]/div/section/a/span"}
  (Session info: chrome=79.0.3945.88)
  (Driver info: chromedriver=78.0.3904.70 (edb9c9f3de0247fd912a77b7f6cae7447f6d3ad5-refs/branch-heads/3904@{#800}),platform=Windows NT 10.0.18363 x86_64) (WARNING: The server did not provide any stacktrace information)
Command duration or timeout: 10.05 seconds
For documentation on this error, please visit: http://seleniumhq.org/exceptions/no_such_element.html
Build info: version: '3.0.0', revision: '350cf60', time: '2016-10-13 10:48:57 -0700'
System info: host: 'DESKTOP-8DI1090', ip: '10.1.101.3', os.name: 'Windows 10', os.arch: 'amd64', os.version: '10.0', java.version: '1.8.0_231'
Driver info: org.openqa.selenium.chrome.ChromeDriver
Capabilities [{mobileEmulationEnabled=false, timeouts={implicit=0, pageLoad=300000, script=30000}, hasTouchScreen=false, platform=XP, acceptSslCerts=false, goog:chromeOptions={debuggerAddress=localhost:54902}, acceptInsecureCerts=false, webStorageEnabled=true, browserName=chrome, takesScreenshot=true, javascriptEnabled=true, setWindowRect=true, unexpectedAlertBehaviour=ignore, applicationCacheEnabled=false, rotatable=false, networkConnectionEnabled=false, chrome={chromedriverVersion=78.0.3904.70 (edb9c9f3de0247fd912a77b7f6cae7447f6d3ad5-refs/branch-heads/3904@{#800}), userDataDir=C:\Users\Owner\AppData\Local\Temp\scoped_dir22852_486288003}, takesHeapSnapshot=true, pageLoadStrategy=normal, strictFileInteractability=false, databaseEnabled=false, handlesAlerts=true, version=79.0.3945.88, browserConnectionEnabled=false, proxy={}, nativeEvents=true, locationContextEnabled=true, cssSelectorsEnabled=true}]
Session ID: 033c6dd80c57f92b998d2102efd6b53a
*** Element info: {Using=xpath, value=//*[@id="app"]/div/div[2]/section/div/div/div[2]/div[1]/div[3]/table/tbody/tr[1]/td[4]/div/section/a/span}
	at sun.reflect.NativeConstructorAccessorImpl.newInstance0(Native Method)
	at sun.reflect.NativeConstructorAccessorImpl.newInstance(NativeConstructorAccessorImpl.java:62)
	at sun.reflect.DelegatingConstructorAccessorImpl.newInstance(DelegatingConstructorAccessorImpl.java:45)
	at java.lang.reflect.Constructor.newInstance(Constructor.java:423)
	at org.openqa.selenium.remote.ErrorHandler.createThrowable(ErrorHandler.java:216)
	at org.openqa.selenium.remote.ErrorHandler.throwIfResponseFailed(ErrorHandler.java:168)
	at org.openqa.selenium.remote.RemoteWebDriver.execute(RemoteWebDriver.java:635)
	at org.openqa.selenium.remote.RemoteWebDriver.findElement(RemoteWebDriver.java:368)
	at org.openqa.selenium.remote.RemoteWebDriver.findElementByXPath(RemoteWebDriver.java:473)
	at org.openqa.selenium.By$ByXPath.findElement(By.java:361)
	at org.openqa.selenium.remote.RemoteWebDriver.findElement(RemoteWebDriver.java:360)
	at SeleniumMethod.WebDriverUtil.findElementByXpath(WebDriverUtil.java:192)
	at SeleniumMethod.WebDriverUtil.getTextByXpath(WebDriverUtil.java:448)
	at complex.UserManagement.agentVipNumber(UserManagement.java:138)
	at sun.reflect.NativeMethodAccessorImpl.invoke0(Native Method)
	at sun.reflect.NativeMethodAccessorImpl.invoke(NativeMethodAccessorImpl.java:62)
	at sun.reflect.DelegatingMethodAccessorImpl.invoke(DelegatingMethodAccessorImpl.java:43)
	at java.lang.reflect.Method.invoke(Method.java:498)
	at org.testng.internal.MethodInvocationHelper.invokeMethod(MethodInvocationHelper.java:85)
	at org.testng.internal.Invoker.invokeMethod(Invoker.java:639)
	at org.testng.internal.Invoker.invokeTestMethod(Invoker.java:816)
	at org.testng.internal.Invoker.invokeTestMethods(Invoker.java:1124)
	at org.testng.internal.TestMethodWorker.invokeTestMethods(TestMethodWorker.java:125)
	at org.testng.internal.TestMethodWorker.run(TestMethodWorker.java:108)
	at org.testng.TestRunner.privateRun(TestRunner.java:774)
	at org.testng.TestRunner.run(TestRunner.java:624)
	at org.testng.SuiteRunner.runTest(SuiteRunner.java:359)
	at org.testng.SuiteRunner.runSequentially(SuiteRunner.java:354)
	at org.testng.SuiteRunner.privateRun(SuiteRunner.java:312)
	at org.testng.SuiteRunner.run(SuiteRunner.java:261)
	at org.testng.SuiteRunnerWorker.runSuite(SuiteRunnerWorker.java:52)
	at org.testng.SuiteRunnerWorker.run(SuiteRunnerWorker.java:86)
	at org.testng.TestNG.runSuitesSequentially(TestNG.java:1191)
	at org.testng.TestNG.runSuitesLocally(TestNG.java:1116)
	at org.testng.TestNG.run(TestNG.java:1024)
	at org.apache.maven.surefire.testng.TestNGExecutor.run(TestNGExecutor.java:283)
	at org.apache.maven.surefire.testng.TestNGXmlTestSuite.execute(TestNGXmlTestSuite.java:75)
	at org.apache.maven.surefire.testng.TestNGProvider.invoke(TestNGProvider.java:120)
	at org.apache.maven.surefire.booter.ForkedBooter.invokeProviderInSameClassLoader(ForkedBooter.java:386)
	at org.apache.maven.surefire.booter.ForkedBooter.runSuitesInProcess(ForkedBooter.java:323)
	at org.apache.maven.surefire.booter.ForkedBooter.main(ForkedBooter.java:143)
</stack-trace>
            </failure>
            <steps>
                <step start="1578373903796" stop="1578373915010" status="broken">
                    <name>agentVipNumber</name>
                    <title>1.进入代理列表，2.获取代理会员数，3.点击跳转会员列表，4.获取会员数</title>
                </step>
            </steps>
            <attachments/>
            <labels>
                <label name="severity" value="blocker"/>
                <label name="issue" value="http://10.1.101.66:890/index.php?m=testcase&amp;f=view&amp;caseID=17&amp;version=1"/>
                <label name="story" value="代理列表"/>
                <label name="feature" value="用户管理"/>
                <label name="host" value="DESKTOP-8DI1090"/>
                <label name="thread" value="12616@DESKTOP-8DI1090.main"/>
            </labels>
        </test-case>
        <test-case start="1578373915443" stop="1578373927973" status="broken">
            <name>onlinePlayer</name>
            <title>验证在线玩家踢出功能</title>
            <description type="text">测试踢出玩家功能</description>
            <failure>
                <message>NoSuchElementException: no such element: Unable to locate element: {"method":"xpath","selector":"//*[@id="app"]/div/div[2]/section/div/div[2]/div[1]/div[3]/table/tbody/tr[1]/td[11]/div/section/button/span"}
  (Session info: chrome=79.0.3945.88)
  (Driver info: chromedriver=78.0.3904.70 (edb9c9f3de0247fd912a77b7f6cae7447f6d3ad5-refs/branch-heads/3904@{#800}),platform=Windows NT 10.0.18363 x86_64) (WARNING: The server did not provide any stacktrace information)
Command duration or timeout: 10.04 seconds
For documentation on this error, please visit: http://seleniumhq.org/exceptions/no_such_element.html
Build info: version: '3.0.0', revision: '350cf60', time: '2016-10-13 10:48:57 -0700'
System info: host: 'DESKTOP-8DI1090', ip: '10.1.101.3', os.name: 'Windows 10', os.arch: 'amd64', os.version: '10.0', java.version: '1.8.0_231'
Driver info: org.openqa.selenium.chrome.ChromeDriver
Capabilities [{mobileEmulationEnabled=false, timeouts={implicit=0, pageLoad=300000, script=30000}, hasTouchScreen=false, platform=XP, acceptSslCerts=false, goog:chromeOptions={debuggerAddress=localhost:54902}, acceptInsecureCerts=false, webStorageEnabled=true, browserName=chrome, takesScreenshot=true, javascriptEnabled=true, setWindowRect=true, unexpectedAlertBehaviour=ignore, applicationCacheEnabled=false, rotatable=false, networkConnectionEnabled=false, chrome={chromedriverVersion=78.0.3904.70 (edb9c9f3de0247fd912a77b7f6cae7447f6d3ad5-refs/branch-heads/3904@{#800}), userDataDir=C:\Users\Owner\AppData\Local\Temp\scoped_dir22852_486288003}, takesHeapSnapshot=true, pageLoadStrategy=normal, strictFileInteractability=false, databaseEnabled=false, handlesAlerts=true, version=79.0.3945.88, browserConnectionEnabled=false, proxy={}, nativeEvents=true, locationContextEnabled=true, cssSelectorsEnabled=true}]
Session ID: 033c6dd80c57f92b998d2102efd6b53a
*** Element info: {Using=xpath, value=//*[@id="app"]/div/div[2]/section/div/div[2]/div[1]/div[3]/table/tbody/tr[1]/td[11]/div/section/button/span}</message>
                <stack-trace>org.openqa.selenium.NoSuchElementException: no such element: Unable to locate element: {"method":"xpath","selector":"//*[@id="app"]/div/div[2]/section/div/div[2]/div[1]/div[3]/table/tbody/tr[1]/td[11]/div/section/button/span"}
  (Session info: chrome=79.0.3945.88)
  (Driver info: chromedriver=78.0.3904.70 (edb9c9f3de0247fd912a77b7f6cae7447f6d3ad5-refs/branch-heads/3904@{#800}),platform=Windows NT 10.0.18363 x86_64) (WARNING: The server did not provide any stacktrace information)
Command duration or timeout: 10.04 seconds
For documentation on this error, please visit: http://seleniumhq.org/exceptions/no_such_element.html
Build info: version: '3.0.0', revision: '350cf60', time: '2016-10-13 10:48:57 -0700'
System info: host: 'DESKTOP-8DI1090', ip: '10.1.101.3', os.name: 'Windows 10', os.arch: 'amd64', os.version: '10.0', java.version: '1.8.0_231'
Driver info: org.openqa.selenium.chrome.ChromeDriver
Capabilities [{mobileEmulationEnabled=false, timeouts={implicit=0, pageLoad=300000, script=30000}, hasTouchScreen=false, platform=XP, acceptSslCerts=false, goog:chromeOptions={debuggerAddress=localhost:54902}, acceptInsecureCerts=false, webStorageEnabled=true, browserName=chrome, takesScreenshot=true, javascriptEnabled=true, setWindowRect=true, unexpectedAlertBehaviour=ignore, applicationCacheEnabled=false, rotatable=false, networkConnectionEnabled=false, chrome={chromedriverVersion=78.0.3904.70 (edb9c9f3de0247fd912a77b7f6cae7447f6d3ad5-refs/branch-heads/3904@{#800}), userDataDir=C:\Users\Owner\AppData\Local\Temp\scoped_dir22852_486288003}, takesHeapSnapshot=true, pageLoadStrategy=normal, strictFileInteractability=false, databaseEnabled=false, handlesAlerts=true, version=79.0.3945.88, browserConnectionEnabled=false, proxy={}, nativeEvents=true, locationContextEnabled=true, cssSelectorsEnabled=true}]
Session ID: 033c6dd80c57f92b998d2102efd6b53a
*** Element info: {Using=xpath, value=//*[@id="app"]/div/div[2]/section/div/div[2]/div[1]/div[3]/table/tbody/tr[1]/td[11]/div/section/button/span}
	at sun.reflect.NativeConstructorAccessorImpl.newInstance0(Native Method)
	at sun.reflect.NativeConstructorAccessorImpl.newInstance(NativeConstructorAccessorImpl.java:62)
	at sun.reflect.DelegatingConstructorAccessorImpl.newInstance(DelegatingConstructorAccessorImpl.java:45)
	at java.lang.reflect.Constructor.newInstance(Constructor.java:423)
	at org.openqa.selenium.remote.ErrorHandler.createThrowable(ErrorHandler.java:216)
	at org.openqa.selenium.remote.ErrorHandler.throwIfResponseFailed(ErrorHandler.java:168)
	at org.openqa.selenium.remote.RemoteWebDriver.execute(RemoteWebDriver.java:635)
	at org.openqa.selenium.remote.RemoteWebDriver.findElement(RemoteWebDriver.java:368)
	at org.openqa.selenium.remote.RemoteWebDriver.findElementByXPath(RemoteWebDriver.java:473)
	at org.openqa.selenium.By$ByXPath.findElement(By.java:361)
	at org.openqa.selenium.remote.RemoteWebDriver.findElement(RemoteWebDriver.java:360)
	at SeleniumMethod.WebDriverUtil.xpathClick(WebDriverUtil.java:307)
	at complex.UserManagement.onlinePlayer(UserManagement.java:180)
	at sun.reflect.NativeMethodAccessorImpl.invoke0(Native Method)
	at sun.reflect.NativeMethodAccessorImpl.invoke(NativeMethodAccessorImpl.java:62)
	at sun.reflect.DelegatingMethodAccessorImpl.invoke(DelegatingMethodAccessorImpl.java:43)
	at java.lang.reflect.Method.invoke(Method.java:498)
	at org.testng.internal.MethodInvocationHelper.invokeMethod(MethodInvocationHelper.java:85)
	at org.testng.internal.Invoker.invokeMethod(Invoker.java:639)
	at org.testng.internal.Invoker.invokeTestMethod(Invoker.java:816)
	at org.testng.internal.Invoker.invokeTestMethods(Invoker.java:1124)
	at org.testng.internal.TestMethodWorker.invokeTestMethods(TestMethodWorker.java:125)
	at org.testng.internal.TestMethodWorker.run(TestMethodWorker.java:108)
	at org.testng.TestRunner.privateRun(TestRunner.java:774)
	at org.testng.TestRunner.run(TestRunner.java:624)
	at org.testng.SuiteRunner.runTest(SuiteRunner.java:359)
	at org.testng.SuiteRunner.runSequentially(SuiteRunner.java:354)
	at org.testng.SuiteRunner.privateRun(SuiteRunner.java:312)
	at org.testng.SuiteRunner.run(SuiteRunner.java:261)
	at org.testng.SuiteRunnerWorker.runSuite(SuiteRunnerWorker.java:52)
	at org.testng.SuiteRunnerWorker.run(SuiteRunnerWorker.java:86)
	at org.testng.TestNG.runSuitesSequentially(TestNG.java:1191)
	at org.testng.TestNG.runSuitesLocally(TestNG.java:1116)
	at org.testng.TestNG.run(TestNG.java:1024)
	at org.apache.maven.surefire.testng.TestNGExecutor.run(TestNGExecutor.java:283)
	at org.apache.maven.surefire.testng.TestNGXmlTestSuite.execute(TestNGXmlTestSuite.java:75)
	at org.apache.maven.surefire.testng.TestNGProvider.invoke(TestNGProvider.java:120)
	at org.apache.maven.surefire.booter.ForkedBooter.invokeProviderInSameClassLoader(ForkedBooter.java:386)
	at org.apache.maven.surefire.booter.ForkedBooter.runSuitesInProcess(ForkedBooter.java:323)
	at org.apache.maven.surefire.booter.ForkedBooter.main(ForkedBooter.java:143)
</stack-trace>
            </failure>
            <steps>
                <step start="1578373915444" stop="1578373927583" status="broken">
                    <name>onlinePlayer</name>
                    <title>1.进入用户管理，2.在线玩家点击提出，3.判断是否提出成功</title>
                </step>
            </steps>
            <attachments/>
            <labels>
                <label name="severity" value="blocker"/>
                <label name="issue" value="http://10.1.101.66:890/index.php?m=testcase&amp;f=view&amp;caseID=18&amp;version=1"/>
                <label name="story" value="在线玩家"/>
                <label name="feature" value="用户管理"/>
                <label name="host" value="DESKTOP-8DI1090"/>
                <label name="thread" value="12616@DESKTOP-8DI1090.main"/>
            </labels>
        </test-case>
        <test-case start="1578373927977" stop="1578373934633" status="passed">
            <name>vipNumberMonthsLotty</name>
            <title>验证总代理报表本月会员数</title>
            <description type="text">测试仪表盘总会员数是否等于会员列表的会员数</description>
            <steps>
                <step start="1578373927978" stop="1578373934632" status="passed">
                    <name>vipNumberMonthsLotty</name>
                    <title>1.进入报表管理-总代理报表；2.获取zdl本月会员数；3.点击zdl跳转；4.获取跳转后代理报表会员总数</title>
                    <attachments/>
                    <steps/>
                </step>
            </steps>
            <attachments/>
            <labels>
                <label name="severity" value="blocker"/>
                <label name="issue" value="http://10.1.101.66:890/index.php?m=testcase&amp;f=view&amp;caseID=25&amp;version=1"/>
                <label name="story" value="总代理报表-彩票"/>
                <label name="feature" value="报表管理"/>
                <label name="host" value="DESKTOP-8DI1090"/>
                <label name="thread" value="12616@DESKTOP-8DI1090.main"/>
            </labels>
        </test-case>
        <test-case start="1578373934636" stop="1578373939290" status="passed">
            <name>countTotalLotty</name>
            <title>验证总代理报表本月投注笔数</title>
            <description type="text">测试总代理报表本月充值笔数是否等于跳转后的代理报表的充值笔数总和</description>
            <steps>
                <step start="1578373934639" stop="1578373939287" status="passed">
                    <name>countTotalLotty</name>
                    <title>1.进入报表管理-总代理报表；2.获取zdl本月投注笔数；3.点击zdl跳转；4.获取跳转后代理报表投注总数</title>
                    <attachments/>
                    <steps/>
                </step>
            </steps>
            <attachments/>
            <labels>
                <label name="severity" value="blocker"/>
                <label name="issue" value="http://10.1.101.66:890/index.php?m=testcase&amp;f=view&amp;caseID=26&amp;version=1"/>
                <label name="story" value="总代理报表-彩票"/>
                <label name="feature" value="报表管理"/>
                <label name="host" value="DESKTOP-8DI1090"/>
                <label name="thread" value="12616@DESKTOP-8DI1090.main"/>
            </labels>
        </test-case>
        <test-case start="1578373939296" stop="1578373943973" status="passed">
            <name>betMoneyAgentTotalLotty</name>
            <title>验证总代理报表本月投注金额</title>
            <description type="text">判断总代理报表的投注金额是否等于跳转后的代理报表投注金额总和</description>
            <steps>
                <step start="1578373939299" stop="1578373943972" status="passed">
                    <name>betMoneyAgentTotalLotty</name>
                    <title>1.进入报表管理-总代理报表；2.获取zdl本月投注金额；3.点击zdl跳转；4.获取跳转后代理报表投注金额</title>
                    <attachments/>
                    <steps/>
                </step>
            </steps>
            <attachments/>
            <labels>
                <label name="severity" value="blocker"/>
                <label name="issue" value="http://10.1.101.66:890/index.php?m=testcase&amp;f=view&amp;caseID=27&amp;version=1"/>
                <label name="story" value="总代理报表-彩票"/>
                <label name="feature" value="报表管理"/>
                <label name="host" value="DESKTOP-8DI1090"/>
                <label name="thread" value="12616@DESKTOP-8DI1090.main"/>
            </labels>
        </test-case>
        <test-case start="1578373943976" stop="1578373948676" status="passed">
            <name>winBetMoneyAgentTotalLotty</name>
            <title>验证总代理报表本月赢利投注金额</title>
            <description type="text">判断总代理报表的赢利投注金额是否等于跳转后的代理报表赢利投注金额总和</description>
            <steps>
                <step start="1578373943976" stop="1578373948673" status="passed">
                    <name>winBetMoneyAgentTotalLotty</name>
                    <title>1.进入报表管理-总代理报表；2.获取zdl本月盈利投注金额；3.点击zdl跳转；4.获取跳转后代理报表赢利投注金额</title>
                    <attachments/>
                    <steps/>
                </step>
            </steps>
            <attachments/>
            <labels>
                <label name="severity" value="blocker"/>
                <label name="issue" value="http://10.1.101.66:890/index.php?m=testcase&amp;f=view&amp;caseID=28&amp;version=1"/>
                <label name="story" value="总代理报表-彩票"/>
                <label name="feature" value="报表管理"/>
                <label name="host" value="DESKTOP-8DI1090"/>
                <label name="thread" value="12616@DESKTOP-8DI1090.main"/>
            </labels>
        </test-case>
        <test-case start="1578373948681" stop="1578373953474" status="passed">
            <name>serviceChargeAgentTotalLotty</name>
            <title>验证总代理报表本月充值优惠/服务费金额</title>
            <description type="text">判断总代理报表的充值优惠/手续费金额是否等于跳转后的代理报表充值优惠/手续费金额总和</description>
            <steps>
                <step start="1578373948683" stop="1578373953471" status="passed">
                    <name>serviceChargeAgentTotalLotty</name>
                    <title>1.进入报表管理-总代理报表；2.获取zdl本月盈利投注金额；3.点击zdl跳转；4.获取跳转后代理报表赢利投注金额</title>
                    <attachments/>
                    <steps/>
                </step>
            </steps>
            <attachments/>
            <labels>
                <label name="severity" value="blocker"/>
                <label name="issue" value="http://10.1.101.66:890/index.php?m=testcase&amp;f=view&amp;caseID=29&amp;version=1"/>
                <label name="story" value="总代理报表-彩票"/>
                <label name="feature" value="报表管理"/>
                <label name="host" value="DESKTOP-8DI1090"/>
                <label name="thread" value="12616@DESKTOP-8DI1090.main"/>
            </labels>
        </test-case>
        <test-case start="1578373953480" stop="1578373958235" status="passed">
            <name>waterBreakAgentTotalLotty</name>
            <title>验证总代理报表本月代理退水金额</title>
            <description type="text">判断总代理报表的代理退水金额是否等于跳转后的代理报表代理退水金额总和</description>
            <steps>
                <step start="1578373953482" stop="1578373958229" status="passed">
                    <name>waterBreakAgentTotalLotty</name>
                    <title>1.进入报表管理-总代理报表；2.获取zdl本月代理退水金额；3.点击zdl跳转；4.获取跳转后代理报表代理退水金额</title>
                    <attachments/>
                    <steps/>
                </step>
            </steps>
            <attachments/>
            <labels>
                <label name="severity" value="blocker"/>
                <label name="issue" value="http://10.1.101.66:890/index.php?m=testcase&amp;f=view&amp;caseID=30&amp;version=1"/>
                <label name="story" value="总代理报表-彩票"/>
                <label name="feature" value="报表管理"/>
                <label name="host" value="DESKTOP-8DI1090"/>
                <label name="thread" value="12616@DESKTOP-8DI1090.main"/>
            </labels>
        </test-case>
        <test-case start="1578373958244" stop="1578373963089" status="passed">
            <name>oddsMoneyAgentTotalLotty</name>
            <title>验证总代理报表本月代理赔率金额</title>
            <description type="text">判断总代理报表的代理赔率金额是否等于跳转后的代理报表代理赔率金额总和</description>
            <steps>
                <step start="1578373958248" stop="1578373963085" status="passed">
                    <name>oddsMoneyAgentTotalLotty</name>
                    <title>1.进入报表管理-总代理报表；2.获取zdl本月代理赔率金额；3.点击zdl跳转；4.获取跳转后代理报表代理赔率金额</title>
                    <attachments/>
                    <steps/>
                </step>
            </steps>
            <attachments/>
            <labels>
                <label name="severity" value="blocker"/>
                <label name="issue" value="http://10.1.101.66:890/index.php?m=testcase&amp;f=view&amp;caseID=31&amp;version=1"/>
                <label name="story" value="总代理报表-彩票"/>
                <label name="feature" value="报表管理"/>
                <label name="host" value="DESKTOP-8DI1090"/>
                <label name="thread" value="12616@DESKTOP-8DI1090.main"/>
            </labels>
        </test-case>
        <test-case start="1578373963095" stop="1578373968124" status="passed">
            <name>loseWinAgentTotalLotty</name>
            <title>验证总代理报表本月会员输赢(不包括退水)金额</title>
            <description type="text">判断总代理报表的会员输赢（不包括退水）金额是否等于跳转后的代理报表会员输赢（不包括退水）金额总和</description>
            <steps>
                <step start="1578373963096" stop="1578373968122" status="passed">
                    <name>loseWinAgentTotalLotty</name>
                    <title>1.进入报表管理-总代理报表；2.获取zdl本月会员输赢（不包括退水）金额；3.点击zdl跳转；4.获取跳转后代理报表会员输赢（不包括退水）金额</title>
                    <attachments/>
                    <steps/>
                </step>
            </steps>
            <attachments/>
            <labels>
                <label name="severity" value="blocker"/>
                <label name="issue" value="http://10.1.101.66:890/index.php?m=testcase&amp;f=view&amp;caseID=32&amp;version=1"/>
                <label name="story" value="总代理报表-彩票"/>
                <label name="feature" value="报表管理"/>
                <label name="host" value="DESKTOP-8DI1090"/>
                <label name="thread" value="12616@DESKTOP-8DI1090.main"/>
            </labels>
        </test-case>
        <test-case start="1578373968127" stop="1578373974077" status="passed">
            <name>waterBreakPracticeAgentTotalLotty</name>
            <title>验证总代理报表本月实际退水金额</title>
            <description type="text">判断总代理报表的实际退水金额是否等于跳转后的代理报表实际退水金额总和</description>
            <steps>
                <step start="1578373968128" stop="1578373974076" status="passed">
                    <name>waterBreakPracticeAgentTotalLotty</name>
                    <title>1.进入报表管理-总代理报表；2.获取zdl本月实际退水金额；3.点击zdl跳转；4.获取跳转后代理报表实际退水金额</title>
                    <attachments/>
                    <steps/>
                </step>
            </steps>
            <attachments/>
            <labels>
                <label name="severity" value="blocker"/>
                <label name="issue" value="http://10.1.101.66:890/index.php?m=testcase&amp;f=view&amp;caseID=33&amp;version=1"/>
                <label name="story" value="总代理报表-彩票"/>
                <label name="feature" value="报表管理"/>
                <label name="host" value="DESKTOP-8DI1090"/>
                <label name="thread" value="12616@DESKTOP-8DI1090.main"/>
            </labels>
        </test-case>
        <test-case start="1578373974079" stop="1578373980028" status="passed">
            <name>loseWinAndWaterAgentTotalLotty</name>
            <title>验证总代理报表本月实际输赢(包括退水)金额</title>
            <description type="text">判断总代理报表的实际输赢(包括退水)金额是否等于跳转后的代理报表实际输赢(包括退水)金额总和</description>
            <steps>
                <step start="1578373974080" stop="1578373980027" status="passed">
                    <name>loseWinAndWaterAgentTotalLotty</name>
                    <title>1.进入报表管理-总代理报表；2.获取zdl本月实际输赢(包括退水)金额；3.点击zdl跳转；4.获取跳转后代理报表实际输赢(包括退水)金额</title>
                    <attachments/>
                    <steps/>
                </step>
            </steps>
            <attachments/>
            <labels>
                <label name="severity" value="blocker"/>
                <label name="issue" value="http://10.1.101.66:890/index.php?m=testcase&amp;f=view&amp;caseID=34&amp;version=1"/>
                <label name="story" value="总代理报表-彩票"/>
                <label name="feature" value="报表管理"/>
                <label name="host" value="DESKTOP-8DI1090"/>
                <label name="thread" value="12616@DESKTOP-8DI1090.main"/>
            </labels>
        </test-case>
        <test-case start="1578373980030" stop="1578373985047" status="passed">
            <name>vipNumberGame</name>
            <title>验证总代理报表会员数</title>
            <description type="text">测试总代理报表会员总数</description>
            <steps>
                <step start="1578373980030" stop="1578373985044" status="passed">
                    <name>vipNumberGame</name>
                    <title>1.进入报表管理-总代理报表；2.获取本月会员数，3.点击跳转代理列表，4.获取代理报表总的会员数</title>
                    <attachments/>
                    <steps/>
                </step>
            </steps>
            <attachments/>
            <labels>
                <label name="severity" value="blocker"/>
                <label name="issue" value="http://10.1.101.66:890/index.php?m=testcase&amp;f=view&amp;caseID=34&amp;version=1"/>
                <label name="story" value="总代理报表-外接游戏"/>
                <label name="feature" value="报表管理"/>
                <label name="host" value="DESKTOP-8DI1090"/>
                <label name="thread" value="12616@DESKTOP-8DI1090.main"/>
            </labels>
        </test-case>
        <test-case start="1578373985051" stop="1578373990407" status="failed">
            <name>betTotalGame</name>
            <title>验证总代理报表会员实际投注总额</title>
            <description type="text">测试会员实际投注总额是否等于跳转的代理下实际投注总额相加</description>
            <failure>
                <message>AssertionError: expected [true] but found [false]</message>
                <stack-trace>java.lang.AssertionError: expected [true] but found [false]
	at org.testng.Assert.fail(Assert.java:94)
	at org.testng.Assert.failNotEquals(Assert.java:496)
	at org.testng.Assert.assertTrue(Assert.java:42)
	at org.testng.Assert.assertTrue(Assert.java:52)
	at complex.ReportManagement.betTotalGame(ReportManagement.java:498)
	at sun.reflect.NativeMethodAccessorImpl.invoke0(Native Method)
	at sun.reflect.NativeMethodAccessorImpl.invoke(NativeMethodAccessorImpl.java:62)
	at sun.reflect.DelegatingMethodAccessorImpl.invoke(DelegatingMethodAccessorImpl.java:43)
	at java.lang.reflect.Method.invoke(Method.java:498)
	at org.testng.internal.MethodInvocationHelper.invokeMethod(MethodInvocationHelper.java:85)
	at org.testng.internal.Invoker.invokeMethod(Invoker.java:639)
	at org.testng.internal.Invoker.invokeTestMethod(Invoker.java:816)
	at org.testng.internal.Invoker.invokeTestMethods(Invoker.java:1124)
	at org.testng.internal.TestMethodWorker.invokeTestMethods(TestMethodWorker.java:125)
	at org.testng.internal.TestMethodWorker.run(TestMethodWorker.java:108)
	at org.testng.TestRunner.privateRun(TestRunner.java:774)
	at org.testng.TestRunner.run(TestRunner.java:624)
	at org.testng.SuiteRunner.runTest(SuiteRunner.java:359)
	at org.testng.SuiteRunner.runSequentially(SuiteRunner.java:354)
	at org.testng.SuiteRunner.privateRun(SuiteRunner.java:312)
	at org.testng.SuiteRunner.run(SuiteRunner.java:261)
	at org.testng.SuiteRunnerWorker.runSuite(SuiteRunnerWorker.java:52)
	at org.testng.SuiteRunnerWorker.run(SuiteRunnerWorker.java:86)
	at org.testng.TestNG.runSuitesSequentially(TestNG.java:1191)
	at org.testng.TestNG.runSuitesLocally(TestNG.java:1116)
	at org.testng.TestNG.run(TestNG.java:1024)
	at org.apache.maven.surefire.testng.TestNGExecutor.run(TestNGExecutor.java:283)
	at org.apache.maven.surefire.testng.TestNGXmlTestSuite.execute(TestNGXmlTestSuite.java:75)
	at org.apache.maven.surefire.testng.TestNGProvider.invoke(TestNGProvider.java:120)
	at org.apache.maven.surefire.booter.ForkedBooter.invokeProviderInSameClassLoader(ForkedBooter.java:386)
	at org.apache.maven.surefire.booter.ForkedBooter.runSuitesInProcess(ForkedBooter.java:323)
	at org.apache.maven.surefire.booter.ForkedBooter.main(ForkedBooter.java:143)
</stack-trace>
            </failure>
            <steps>
                <step start="1578373985052" stop="1578373989968" status="failed">
                    <name>betTotalGame</name>
                    <title>1.进入报表管理-总代理报表；2.获取本月会员实际投注总额，3.点击跳转代理列表，4.获取代理报表会员实际投注总额</title>
                </step>
            </steps>
            <attachments/>
            <labels>
                <label name="severity" value="blocker"/>
                <label name="issue" value="http://10.1.101.66:890/index.php?m=testcase&amp;f=view&amp;caseID=34&amp;version=1"/>
                <label name="story" value="总代理报表-外接游戏"/>
                <label name="feature" value="报表管理"/>
                <label name="host" value="DESKTOP-8DI1090"/>
                <label name="thread" value="12616@DESKTOP-8DI1090.main"/>
            </labels>
        </test-case>
        <test-case start="1578373990408" stop="1578373995602" status="passed">
            <name>backWaterTotalGame</name>
            <title>验证总代理报表会员实际反水总额</title>
            <description type="text">测试会员实际反水总额是否等于跳转的代理下实际反水总额相加</description>
            <steps>
                <step start="1578373990409" stop="1578373995601" status="passed">
                    <name>backWaterTotalGame</name>
                    <title>1.进入报表管理-总代理报表；2.获取本月会员实际反水总额，3.点击跳转代理列表，4.获取代理报表会员实际反水总额</title>
                    <attachments/>
                    <steps/>
                </step>
            </steps>
            <attachments/>
            <labels>
                <label name="severity" value="blocker"/>
                <label name="issue" value="http://10.1.101.66:890/index.php?m=testcase&amp;f=view&amp;caseID=34&amp;version=1"/>
                <label name="story" value="总代理报表-外接游戏"/>
                <label name="feature" value="报表管理"/>
                <label name="host" value="DESKTOP-8DI1090"/>
                <label name="thread" value="12616@DESKTOP-8DI1090.main"/>
            </labels>
        </test-case>
        <test-case start="1578373995604" stop="1578374000711" status="passed">
            <name>loseWinTotalGame</name>
            <title>验证总代理报表会员实际输赢总额</title>
            <description type="text">测试会员实际输赢总额是否等于跳转的代理下实际输赢总额相加</description>
            <steps>
                <step start="1578373995604" stop="1578374000709" status="passed">
                    <name>loseWinTotalGame</name>
                    <title>1.进入报表管理-总代理报表；2.获取本月会员实际输赢总额，3.点击跳转代理列表，4.获取代理报表会员实际输赢总额</title>
                    <attachments/>
                    <steps/>
                </step>
            </steps>
            <attachments/>
            <labels>
                <label name="severity" value="blocker"/>
                <label name="issue" value="http://10.1.101.66:890/index.php?m=testcase&amp;f=view&amp;caseID=34&amp;version=1"/>
                <label name="story" value="总代理报表-外接游戏"/>
                <label name="feature" value="报表管理"/>
                <label name="host" value="DESKTOP-8DI1090"/>
                <label name="thread" value="12616@DESKTOP-8DI1090.main"/>
            </labels>
        </test-case>
        <test-case start="1578374000712" stop="1578374006275" status="failed">
            <name>loseWinTotalNoWaterGame</name>
            <title>验证总代理报表会员实际输赢总额(无反水)</title>
            <description type="text">测试会员实际输赢总额(无反水)是否等于跳转的代理下实际输赢总额(无反水)</description>
            <failure>
                <message>AssertionError: expected [true] but found [false]</message>
                <stack-trace>java.lang.AssertionError: expected [true] but found [false]
	at org.testng.Assert.fail(Assert.java:94)
	at org.testng.Assert.failNotEquals(Assert.java:496)
	at org.testng.Assert.assertTrue(Assert.java:42)
	at org.testng.Assert.assertTrue(Assert.java:52)
	at complex.ReportManagement.loseWinTotalNoWaterGame(ReportManagement.java:656)
	at sun.reflect.NativeMethodAccessorImpl.invoke0(Native Method)
	at sun.reflect.NativeMethodAccessorImpl.invoke(NativeMethodAccessorImpl.java:62)
	at sun.reflect.DelegatingMethodAccessorImpl.invoke(DelegatingMethodAccessorImpl.java:43)
	at java.lang.reflect.Method.invoke(Method.java:498)
	at org.testng.internal.MethodInvocationHelper.invokeMethod(MethodInvocationHelper.java:85)
	at org.testng.internal.Invoker.invokeMethod(Invoker.java:639)
	at org.testng.internal.Invoker.invokeTestMethod(Invoker.java:816)
	at org.testng.internal.Invoker.invokeTestMethods(Invoker.java:1124)
	at org.testng.internal.TestMethodWorker.invokeTestMethods(TestMethodWorker.java:125)
	at org.testng.internal.TestMethodWorker.run(TestMethodWorker.java:108)
	at org.testng.TestRunner.privateRun(TestRunner.java:774)
	at org.testng.TestRunner.run(TestRunner.java:624)
	at org.testng.SuiteRunner.runTest(SuiteRunner.java:359)
	at org.testng.SuiteRunner.runSequentially(SuiteRunner.java:354)
	at org.testng.SuiteRunner.privateRun(SuiteRunner.java:312)
	at org.testng.SuiteRunner.run(SuiteRunner.java:261)
	at org.testng.SuiteRunnerWorker.runSuite(SuiteRunnerWorker.java:52)
	at org.testng.SuiteRunnerWorker.run(SuiteRunnerWorker.java:86)
	at org.testng.TestNG.runSuitesSequentially(TestNG.java:1191)
	at org.testng.TestNG.runSuitesLocally(TestNG.java:1116)
	at org.testng.TestNG.run(TestNG.java:1024)
	at org.apache.maven.surefire.testng.TestNGExecutor.run(TestNGExecutor.java:283)
	at org.apache.maven.surefire.testng.TestNGXmlTestSuite.execute(TestNGXmlTestSuite.java:75)
	at org.apache.maven.surefire.testng.TestNGProvider.invoke(TestNGProvider.java:120)
	at org.apache.maven.surefire.booter.ForkedBooter.invokeProviderInSameClassLoader(ForkedBooter.java:386)
	at org.apache.maven.surefire.booter.ForkedBooter.runSuitesInProcess(ForkedBooter.java:323)
	at org.apache.maven.surefire.booter.ForkedBooter.main(ForkedBooter.java:143)
</stack-trace>
            </failure>
            <steps>
                <step start="1578374000713" stop="1578374005835" status="failed">
                    <name>loseWinTotalNoWaterGame</name>
                    <title>1.进入报表管理-总代理报表；2.获取本月会员实际输赢总额(无反水)，3.点击跳转代理列表，4.获取代理报表会员实际输赢总额(无反水)</title>
                </step>
            </steps>
            <attachments/>
            <labels>
                <label name="severity" value="blocker"/>
                <label name="issue" value="http://10.1.101.66:890/index.php?m=testcase&amp;f=view&amp;caseID=34&amp;version=1"/>
                <label name="story" value="总代理报表-外接游戏"/>
                <label name="feature" value="报表管理"/>
                <label name="host" value="DESKTOP-8DI1090"/>
                <label name="thread" value="12616@DESKTOP-8DI1090.main"/>
            </labels>
        </test-case>
        <test-case start="1578374006277" stop="1578374011461" status="passed">
            <name>agentBackWaterGame</name>
            <title>验证总代理报表代理反水总额</title>
            <description type="text">测试代理反水总额是否等于跳转的代理代理反水总额相加</description>
            <steps>
                <step start="1578374006277" stop="1578374011457" status="passed">
                    <name>agentBackWaterGame</name>
                    <title>1.进入报表管理-总代理报表；2.获取本月会代理反水总额，3.点击跳转代理列表，4.获取代理报表代理反水总额</title>
                    <attachments/>
                    <steps/>
                </step>
            </steps>
            <attachments/>
            <labels>
                <label name="severity" value="blocker"/>
                <label name="issue" value="http://10.1.101.66:890/index.php?m=testcase&amp;f=view&amp;caseID=34&amp;version=1"/>
                <label name="story" value="总代理报表-外接游戏"/>
                <label name="feature" value="报表管理"/>
                <label name="host" value="DESKTOP-8DI1090"/>
                <label name="thread" value="12616@DESKTOP-8DI1090.main"/>
            </labels>
        </test-case>
        <test-case start="1578374011463" stop="1578374017033" status="failed">
            <name>agentAddedBackWaterGame</name>
            <title>验证总代理报表代理额外反水总额</title>
            <description type="text">测试代理额外反水总额是否等于跳转的代理下代理额外反水总额</description>
            <failure>
                <message>AssertionError: expected [true] but found [false]</message>
                <stack-trace>java.lang.AssertionError: expected [true] but found [false]
	at org.testng.Assert.fail(Assert.java:94)
	at org.testng.Assert.failNotEquals(Assert.java:496)
	at org.testng.Assert.assertTrue(Assert.java:42)
	at org.testng.Assert.assertTrue(Assert.java:52)
	at complex.ReportManagement.agentAddedBackWaterGame(ReportManagement.java:758)
	at sun.reflect.NativeMethodAccessorImpl.invoke0(Native Method)
	at sun.reflect.NativeMethodAccessorImpl.invoke(NativeMethodAccessorImpl.java:62)
	at sun.reflect.DelegatingMethodAccessorImpl.invoke(DelegatingMethodAccessorImpl.java:43)
	at java.lang.reflect.Method.invoke(Method.java:498)
	at org.testng.internal.MethodInvocationHelper.invokeMethod(MethodInvocationHelper.java:85)
	at org.testng.internal.Invoker.invokeMethod(Invoker.java:639)
	at org.testng.internal.Invoker.invokeTestMethod(Invoker.java:816)
	at org.testng.internal.Invoker.invokeTestMethods(Invoker.java:1124)
	at org.testng.internal.TestMethodWorker.invokeTestMethods(TestMethodWorker.java:125)
	at org.testng.internal.TestMethodWorker.run(TestMethodWorker.java:108)
	at org.testng.TestRunner.privateRun(TestRunner.java:774)
	at org.testng.TestRunner.run(TestRunner.java:624)
	at org.testng.SuiteRunner.runTest(SuiteRunner.java:359)
	at org.testng.SuiteRunner.runSequentially(SuiteRunner.java:354)
	at org.testng.SuiteRunner.privateRun(SuiteRunner.java:312)
	at org.testng.SuiteRunner.run(SuiteRunner.java:261)
	at org.testng.SuiteRunnerWorker.runSuite(SuiteRunnerWorker.java:52)
	at org.testng.SuiteRunnerWorker.run(SuiteRunnerWorker.java:86)
	at org.testng.TestNG.runSuitesSequentially(TestNG.java:1191)
	at org.testng.TestNG.runSuitesLocally(TestNG.java:1116)
	at org.testng.TestNG.run(TestNG.java:1024)
	at org.apache.maven.surefire.testng.TestNGExecutor.run(TestNGExecutor.java:283)
	at org.apache.maven.surefire.testng.TestNGXmlTestSuite.execute(TestNGXmlTestSuite.java:75)
	at org.apache.maven.surefire.testng.TestNGProvider.invoke(TestNGProvider.java:120)
	at org.apache.maven.surefire.booter.ForkedBooter.invokeProviderInSameClassLoader(ForkedBooter.java:386)
	at org.apache.maven.surefire.booter.ForkedBooter.runSuitesInProcess(ForkedBooter.java:323)
	at org.apache.maven.surefire.booter.ForkedBooter.main(ForkedBooter.java:143)
</stack-trace>
            </failure>
            <steps>
                <step start="1578374011464" stop="1578374016589" status="failed">
                    <name>agentAddedBackWaterGame</name>
                    <title>1.进入报表管理-总代理报表；2.获取本月代理额外反水总额，3.点击跳转代理列表，4.获取代理报表代理额外反水总额</title>
                </step>
            </steps>
            <attachments/>
            <labels>
                <label name="severity" value="blocker"/>
                <label name="issue" value="http://10.1.101.66:890/index.php?m=testcase&amp;f=view&amp;caseID=34&amp;version=1"/>
                <label name="story" value="总代理报表-外接游戏"/>
                <label name="feature" value="报表管理"/>
                <label name="host" value="DESKTOP-8DI1090"/>
                <label name="thread" value="12616@DESKTOP-8DI1090.main"/>
            </labels>
        </test-case>
        <test-case start="1578374017034" stop="1578374022053" status="passed">
            <name>agentCommissionGame</name>
            <title>验证总代理报表代理实际佣金总额</title>
            <description type="text">测试代理代理实际佣金总额是否等于跳转的代理下代理实际佣金总额</description>
            <steps>
                <step start="1578374017035" stop="1578374022049" status="passed">
                    <name>agentCommissionGame</name>
                    <title>1.进入报表管理-总代理报表；2.获取本月代理代理实际佣金总额，3.点击跳转代理列表，4.获取代理报表代理实际佣金总额</title>
                    <attachments/>
                    <steps/>
                </step>
            </steps>
            <attachments/>
            <labels>
                <label name="severity" value="blocker"/>
                <label name="issue" value="http://10.1.101.66:890/index.php?m=testcase&amp;f=view&amp;caseID=34&amp;version=1"/>
                <label name="story" value="总代理报表-外接游戏"/>
                <label name="feature" value="报表管理"/>
                <label name="host" value="DESKTOP-8DI1090"/>
                <label name="thread" value="12616@DESKTOP-8DI1090.main"/>
            </labels>
        </test-case>
        <test-case start="1578374022055" stop="1578374026302" status="passed">
            <name>vipNumberAgentLotty</name>
            <title>验证代理报表本月会员数量</title>
            <description type="text">判断代理报表的本月会员数是否等于跳转后的代理报表本月会员数总和</description>
            <steps>
                <step start="1578374022055" stop="1578374026300" status="passed">
                    <name>vipNumberAgentLotty</name>
                    <title>1.进入报表管理-代理报表；2.获取账号dl本月会员数；3.点击dl跳转；4.获取跳转后会员报表本月会员数</title>
                    <attachments/>
                    <steps/>
                </step>
            </steps>
            <attachments/>
            <labels>
                <label name="severity" value="blocker"/>
                <label name="issue" value="http://10.1.101.66:890/index.php?m=testcase&amp;f=view&amp;caseID=35&amp;version=1"/>
                <label name="story" value="代理报表-彩票"/>
                <label name="feature" value="报表管理"/>
                <label name="host" value="DESKTOP-8DI1090"/>
                <label name="thread" value="12616@DESKTOP-8DI1090.main"/>
            </labels>
        </test-case>
        <test-case start="1578374026305" stop="1578374030951" status="failed">
            <name>rechargeMoneyAgentLotty</name>
            <title>验证代理报表本月充值金额</title>
            <description type="text">判断代理报表的本月充值金额是否等于跳转后的代理报表本月充值金额总和</description>
            <failure>
                <message>AssertionError: expected [true] but found [false]</message>
                <stack-trace>java.lang.AssertionError: expected [true] but found [false]
	at org.testng.Assert.fail(Assert.java:94)
	at org.testng.Assert.failNotEquals(Assert.java:496)
	at org.testng.Assert.assertTrue(Assert.java:42)
	at org.testng.Assert.assertTrue(Assert.java:52)
	at complex.ReportManagement.rechargeMoneyAgentLotty(ReportManagement.java:891)
	at sun.reflect.NativeMethodAccessorImpl.invoke0(Native Method)
	at sun.reflect.NativeMethodAccessorImpl.invoke(NativeMethodAccessorImpl.java:62)
	at sun.reflect.DelegatingMethodAccessorImpl.invoke(DelegatingMethodAccessorImpl.java:43)
	at java.lang.reflect.Method.invoke(Method.java:498)
	at org.testng.internal.MethodInvocationHelper.invokeMethod(MethodInvocationHelper.java:85)
	at org.testng.internal.Invoker.invokeMethod(Invoker.java:639)
	at org.testng.internal.Invoker.invokeTestMethod(Invoker.java:816)
	at org.testng.internal.Invoker.invokeTestMethods(Invoker.java:1124)
	at org.testng.internal.TestMethodWorker.invokeTestMethods(TestMethodWorker.java:125)
	at org.testng.internal.TestMethodWorker.run(TestMethodWorker.java:108)
	at org.testng.TestRunner.privateRun(TestRunner.java:774)
	at org.testng.TestRunner.run(TestRunner.java:624)
	at org.testng.SuiteRunner.runTest(SuiteRunner.java:359)
	at org.testng.SuiteRunner.runSequentially(SuiteRunner.java:354)
	at org.testng.SuiteRunner.privateRun(SuiteRunner.java:312)
	at org.testng.SuiteRunner.run(SuiteRunner.java:261)
	at org.testng.SuiteRunnerWorker.runSuite(SuiteRunnerWorker.java:52)
	at org.testng.SuiteRunnerWorker.run(SuiteRunnerWorker.java:86)
	at org.testng.TestNG.runSuitesSequentially(TestNG.java:1191)
	at org.testng.TestNG.runSuitesLocally(TestNG.java:1116)
	at org.testng.TestNG.run(TestNG.java:1024)
	at org.apache.maven.surefire.testng.TestNGExecutor.run(TestNGExecutor.java:283)
	at org.apache.maven.surefire.testng.TestNGXmlTestSuite.execute(TestNGXmlTestSuite.java:75)
	at org.apache.maven.surefire.testng.TestNGProvider.invoke(TestNGProvider.java:120)
	at org.apache.maven.surefire.booter.ForkedBooter.invokeProviderInSameClassLoader(ForkedBooter.java:386)
	at org.apache.maven.surefire.booter.ForkedBooter.runSuitesInProcess(ForkedBooter.java:323)
	at org.apache.maven.surefire.booter.ForkedBooter.main(ForkedBooter.java:143)
</stack-trace>
            </failure>
            <steps>
                <step start="1578374026306" stop="1578374030558" status="failed">
                    <name>rechargeMoneyAgentLotty</name>
                    <title>1.进入报表管理-代理报表；2.获取账号dl本月充值金额；3.点击dl跳转；4.获取跳转后会员报表本月充值金额</title>
                </step>
            </steps>
            <attachments/>
            <labels>
                <label name="severity" value="blocker"/>
                <label name="issue" value="http://10.1.101.66:890/index.php?m=testcase&amp;f=view&amp;caseID=36&amp;version=1"/>
                <label name="story" value="代理报表-彩票"/>
                <label name="feature" value="报表管理"/>
                <label name="host" value="DESKTOP-8DI1090"/>
                <label name="thread" value="12616@DESKTOP-8DI1090.main"/>
            </labels>
        </test-case>
        <test-case start="1578374030953" stop="1578374035193" status="passed">
            <name>countAgentLotty</name>
            <title>验证代理报表本月充值笔数</title>
            <description type="text">判断代理报表的本月笔数是否等于跳转后的代理报表本月笔数总和</description>
            <steps>
                <step start="1578374030954" stop="1578374035191" status="passed">
                    <name>countAgentLotty</name>
                    <title>1.进入报表管理-代理报表；2.获取账号dl本月笔数；3.点击dl跳转；4.获取跳转后会员报表本月笔数金额</title>
                    <attachments/>
                    <steps/>
                </step>
            </steps>
            <attachments/>
            <labels>
                <label name="severity" value="blocker"/>
                <label name="issue" value="http://10.1.101.66:890/index.php?m=testcase&amp;f=view&amp;caseID=37&amp;version=1"/>
                <label name="story" value="代理报表-彩票"/>
                <label name="feature" value="报表管理"/>
                <label name="host" value="DESKTOP-8DI1090"/>
                <label name="thread" value="12616@DESKTOP-8DI1090.main"/>
            </labels>
        </test-case>
        <test-case start="1578374035194" stop="1578374039341" status="passed">
            <name>betMoneyAgentReportLotty</name>
            <title>验证代理报表本月投注金额</title>
            <description type="text">判断代理报表的本月投注金额是否等于跳转后的代理报表本月投注金额总和</description>
            <steps>
                <step start="1578374035195" stop="1578374039339" status="passed">
                    <name>betMoneyAgentReportLotty</name>
                    <title>1.进入报表管理-代理报表；2.获取账号dl本月投注金额；3.点击dl跳转；4.获取跳转后会员报表本月投注金额</title>
                    <attachments/>
                    <steps/>
                </step>
            </steps>
            <attachments/>
            <labels>
                <label name="severity" value="blocker"/>
                <label name="issue" value="http://10.1.101.66:890/index.php?m=testcase&amp;f=view&amp;caseID=38&amp;version=1"/>
                <label name="story" value="代理报表-彩票"/>
                <label name="feature" value="报表管理"/>
                <label name="host" value="DESKTOP-8DI1090"/>
                <label name="thread" value="12616@DESKTOP-8DI1090.main"/>
            </labels>
        </test-case>
        <test-case start="1578374039343" stop="1578374043558" status="passed">
            <name>winBetMoneyAgentReportLotty</name>
            <title>验证代理报表本月赢利投注金额</title>
            <description type="text">判断代理报表的本月赢利投注金额是否等于跳转后的代理报表本月赢利投注金额总和</description>
            <steps>
                <step start="1578374039344" stop="1578374043553" status="passed">
                    <name>winBetMoneyAgentReportLotty</name>
                    <title>1.进入报表管理-代理报表；2.获取账号dl本月赢利投注金额；3.点击dl跳转；4.获取跳转后会员报表本月赢利投注金额</title>
                    <attachments/>
                    <steps/>
                </step>
            </steps>
            <attachments/>
            <labels>
                <label name="severity" value="blocker"/>
                <label name="issue" value="http://10.1.101.66:890/index.php?m=testcase&amp;f=view&amp;caseID=39&amp;version=1"/>
                <label name="story" value="代理报表-彩票"/>
                <label name="feature" value="报表管理"/>
                <label name="host" value="DESKTOP-8DI1090"/>
                <label name="thread" value="12616@DESKTOP-8DI1090.main"/>
            </labels>
        </test-case>
        <test-case start="1578374043561" stop="1578374048184" status="failed">
            <name>serviceMoneyAgentLotty</name>
            <title>验证代理报表本月充值优惠/手续费</title>
            <description type="text">判断代理报表的本月充值优惠/手续费金额是否等于跳转后的代理报表本月充值优惠/手续费金额总和</description>
            <failure>
                <message>AssertionError: expected [true] but found [false]</message>
                <stack-trace>java.lang.AssertionError: expected [true] but found [false]
	at org.testng.Assert.fail(Assert.java:94)
	at org.testng.Assert.failNotEquals(Assert.java:496)
	at org.testng.Assert.assertTrue(Assert.java:42)
	at org.testng.Assert.assertTrue(Assert.java:52)
	at complex.ReportManagement.serviceMoneyAgentLotty(ReportManagement.java:1034)
	at sun.reflect.NativeMethodAccessorImpl.invoke0(Native Method)
	at sun.reflect.NativeMethodAccessorImpl.invoke(NativeMethodAccessorImpl.java:62)
	at sun.reflect.DelegatingMethodAccessorImpl.invoke(DelegatingMethodAccessorImpl.java:43)
	at java.lang.reflect.Method.invoke(Method.java:498)
	at org.testng.internal.MethodInvocationHelper.invokeMethod(MethodInvocationHelper.java:85)
	at org.testng.internal.Invoker.invokeMethod(Invoker.java:639)
	at org.testng.internal.Invoker.invokeTestMethod(Invoker.java:816)
	at org.testng.internal.Invoker.invokeTestMethods(Invoker.java:1124)
	at org.testng.internal.TestMethodWorker.invokeTestMethods(TestMethodWorker.java:125)
	at org.testng.internal.TestMethodWorker.run(TestMethodWorker.java:108)
	at org.testng.TestRunner.privateRun(TestRunner.java:774)
	at org.testng.TestRunner.run(TestRunner.java:624)
	at org.testng.SuiteRunner.runTest(SuiteRunner.java:359)
	at org.testng.SuiteRunner.runSequentially(SuiteRunner.java:354)
	at org.testng.SuiteRunner.privateRun(SuiteRunner.java:312)
	at org.testng.SuiteRunner.run(SuiteRunner.java:261)
	at org.testng.SuiteRunnerWorker.runSuite(SuiteRunnerWorker.java:52)
	at org.testng.SuiteRunnerWorker.run(SuiteRunnerWorker.java:86)
	at org.testng.TestNG.runSuitesSequentially(TestNG.java:1191)
	at org.testng.TestNG.runSuitesLocally(TestNG.java:1116)
	at org.testng.TestNG.run(TestNG.java:1024)
	at org.apache.maven.surefire.testng.TestNGExecutor.run(TestNGExecutor.java:283)
	at org.apache.maven.surefire.testng.TestNGXmlTestSuite.execute(TestNGXmlTestSuite.java:75)
	at org.apache.maven.surefire.testng.TestNGProvider.invoke(TestNGProvider.java:120)
	at org.apache.maven.surefire.booter.ForkedBooter.invokeProviderInSameClassLoader(ForkedBooter.java:386)
	at org.apache.maven.surefire.booter.ForkedBooter.runSuitesInProcess(ForkedBooter.java:323)
	at org.apache.maven.surefire.booter.ForkedBooter.main(ForkedBooter.java:143)
</stack-trace>
            </failure>
            <steps>
                <step start="1578374043562" stop="1578374047787" status="failed">
                    <name>serviceMoneyAgentLotty</name>
                    <title>1.进入报表管理-代理报表；2.获取账号dl本月充值优惠/手续费金额；3.点击dl跳转；4.获取跳转后会员报表本月充值优惠/手续费金额</title>
                </step>
            </steps>
            <attachments/>
            <labels>
                <label name="severity" value="blocker"/>
                <label name="issue" value="http://10.1.101.66:890/index.php?m=testcase&amp;f=view&amp;caseID=40&amp;version=1"/>
                <label name="story" value="代理报表-彩票"/>
                <label name="feature" value="报表管理"/>
                <label name="host" value="DESKTOP-8DI1090"/>
                <label name="thread" value="12616@DESKTOP-8DI1090.main"/>
            </labels>
        </test-case>
        <test-case start="1578374048185" stop="1578374052327" status="passed">
            <name>oddsAgentLotty</name>
            <title>验证代理报表本月代理赔率金额</title>
            <description type="text">判断代理报表的本月代理赔率金额是否等于跳转后的代理报表本月代理赔率金额总和</description>
            <steps>
                <step start="1578374048186" stop="1578374052325" status="passed">
                    <name>oddsAgentLotty</name>
                    <title>1.进入报表管理-代理报表；2.获取账号dl本月代理赔率金额；3.点击dl跳转；4.获取跳转后会员报表本月代理赔率金额</title>
                    <attachments/>
                    <steps/>
                </step>
            </steps>
            <attachments/>
            <labels>
                <label name="severity" value="blocker"/>
                <label name="issue" value="http://10.1.101.66:890/index.php?m=testcase&amp;f=view&amp;caseID=41&amp;version=1"/>
                <label name="story" value="代理报表-彩票"/>
                <label name="feature" value="报表管理"/>
                <label name="host" value="DESKTOP-8DI1090"/>
                <label name="thread" value="12616@DESKTOP-8DI1090.main"/>
            </labels>
        </test-case>
        <test-case start="1578374052330" stop="1578374056444" status="passed">
            <name>waterBreakMoneyAgentLotty</name>
            <title>验证代理报表本月代理退水金额</title>
            <description type="text">判断代理报表的本月代理退水金额是否等于跳转后的代理报表本月代理退水金额总和</description>
            <steps>
                <step start="1578374052331" stop="1578374056442" status="passed">
                    <name>waterBreakMoneyAgentLotty</name>
                    <title>1.进入报表管理-代理报表；2.获取账号dl本月代理退水金额；3.点击dl跳转；4.获取跳转后会员报表本月代理退水金额</title>
                    <attachments/>
                    <steps/>
                </step>
            </steps>
            <attachments/>
            <labels>
                <label name="severity" value="blocker"/>
                <label name="issue" value="http://10.1.101.66:890/index.php?m=testcase&amp;f=view&amp;caseID=42&amp;version=1"/>
                <label name="story" value="代理报表-彩票"/>
                <label name="feature" value="报表管理"/>
                <label name="host" value="DESKTOP-8DI1090"/>
                <label name="thread" value="12616@DESKTOP-8DI1090.main"/>
            </labels>
        </test-case>
        <test-case start="1578374056446" stop="1578374061001" status="passed">
            <name>winLoseNotWaterAgentLotty</name>
            <title>验证代理报表本月实际输赢（不包括退水）</title>
            <description type="text">判断代理报表的本月会员输赢（不包括退水）是否等于跳转后的代理报表本月会员输赢（不包括退水）总和</description>
            <steps>
                <step start="1578374056447" stop="1578374061000" status="passed">
                    <name>winLoseNotWaterAgentLotty</name>
                    <title>1.进入报表管理-代理报表；2.获取账号dl本月代理退水金额；3.点击dl跳转；4.获取跳转后会员报表本月代理退水金额</title>
                    <attachments/>
                    <steps/>
                </step>
            </steps>
            <attachments/>
            <labels>
                <label name="severity" value="blocker"/>
                <label name="issue" value="http://10.1.101.66:890/index.php?m=testcase&amp;f=view&amp;caseID=43&amp;version=1"/>
                <label name="story" value="代理报表-彩票"/>
                <label name="feature" value="报表管理"/>
                <label name="host" value="DESKTOP-8DI1090"/>
                <label name="thread" value="12616@DESKTOP-8DI1090.main"/>
            </labels>
        </test-case>
        <test-case start="1578374061003" stop="1578374066815" status="passed">
            <name>winLoseWaterAgentLotty</name>
            <title>验证代理报表本月实际输赢（包括退水）</title>
            <description type="text">判断代理报表的本月会员输赢（包括退水）是否等于跳转后的代理报表本月会员输赢（包括退水）总和</description>
            <steps>
                <step start="1578374061003" stop="1578374066814" status="passed">
                    <name>winLoseWaterAgentLotty</name>
                    <title>1.进入报表管理-代理报表；2.获取账号dl本月代理退水金额；3.点击dl跳转；4.获取跳转后会员报表本月代理退水金额</title>
                    <attachments/>
                    <steps/>
                </step>
            </steps>
            <attachments/>
            <labels>
                <label name="severity" value="blocker"/>
                <label name="issue" value="http://10.1.101.66:890/index.php?m=testcase&amp;f=view&amp;caseID=44&amp;version=1"/>
                <label name="story" value="代理报表-彩票"/>
                <label name="feature" value="报表管理"/>
                <label name="host" value="DESKTOP-8DI1090"/>
                <label name="thread" value="12616@DESKTOP-8DI1090.main"/>
            </labels>
        </test-case>
        <test-case start="1578374066816" stop="1578374072638" status="passed">
            <name>waterBreakMoneyActivityAgentLotty</name>
            <title>验证代理报表本月实际退水金额</title>
            <description type="text">判断代理报表的本月代理实际退水是否等于跳转后的代理报表本月代理实际退水总和</description>
            <steps>
                <step start="1578374066820" stop="1578374072636" status="passed">
                    <name>waterBreakMoneyActivityAgentLotty</name>
                    <title>1.进入报表管理-代理报表；2.获取账号dl本月代理退水金额；3.点击dl跳转；4.获取跳转后会员报表本月代理退水金额</title>
                    <attachments/>
                    <steps/>
                </step>
            </steps>
            <attachments/>
            <labels>
                <label name="severity" value="blocker"/>
                <label name="issue" value="http://10.1.101.66:890/index.php?m=testcase&amp;f=view&amp;caseID=45&amp;version=1"/>
                <label name="story" value="代理报表-彩票"/>
                <label name="feature" value="报表管理"/>
                <label name="host" value="DESKTOP-8DI1090"/>
                <label name="thread" value="12616@DESKTOP-8DI1090.main"/>
            </labels>
        </test-case>
        <test-case start="1578374072641" stop="1578374083027" status="passed">
            <name>rechargeMoneyVipLotty</name>
            <title>验证会员报表本月充值金额</title>
            <description type="text">判断会员报表的充值金额是否等于该会员充值记录的充值总计</description>
            <steps>
                <step start="1578374072642" stop="1578374083026" status="passed">
                    <name>rechargeMoneyVipLotty</name>
                    <title>1.进入报表管理-会员报表；2.获取账号achy01本月充值金额；3.进入充值记录；4.获取充值记录achy01的本月充值总计</title>
                    <attachments/>
                    <steps/>
                </step>
            </steps>
            <attachments/>
            <labels>
                <label name="severity" value="blocker"/>
                <label name="issue" value="http://10.1.101.66:890/index.php?m=testcase&amp;f=view&amp;caseID=45&amp;version=1"/>
                <label name="story" value="会员报表-彩票"/>
                <label name="feature" value="报表管理"/>
                <label name="host" value="DESKTOP-8DI1090"/>
                <label name="thread" value="12616@DESKTOP-8DI1090.main"/>
            </labels>
        </test-case>
        <test-case start="1578374083029" stop="1578374094573" status="failed">
            <name>withdrawMoneyVipLotty</name>
            <title>验证会员报表本月提现金额</title>
            <description type="text">判断会员报表的提现金额是否等于该会员提现记录的提现总计</description>
            <failure>
                <message>AssertionError: expected [true] but found [false]</message>
                <stack-trace>java.lang.AssertionError: expected [true] but found [false]
	at org.testng.Assert.fail(Assert.java:94)
	at org.testng.Assert.failNotEquals(Assert.java:496)
	at org.testng.Assert.assertTrue(Assert.java:42)
	at org.testng.Assert.assertTrue(Assert.java:52)
	at complex.ReportManagement.withdrawMoneyVipLotty(ReportManagement.java:1347)
	at sun.reflect.NativeMethodAccessorImpl.invoke0(Native Method)
	at sun.reflect.NativeMethodAccessorImpl.invoke(NativeMethodAccessorImpl.java:62)
	at sun.reflect.DelegatingMethodAccessorImpl.invoke(DelegatingMethodAccessorImpl.java:43)
	at java.lang.reflect.Method.invoke(Method.java:498)
	at org.testng.internal.MethodInvocationHelper.invokeMethod(MethodInvocationHelper.java:85)
	at org.testng.internal.Invoker.invokeMethod(Invoker.java:639)
	at org.testng.internal.Invoker.invokeTestMethod(Invoker.java:816)
	at org.testng.internal.Invoker.invokeTestMethods(Invoker.java:1124)
	at org.testng.internal.TestMethodWorker.invokeTestMethods(TestMethodWorker.java:125)
	at org.testng.internal.TestMethodWorker.run(TestMethodWorker.java:108)
	at org.testng.TestRunner.privateRun(TestRunner.java:774)
	at org.testng.TestRunner.run(TestRunner.java:624)
	at org.testng.SuiteRunner.runTest(SuiteRunner.java:359)
	at org.testng.SuiteRunner.runSequentially(SuiteRunner.java:354)
	at org.testng.SuiteRunner.privateRun(SuiteRunner.java:312)
	at org.testng.SuiteRunner.run(SuiteRunner.java:261)
	at org.testng.SuiteRunnerWorker.runSuite(SuiteRunnerWorker.java:52)
	at org.testng.SuiteRunnerWorker.run(SuiteRunnerWorker.java:86)
	at org.testng.TestNG.runSuitesSequentially(TestNG.java:1191)
	at org.testng.TestNG.runSuitesLocally(TestNG.java:1116)
	at org.testng.TestNG.run(TestNG.java:1024)
	at org.apache.maven.surefire.testng.TestNGExecutor.run(TestNGExecutor.java:283)
	at org.apache.maven.surefire.testng.TestNGXmlTestSuite.execute(TestNGXmlTestSuite.java:75)
	at org.apache.maven.surefire.testng.TestNGProvider.invoke(TestNGProvider.java:120)
	at org.apache.maven.surefire.booter.ForkedBooter.invokeProviderInSameClassLoader(ForkedBooter.java:386)
	at org.apache.maven.surefire.booter.ForkedBooter.runSuitesInProcess(ForkedBooter.java:323)
	at org.apache.maven.surefire.booter.ForkedBooter.main(ForkedBooter.java:143)
</stack-trace>
            </failure>
            <steps>
                <step start="1578374083029" stop="1578374094163" status="failed">
                    <name>withdrawMoneyVipLotty</name>
                    <title>1.进入报表管理-会员报表；2.获取账号achy01本月提现金额；3.进入提现记录；4.获取充值记录achy01的本月提现总计</title>
                </step>
            </steps>
            <attachments/>
            <labels>
                <label name="severity" value="blocker"/>
                <label name="issue" value="http://10.1.101.66:890/index.php?m=testcase&amp;f=view&amp;caseID=45&amp;version=1"/>
                <label name="story" value="会员报表-彩票"/>
                <label name="feature" value="报表管理"/>
                <label name="host" value="DESKTOP-8DI1090"/>
                <label name="thread" value="12616@DESKTOP-8DI1090.main"/>
            </labels>
        </test-case>
        <test-case start="1578374094575" stop="1578374106966" status="passed">
            <name>betNumberLotty</name>
            <title>验证会员报表本月投注笔数</title>
            <description type="text">判断会员报表的投注笔数是否等于投注详情页的投注数量</description>
            <steps>
                <step start="1578374094576" stop="1578374106962" status="passed">
                    <name>betNumberLotty</name>
                    <title>1.进入报表管理-会员报表；2.获取账号achy01本月投注笔数；3.点击投注笔数跳转；4.获取投注详情页页面数量</title>
                    <attachments/>
                    <steps/>
                </step>
            </steps>
            <attachments/>
            <labels>
                <label name="severity" value="blocker"/>
                <label name="issue" value="http://10.1.101.66:890/index.php?m=testcase&amp;f=view&amp;caseID=45&amp;version=1"/>
                <label name="story" value="会员报表-彩票"/>
                <label name="feature" value="报表管理"/>
                <label name="host" value="DESKTOP-8DI1090"/>
                <label name="thread" value="12616@DESKTOP-8DI1090.main"/>
            </labels>
        </test-case>
        <test-case start="1578374106970" stop="1578374110551" status="failed">
            <name>betMoneyLotty</name>
            <title>验证会员报表本月投注金额</title>
            <description type="text">判断会员报表的投注金额是否等于投注详情页的投注金额总计</description>
            <failure>
                <message>AssertionError: expected [true] but found [false]</message>
                <stack-trace>java.lang.AssertionError: expected [true] but found [false]
	at org.testng.Assert.fail(Assert.java:94)
	at org.testng.Assert.failNotEquals(Assert.java:496)
	at org.testng.Assert.assertTrue(Assert.java:42)
	at org.testng.Assert.assertTrue(Assert.java:52)
	at complex.ReportManagement.betMoneyLotty(ReportManagement.java:1422)
	at sun.reflect.NativeMethodAccessorImpl.invoke0(Native Method)
	at sun.reflect.NativeMethodAccessorImpl.invoke(NativeMethodAccessorImpl.java:62)
	at sun.reflect.DelegatingMethodAccessorImpl.invoke(DelegatingMethodAccessorImpl.java:43)
	at java.lang.reflect.Method.invoke(Method.java:498)
	at org.testng.internal.MethodInvocationHelper.invokeMethod(MethodInvocationHelper.java:85)
	at org.testng.internal.Invoker.invokeMethod(Invoker.java:639)
	at org.testng.internal.Invoker.invokeTestMethod(Invoker.java:816)
	at org.testng.internal.Invoker.invokeTestMethods(Invoker.java:1124)
	at org.testng.internal.TestMethodWorker.invokeTestMethods(TestMethodWorker.java:125)
	at org.testng.internal.TestMethodWorker.run(TestMethodWorker.java:108)
	at org.testng.TestRunner.privateRun(TestRunner.java:774)
	at org.testng.TestRunner.run(TestRunner.java:624)
	at org.testng.SuiteRunner.runTest(SuiteRunner.java:359)
	at org.testng.SuiteRunner.runSequentially(SuiteRunner.java:354)
	at org.testng.SuiteRunner.privateRun(SuiteRunner.java:312)
	at org.testng.SuiteRunner.run(SuiteRunner.java:261)
	at org.testng.SuiteRunnerWorker.runSuite(SuiteRunnerWorker.java:52)
	at org.testng.SuiteRunnerWorker.run(SuiteRunnerWorker.java:86)
	at org.testng.TestNG.runSuitesSequentially(TestNG.java:1191)
	at org.testng.TestNG.runSuitesLocally(TestNG.java:1116)
	at org.testng.TestNG.run(TestNG.java:1024)
	at org.apache.maven.surefire.testng.TestNGExecutor.run(TestNGExecutor.java:283)
	at org.apache.maven.surefire.testng.TestNGXmlTestSuite.execute(TestNGXmlTestSuite.java:75)
	at org.apache.maven.surefire.testng.TestNGProvider.invoke(TestNGProvider.java:120)
	at org.apache.maven.surefire.booter.ForkedBooter.invokeProviderInSameClassLoader(ForkedBooter.java:386)
	at org.apache.maven.surefire.booter.ForkedBooter.runSuitesInProcess(ForkedBooter.java:323)
	at org.apache.maven.surefire.booter.ForkedBooter.main(ForkedBooter.java:143)
</stack-trace>
            </failure>
            <steps>
                <step start="1578374106971" stop="1578374110170" status="failed">
                    <name>betMoneyLotty</name>
                    <title>1.进入报表管理-会员报表；2.获取账号achy01本月投注金额；3.点击投注笔数跳转；4.获取投注详情页页面总投注金额</title>
                </step>
            </steps>
            <attachments/>
            <labels>
                <label name="severity" value="blocker"/>
                <label name="issue" value="http://10.1.101.66:890/index.php?m=testcase&amp;f=view&amp;caseID=45&amp;version=1"/>
                <label name="story" value="会员报表-彩票"/>
                <label name="feature" value="报表管理"/>
                <label name="host" value="DESKTOP-8DI1090"/>
                <label name="thread" value="12616@DESKTOP-8DI1090.main"/>
            </labels>
        </test-case>
        <test-case start="1578374110552" stop="1578374117141" status="failed">
            <name>rechargeDiscountLotty</name>
            <title>验证会员报表本月充值优惠金额</title>
            <description type="text">判断会员报表的充值优惠金额是否等于充值记录本月充值优惠金额总计</description>
            <failure>
                <message>AssertionError: expected [true] but found [false]</message>
                <stack-trace>java.lang.AssertionError: expected [true] but found [false]
	at org.testng.Assert.fail(Assert.java:94)
	at org.testng.Assert.failNotEquals(Assert.java:496)
	at org.testng.Assert.assertTrue(Assert.java:42)
	at org.testng.Assert.assertTrue(Assert.java:52)
	at complex.ReportManagement.rechargeDiscountLotty(ReportManagement.java:1460)
	at sun.reflect.NativeMethodAccessorImpl.invoke0(Native Method)
	at sun.reflect.NativeMethodAccessorImpl.invoke(NativeMethodAccessorImpl.java:62)
	at sun.reflect.DelegatingMethodAccessorImpl.invoke(DelegatingMethodAccessorImpl.java:43)
	at java.lang.reflect.Method.invoke(Method.java:498)
	at org.testng.internal.MethodInvocationHelper.invokeMethod(MethodInvocationHelper.java:85)
	at org.testng.internal.Invoker.invokeMethod(Invoker.java:639)
	at org.testng.internal.Invoker.invokeTestMethod(Invoker.java:816)
	at org.testng.internal.Invoker.invokeTestMethods(Invoker.java:1124)
	at org.testng.internal.TestMethodWorker.invokeTestMethods(TestMethodWorker.java:125)
	at org.testng.internal.TestMethodWorker.run(TestMethodWorker.java:108)
	at org.testng.TestRunner.privateRun(TestRunner.java:774)
	at org.testng.TestRunner.run(TestRunner.java:624)
	at org.testng.SuiteRunner.runTest(SuiteRunner.java:359)
	at org.testng.SuiteRunner.runSequentially(SuiteRunner.java:354)
	at org.testng.SuiteRunner.privateRun(SuiteRunner.java:312)
	at org.testng.SuiteRunner.run(SuiteRunner.java:261)
	at org.testng.SuiteRunnerWorker.runSuite(SuiteRunnerWorker.java:52)
	at org.testng.SuiteRunnerWorker.run(SuiteRunnerWorker.java:86)
	at org.testng.TestNG.runSuitesSequentially(TestNG.java:1191)
	at org.testng.TestNG.runSuitesLocally(TestNG.java:1116)
	at org.testng.TestNG.run(TestNG.java:1024)
	at org.apache.maven.surefire.testng.TestNGExecutor.run(TestNGExecutor.java:283)
	at org.apache.maven.surefire.testng.TestNGXmlTestSuite.execute(TestNGXmlTestSuite.java:75)
	at org.apache.maven.surefire.testng.TestNGProvider.invoke(TestNGProvider.java:120)
	at org.apache.maven.surefire.booter.ForkedBooter.invokeProviderInSameClassLoader(ForkedBooter.java:386)
	at org.apache.maven.surefire.booter.ForkedBooter.runSuitesInProcess(ForkedBooter.java:323)
	at org.apache.maven.surefire.booter.ForkedBooter.main(ForkedBooter.java:143)
</stack-trace>
            </failure>
            <steps>
                <step start="1578374110552" stop="1578374116724" status="failed">
                    <name>rechargeDiscountLotty</name>
                    <title>1.进入报表管理-会员报表；2.获取账号achy01本月充值优惠金额；3.进入充值记录；4.获取该会员本月充值优惠金额总计</title>
                </step>
            </steps>
            <attachments/>
            <labels>
                <label name="severity" value="blocker"/>
                <label name="issue" value="http://10.1.101.66:890/index.php?m=testcase&amp;f=view&amp;caseID=45&amp;version=1"/>
                <label name="story" value="会员报表-彩票"/>
                <label name="feature" value="报表管理"/>
                <label name="host" value="DESKTOP-8DI1090"/>
                <label name="thread" value="12616@DESKTOP-8DI1090.main"/>
            </labels>
        </test-case>
        <test-case start="1578374117142" stop="1578374124443" status="failed">
            <name>agentMoneyLotty</name>
            <title>验证会员报表本月代理赔率金额</title>
            <description type="text">判断会员报表的代理赔率金额是否等于0</description>
            <failure>
                <message>AssertionError: expected [true] but found [false]</message>
                <stack-trace>java.lang.AssertionError: expected [true] but found [false]
	at org.testng.Assert.fail(Assert.java:94)
	at org.testng.Assert.failNotEquals(Assert.java:496)
	at org.testng.Assert.assertTrue(Assert.java:42)
	at org.testng.Assert.assertTrue(Assert.java:52)
	at complex.ReportManagement.agentMoneyLotty(ReportManagement.java:1497)
	at sun.reflect.NativeMethodAccessorImpl.invoke0(Native Method)
	at sun.reflect.NativeMethodAccessorImpl.invoke(NativeMethodAccessorImpl.java:62)
	at sun.reflect.DelegatingMethodAccessorImpl.invoke(DelegatingMethodAccessorImpl.java:43)
	at java.lang.reflect.Method.invoke(Method.java:498)
	at org.testng.internal.MethodInvocationHelper.invokeMethod(MethodInvocationHelper.java:85)
	at org.testng.internal.Invoker.invokeMethod(Invoker.java:639)
	at org.testng.internal.Invoker.invokeTestMethod(Invoker.java:816)
	at org.testng.internal.Invoker.invokeTestMethods(Invoker.java:1124)
	at org.testng.internal.TestMethodWorker.invokeTestMethods(TestMethodWorker.java:125)
	at org.testng.internal.TestMethodWorker.run(TestMethodWorker.java:108)
	at org.testng.TestRunner.privateRun(TestRunner.java:774)
	at org.testng.TestRunner.run(TestRunner.java:624)
	at org.testng.SuiteRunner.runTest(SuiteRunner.java:359)
	at org.testng.SuiteRunner.runSequentially(SuiteRunner.java:354)
	at org.testng.SuiteRunner.privateRun(SuiteRunner.java:312)
	at org.testng.SuiteRunner.run(SuiteRunner.java:261)
	at org.testng.SuiteRunnerWorker.runSuite(SuiteRunnerWorker.java:52)
	at org.testng.SuiteRunnerWorker.run(SuiteRunnerWorker.java:86)
	at org.testng.TestNG.runSuitesSequentially(TestNG.java:1191)
	at org.testng.TestNG.runSuitesLocally(TestNG.java:1116)
	at org.testng.TestNG.run(TestNG.java:1024)
	at org.apache.maven.surefire.testng.TestNGExecutor.run(TestNGExecutor.java:283)
	at org.apache.maven.surefire.testng.TestNGXmlTestSuite.execute(TestNGXmlTestSuite.java:75)
	at org.apache.maven.surefire.testng.TestNGProvider.invoke(TestNGProvider.java:120)
	at org.apache.maven.surefire.booter.ForkedBooter.invokeProviderInSameClassLoader(ForkedBooter.java:386)
	at org.apache.maven.surefire.booter.ForkedBooter.runSuitesInProcess(ForkedBooter.java:323)
	at org.apache.maven.surefire.booter.ForkedBooter.main(ForkedBooter.java:143)
</stack-trace>
            </failure>
            <steps>
                <step start="1578374117143" stop="1578374124083" status="failed">
                    <name>agentMoneyLotty</name>
                    <title>1.进入报表管理-会员报表；2.获取账号achy01本月代理赔率金额；</title>
                </step>
            </steps>
            <attachments/>
            <labels>
                <label name="severity" value="blocker"/>
                <label name="issue" value="http://10.1.101.66:890/index.php?m=testcase&amp;f=view&amp;caseID=45&amp;version=1"/>
                <label name="story" value="会员报表-彩票"/>
                <label name="feature" value="报表管理"/>
                <label name="host" value="DESKTOP-8DI1090"/>
                <label name="thread" value="12616@DESKTOP-8DI1090.main"/>
            </labels>
        </test-case>
        <test-case start="1578374124445" stop="1578374124827" status="failed">
            <name>agentWaterLotty</name>
            <title>验证会员报表本月代理退水金额</title>
            <description type="text">判断会员报表的代理退水金额是否等于0</description>
            <failure>
                <message>AssertionError: expected [true] but found [false]</message>
                <stack-trace>java.lang.AssertionError: expected [true] but found [false]
	at org.testng.Assert.fail(Assert.java:94)
	at org.testng.Assert.failNotEquals(Assert.java:496)
	at org.testng.Assert.assertTrue(Assert.java:42)
	at org.testng.Assert.assertTrue(Assert.java:52)
	at complex.ReportManagement.agentWaterLotty(ReportManagement.java:1523)
	at sun.reflect.NativeMethodAccessorImpl.invoke0(Native Method)
	at sun.reflect.NativeMethodAccessorImpl.invoke(NativeMethodAccessorImpl.java:62)
	at sun.reflect.DelegatingMethodAccessorImpl.invoke(DelegatingMethodAccessorImpl.java:43)
	at java.lang.reflect.Method.invoke(Method.java:498)
	at org.testng.internal.MethodInvocationHelper.invokeMethod(MethodInvocationHelper.java:85)
	at org.testng.internal.Invoker.invokeMethod(Invoker.java:639)
	at org.testng.internal.Invoker.invokeTestMethod(Invoker.java:816)
	at org.testng.internal.Invoker.invokeTestMethods(Invoker.java:1124)
	at org.testng.internal.TestMethodWorker.invokeTestMethods(TestMethodWorker.java:125)
	at org.testng.internal.TestMethodWorker.run(TestMethodWorker.java:108)
	at org.testng.TestRunner.privateRun(TestRunner.java:774)
	at org.testng.TestRunner.run(TestRunner.java:624)
	at org.testng.SuiteRunner.runTest(SuiteRunner.java:359)
	at org.testng.SuiteRunner.runSequentially(SuiteRunner.java:354)
	at org.testng.SuiteRunner.privateRun(SuiteRunner.java:312)
	at org.testng.SuiteRunner.run(SuiteRunner.java:261)
	at org.testng.SuiteRunnerWorker.runSuite(SuiteRunnerWorker.java:52)
	at org.testng.SuiteRunnerWorker.run(SuiteRunnerWorker.java:86)
	at org.testng.TestNG.runSuitesSequentially(TestNG.java:1191)
	at org.testng.TestNG.runSuitesLocally(TestNG.java:1116)
	at org.testng.TestNG.run(TestNG.java:1024)
	at org.apache.maven.surefire.testng.TestNGExecutor.run(TestNGExecutor.java:283)
	at org.apache.maven.surefire.testng.TestNGXmlTestSuite.execute(TestNGXmlTestSuite.java:75)
	at org.apache.maven.surefire.testng.TestNGProvider.invoke(TestNGProvider.java:120)
	at org.apache.maven.surefire.booter.ForkedBooter.invokeProviderInSameClassLoader(ForkedBooter.java:386)
	at org.apache.maven.surefire.booter.ForkedBooter.runSuitesInProcess(ForkedBooter.java:323)
	at org.apache.maven.surefire.booter.ForkedBooter.main(ForkedBooter.java:143)
</stack-trace>
            </failure>
            <steps>
                <step start="1578374124446" stop="1578374124470" status="failed">
                    <name>agentWaterLotty</name>
                    <title>1.进入报表管理-会员报表；2.获取账号achy01本月代理退水金额；</title>
                </step>
            </steps>
            <attachments/>
            <labels>
                <label name="severity" value="blocker"/>
                <label name="issue" value="http://10.1.101.66:890/index.php?m=testcase&amp;f=view&amp;caseID=45&amp;version=1"/>
                <label name="story" value="会员报表-彩票"/>
                <label name="feature" value="报表管理"/>
                <label name="host" value="DESKTOP-8DI1090"/>
                <label name="thread" value="12616@DESKTOP-8DI1090.main"/>
            </labels>
        </test-case>
        <test-case start="1578374124829" stop="1578374129495" status="failed">
            <name>activityLoseWinLotty</name>
            <title>验证会员报表本月实际输赢（不包括退水）金额</title>
            <description type="text">判断会员报表的实际输赢（不包括退水）金额是否等于投注详情的实际输赢金额减去退水金额</description>
            <failure>
                <message>AssertionError: expected [true] but found [false]</message>
                <stack-trace>java.lang.AssertionError: expected [true] but found [false]
	at org.testng.Assert.fail(Assert.java:94)
	at org.testng.Assert.failNotEquals(Assert.java:496)
	at org.testng.Assert.assertTrue(Assert.java:42)
	at org.testng.Assert.assertTrue(Assert.java:52)
	at complex.ReportManagement.activityLoseWinLotty(ReportManagement.java:1562)
	at sun.reflect.NativeMethodAccessorImpl.invoke0(Native Method)
	at sun.reflect.NativeMethodAccessorImpl.invoke(NativeMethodAccessorImpl.java:62)
	at sun.reflect.DelegatingMethodAccessorImpl.invoke(DelegatingMethodAccessorImpl.java:43)
	at java.lang.reflect.Method.invoke(Method.java:498)
	at org.testng.internal.MethodInvocationHelper.invokeMethod(MethodInvocationHelper.java:85)
	at org.testng.internal.Invoker.invokeMethod(Invoker.java:639)
	at org.testng.internal.Invoker.invokeTestMethod(Invoker.java:816)
	at org.testng.internal.Invoker.invokeTestMethods(Invoker.java:1124)
	at org.testng.internal.TestMethodWorker.invokeTestMethods(TestMethodWorker.java:125)
	at org.testng.internal.TestMethodWorker.run(TestMethodWorker.java:108)
	at org.testng.TestRunner.privateRun(TestRunner.java:774)
	at org.testng.TestRunner.run(TestRunner.java:624)
	at org.testng.SuiteRunner.runTest(SuiteRunner.java:359)
	at org.testng.SuiteRunner.runSequentially(SuiteRunner.java:354)
	at org.testng.SuiteRunner.privateRun(SuiteRunner.java:312)
	at org.testng.SuiteRunner.run(SuiteRunner.java:261)
	at org.testng.SuiteRunnerWorker.runSuite(SuiteRunnerWorker.java:52)
	at org.testng.SuiteRunnerWorker.run(SuiteRunnerWorker.java:86)
	at org.testng.TestNG.runSuitesSequentially(TestNG.java:1191)
	at org.testng.TestNG.runSuitesLocally(TestNG.java:1116)
	at org.testng.TestNG.run(TestNG.java:1024)
	at org.apache.maven.surefire.testng.TestNGExecutor.run(TestNGExecutor.java:283)
	at org.apache.maven.surefire.testng.TestNGXmlTestSuite.execute(TestNGXmlTestSuite.java:75)
	at org.apache.maven.surefire.testng.TestNGProvider.invoke(TestNGProvider.java:120)
	at org.apache.maven.surefire.booter.ForkedBooter.invokeProviderInSameClassLoader(ForkedBooter.java:386)
	at org.apache.maven.surefire.booter.ForkedBooter.runSuitesInProcess(ForkedBooter.java:323)
	at org.apache.maven.surefire.booter.ForkedBooter.main(ForkedBooter.java:143)
</stack-trace>
            </failure>
            <steps>
                <step start="1578374124829" stop="1578374129148" status="failed">
                    <name>activityLoseWinLotty</name>
                    <title>1.进入报表管理-会员报表；2.获取账号achy01本月实际输赢（不包括退水）金额；3.进入投注详情；4.获取该会员本月实际输赢（不包括退水）金额</title>
                </step>
            </steps>
            <attachments/>
            <labels>
                <label name="severity" value="blocker"/>
                <label name="issue" value="http://10.1.101.66:890/index.php?m=testcase&amp;f=view&amp;caseID=45&amp;version=1"/>
                <label name="story" value="会员报表-彩票"/>
                <label name="feature" value="报表管理"/>
                <label name="host" value="DESKTOP-8DI1090"/>
                <label name="thread" value="12616@DESKTOP-8DI1090.main"/>
            </labels>
        </test-case>
        <test-case start="1578374129496" stop="1578374133790" status="passed">
            <name>activityLoseWinWaterLotty</name>
            <title>验证会员报表本月实际输赢（包括退水）</title>
            <description type="text">判断会员报表的实际输赢（包括退水）是否等于投注详情的输赢总金额</description>
            <steps>
                <step start="1578374129497" stop="1578374133785" status="passed">
                    <name>activityLoseWinWaterLotty</name>
                    <title>1.进入报表管理-会员报表；2.获取账号achy01本月实际输赢（包括退水）；3.进入投注详情；4.获取输赢总金额</title>
                    <attachments/>
                    <steps/>
                </step>
            </steps>
            <attachments/>
            <labels>
                <label name="severity" value="blocker"/>
                <label name="issue" value="http://10.1.101.66:890/index.php?m=testcase&amp;f=view&amp;caseID=45&amp;version=1"/>
                <label name="story" value="会员报表-彩票"/>
                <label name="feature" value="报表管理"/>
                <label name="host" value="DESKTOP-8DI1090"/>
                <label name="thread" value="12616@DESKTOP-8DI1090.main"/>
            </labels>
        </test-case>
        <test-case start="1578374133797" stop="1578374136045" status="passed">
            <name>activityWaterMoneyLotty</name>
            <title>验证会员报表本月实际退水金额</title>
            <description type="text">判断会员报表的实际退水金额是否等于投注金额*0.5%</description>
            <steps>
                <step start="1578374133800" stop="1578374136044" status="passed">
                    <name>activityWaterMoneyLotty</name>
                    <title>1.进入报表管理-会员报表；2.获取账号achy01本月实际退水金额；3.用投注金额*0.5%</title>
                    <attachments/>
                    <steps/>
                </step>
            </steps>
            <attachments/>
            <labels>
                <label name="severity" value="blocker"/>
                <label name="issue" value="http://10.1.101.66:890/index.php?m=testcase&amp;f=view&amp;caseID=45&amp;version=1"/>
                <label name="story" value="会员报表-彩票"/>
                <label name="feature" value="报表管理"/>
                <label name="host" value="DESKTOP-8DI1090"/>
                <label name="thread" value="12616@DESKTOP-8DI1090.main"/>
            </labels>
        </test-case>
    </test-cases>
    <labels>
        <label name="framework" value="TestNG"/>
        <label name="language" value="JAVA"/>
    </labels>
</ns2:test-suite>
