<?xml version="1.0" encoding="UTF-8" standalone="yes"?>
<ns2:test-suite xmlns:ns2="urn:model.allure.qatools.yandex.ru" start="1576905247880" stop="1576905298486" version="1.4.8">
    <name>Default Suite</name>
    <title>Default Suite : seleniumCp[]</title>
    <test-cases>
        <test-case start="1576905247914" stop="1576905247922" status="pending">
            <name>ReconciliationAgent2</name>
            <title>验证代理对账第二条数据</title>
            <description type="text">验证代理对账差别金额第二条数据</description>
            <failure>
                <message>Test not implemented yet</message>
                <stack-trace>There are no stack trace</stack-trace>
            </failure>
            <steps/>
            <attachments/>
            <labels>
                <label name="severity" value="blocker"/>
                <label name="issue" value="http://10.1.101.66:890/index.php?m=testcase&amp;f=view&amp;caseID=24&amp;version=1"/>
                <label name="story" value="代理对账"/>
                <label name="feature" value="财务管理"/>
                <label name="host" value="DESKTOP-8DI1090"/>
                <label name="thread" value="13472@DESKTOP-8DI1090.main"/>
            </labels>
        </test-case>
        <test-case start="1576905247923" stop="1576905247923" status="pending">
            <name>ReconciliationAgent1</name>
            <title>验证代理对账差别金额数据第一条数据</title>
            <description type="text">验证代理对账差别金额第一条数据</description>
            <failure>
                <message>Test not implemented yet</message>
                <stack-trace>There are no stack trace</stack-trace>
            </failure>
            <steps/>
            <attachments/>
            <labels>
                <label name="severity" value="blocker"/>
                <label name="issue" value="http://10.1.101.66:890/index.php?m=testcase&amp;f=view&amp;caseID=23&amp;version=1"/>
                <label name="story" value="代理对账"/>
                <label name="feature" value="财务管理"/>
                <label name="host" value="DESKTOP-8DI1090"/>
                <label name="thread" value="13472@DESKTOP-8DI1090.main"/>
            </labels>
        </test-case>
        <test-case start="1576905247924" stop="1576905247924" status="pending">
            <name>ReconciliationVip2</name>
            <title>验证对账差别金额第二条数据</title>
            <description type="text">验证会员对账差别金额第一条数据</description>
            <failure>
                <message>Test not implemented yet</message>
                <stack-trace>There are no stack trace</stack-trace>
            </failure>
            <steps/>
            <attachments/>
            <labels>
                <label name="severity" value="blocker"/>
                <label name="issue" value="http://10.1.101.66:890/index.php?m=testcase&amp;f=view&amp;caseID=21&amp;version=1"/>
                <label name="story" value="会员对账"/>
                <label name="feature" value="财务管理"/>
                <label name="host" value="DESKTOP-8DI1090"/>
                <label name="thread" value="13472@DESKTOP-8DI1090.main"/>
            </labels>
        </test-case>
        <test-case start="1576905247924" stop="1576905247924" status="pending">
            <name>ReconciliationVip</name>
            <title>验证会员对账差别金额数据第一条数据</title>
            <description type="text">验证会员对账差别金额第一条数据</description>
            <failure>
                <message>Test not implemented yet</message>
                <stack-trace>There are no stack trace</stack-trace>
            </failure>
            <steps/>
            <attachments/>
            <labels>
                <label name="severity" value="blocker"/>
                <label name="issue" value="http://10.1.101.66:890/index.php?m=testcase&amp;f=view&amp;caseID=20&amp;version=1"/>
                <label name="story" value="会员对账"/>
                <label name="feature" value="财务管理"/>
                <label name="host" value="DESKTOP-8DI1090"/>
                <label name="thread" value="13472@DESKTOP-8DI1090.main"/>
            </labels>
        </test-case>
        <test-case start="1576905247925" stop="1576905247925" status="pending">
            <name>ReconciliationVip3</name>
            <title>验证会员对账差别金额第三条数据</title>
            <description type="text">验证会员对账差别金额第三条数据</description>
            <failure>
                <message>Test not implemented yet</message>
                <stack-trace>There are no stack trace</stack-trace>
            </failure>
            <steps/>
            <attachments/>
            <labels>
                <label name="severity" value="blocker"/>
                <label name="issue" value="http://10.1.101.66:890/index.php?m=testcase&amp;f=view&amp;caseID=22&amp;version=1"/>
                <label name="story" value="会员对账"/>
                <label name="feature" value="财务管理"/>
                <label name="host" value="DESKTOP-8DI1090"/>
                <label name="thread" value="13472@DESKTOP-8DI1090.main"/>
            </labels>
        </test-case>
        <test-case start="1576905266135" stop="1576905273175" status="passed">
            <name>onlineRecharge</name>
            <title>验证会员对账线上充值金额</title>
            <description type="text">验证会员对账线上充值金额</description>
            <steps>
                <step start="1576905266276" stop="1576905273041" status="passed">
                    <name>onlineRecharge</name>
                    <title>1.进入财务管理-会员对账，2.获取线上充值金额，3.进入充值记录，4.查询今日在线充值</title>
                    <attachments/>
                    <steps/>
                </step>
            </steps>
            <attachments/>
            <labels>
                <label name="severity" value="blocker"/>
                <label name="issue" value="http://10.1.101.66:890/index.php?m=testcase&amp;f=view&amp;caseID=20&amp;version=1"/>
                <label name="story" value="会员对账"/>
                <label name="feature" value="财务管理"/>
                <label name="host" value="DESKTOP-8DI1090"/>
                <label name="thread" value="13472@DESKTOP-8DI1090.main"/>
            </labels>
        </test-case>
        <test-case start="1576905273179" stop="1576905278774" status="passed">
            <name>upRecharge</name>
            <title>验证会员对账线下充值金额</title>
            <description type="text">验证会员对账线下充值金额</description>
            <steps>
                <step start="1576905273180" stop="1576905278772" status="passed">
                    <name>upRecharge</name>
                    <title>1.进入财务管理-会员对账，2.获取线下充值金额，3.进入充值记录，4.查询今日后台充值和手动入款金额</title>
                    <attachments/>
                    <steps/>
                </step>
            </steps>
            <attachments/>
            <labels>
                <label name="severity" value="blocker"/>
                <label name="issue" value="http://10.1.101.66:890/index.php?m=testcase&amp;f=view&amp;caseID=20&amp;version=1"/>
                <label name="story" value="会员对账"/>
                <label name="feature" value="财务管理"/>
                <label name="host" value="DESKTOP-8DI1090"/>
                <label name="thread" value="13472@DESKTOP-8DI1090.main"/>
            </labels>
        </test-case>
        <test-case start="1576905278777" stop="1576905282156" status="passed">
            <name>activityLoseWinLotty</name>
            <title>验证会员对账彩票实际输赢金额</title>
            <description type="text">验证会员对账实际输赢金额</description>
            <steps>
                <step start="1576905278779" stop="1576905282153" status="passed">
                    <name>activityLoseWinLotty</name>
                    <title>1.进入财务管理-会员对账，2.获取彩票实际输赢金额，3.进入报表管理-会员报表，4.获取今日实际输赢（包括退水金额）</title>
                    <attachments/>
                    <steps/>
                </step>
            </steps>
            <attachments/>
            <labels>
                <label name="severity" value="blocker"/>
                <label name="issue" value="http://10.1.101.66:890/index.php?m=testcase&amp;f=view&amp;caseID=20&amp;version=1"/>
                <label name="story" value="会员对账"/>
                <label name="feature" value="财务管理"/>
                <label name="host" value="DESKTOP-8DI1090"/>
                <label name="thread" value="13472@DESKTOP-8DI1090.main"/>
            </labels>
        </test-case>
        <test-case start="1576905282159" stop="1576905295970" status="broken">
            <name>UnSettlement</name>
            <title>验证会员对账彩票未结算金额</title>
            <description type="text">验证会员对账彩票未结算金额</description>
            <failure>
                <message>NoSuchElementException: no such element: Unable to locate element: {"method":"xpath","selector":"//*[@id="pane-lottery"]/div[2]/div[1]/div[3]/table/tbody/tr[1]/td[6]/div/span"}
  (Session info: chrome=79.0.3945.79)
  (Driver info: chromedriver=78.0.3904.70 (edb9c9f3de0247fd912a77b7f6cae7447f6d3ad5-refs/branch-heads/3904@{#800}),platform=Windows NT 10.0.18363 x86_64) (WARNING: The server did not provide any stacktrace information)
Command duration or timeout: 10.06 seconds
For documentation on this error, please visit: http://seleniumhq.org/exceptions/no_such_element.html
Build info: version: '3.0.0', revision: '350cf60', time: '2016-10-13 10:48:57 -0700'
System info: host: 'DESKTOP-8DI1090', ip: '10.1.101.3', os.name: 'Windows 10', os.arch: 'amd64', os.version: '10.0', java.version: '1.8.0_231'
Driver info: org.openqa.selenium.chrome.ChromeDriver
Capabilities [{mobileEmulationEnabled=false, timeouts={implicit=0, pageLoad=300000, script=30000}, hasTouchScreen=false, platform=XP, acceptSslCerts=false, goog:chromeOptions={debuggerAddress=localhost:54028}, acceptInsecureCerts=false, webStorageEnabled=true, browserName=chrome, takesScreenshot=true, javascriptEnabled=true, setWindowRect=true, unexpectedAlertBehaviour=ignore, applicationCacheEnabled=false, rotatable=false, networkConnectionEnabled=false, chrome={chromedriverVersion=78.0.3904.70 (edb9c9f3de0247fd912a77b7f6cae7447f6d3ad5-refs/branch-heads/3904@{#800}), userDataDir=C:\Users\Owner\AppData\Local\Temp\scoped_dir14396_150289790}, takesHeapSnapshot=true, pageLoadStrategy=normal, strictFileInteractability=false, databaseEnabled=false, handlesAlerts=true, version=79.0.3945.79, browserConnectionEnabled=false, proxy={}, nativeEvents=true, locationContextEnabled=true, cssSelectorsEnabled=true}]
Session ID: 7a03452bf8b902feed84afe37d22dba8
*** Element info: {Using=xpath, value=//*[@id="pane-lottery"]/div[2]/div[1]/div[3]/table/tbody/tr[1]/td[6]/div/span}</message>
                <stack-trace>org.openqa.selenium.NoSuchElementException: no such element: Unable to locate element: {"method":"xpath","selector":"//*[@id="pane-lottery"]/div[2]/div[1]/div[3]/table/tbody/tr[1]/td[6]/div/span"}
  (Session info: chrome=79.0.3945.79)
  (Driver info: chromedriver=78.0.3904.70 (edb9c9f3de0247fd912a77b7f6cae7447f6d3ad5-refs/branch-heads/3904@{#800}),platform=Windows NT 10.0.18363 x86_64) (WARNING: The server did not provide any stacktrace information)
Command duration or timeout: 10.06 seconds
For documentation on this error, please visit: http://seleniumhq.org/exceptions/no_such_element.html
Build info: version: '3.0.0', revision: '350cf60', time: '2016-10-13 10:48:57 -0700'
System info: host: 'DESKTOP-8DI1090', ip: '10.1.101.3', os.name: 'Windows 10', os.arch: 'amd64', os.version: '10.0', java.version: '1.8.0_231'
Driver info: org.openqa.selenium.chrome.ChromeDriver
Capabilities [{mobileEmulationEnabled=false, timeouts={implicit=0, pageLoad=300000, script=30000}, hasTouchScreen=false, platform=XP, acceptSslCerts=false, goog:chromeOptions={debuggerAddress=localhost:54028}, acceptInsecureCerts=false, webStorageEnabled=true, browserName=chrome, takesScreenshot=true, javascriptEnabled=true, setWindowRect=true, unexpectedAlertBehaviour=ignore, applicationCacheEnabled=false, rotatable=false, networkConnectionEnabled=false, chrome={chromedriverVersion=78.0.3904.70 (edb9c9f3de0247fd912a77b7f6cae7447f6d3ad5-refs/branch-heads/3904@{#800}), userDataDir=C:\Users\Owner\AppData\Local\Temp\scoped_dir14396_150289790}, takesHeapSnapshot=true, pageLoadStrategy=normal, strictFileInteractability=false, databaseEnabled=false, handlesAlerts=true, version=79.0.3945.79, browserConnectionEnabled=false, proxy={}, nativeEvents=true, locationContextEnabled=true, cssSelectorsEnabled=true}]
Session ID: 7a03452bf8b902feed84afe37d22dba8
*** Element info: {Using=xpath, value=//*[@id="pane-lottery"]/div[2]/div[1]/div[3]/table/tbody/tr[1]/td[6]/div/span}
	at sun.reflect.NativeConstructorAccessorImpl.newInstance0(Native Method)
	at sun.reflect.NativeConstructorAccessorImpl.newInstance(NativeConstructorAccessorImpl.java:62)
	at sun.reflect.DelegatingConstructorAccessorImpl.newInstance(DelegatingConstructorAccessorImpl.java:45)
	at java.lang.reflect.Constructor.newInstance(Constructor.java:423)
	at org.openqa.selenium.remote.ErrorHandler.createThrowable(ErrorHandler.java:216)
	at org.openqa.selenium.remote.ErrorHandler.throwIfResponseFailed(ErrorHandler.java:168)
	at org.openqa.selenium.remote.RemoteWebDriver.execute(RemoteWebDriver.java:635)
	at org.openqa.selenium.remote.RemoteWebDriver.findElement(RemoteWebDriver.java:368)
	at org.openqa.selenium.remote.RemoteWebDriver.findElementByXPath(RemoteWebDriver.java:473)
	at org.openqa.selenium.By$ByXPath.findElement(By.java:361)
	at org.openqa.selenium.remote.RemoteWebDriver.findElement(RemoteWebDriver.java:360)
	at SeleniumMethod.WebDriverUtil.xpathClick(WebDriverUtil.java:308)
	at complex.FinanceManagement.UnSettlement(FinanceManagement.java:213)
	at sun.reflect.NativeMethodAccessorImpl.invoke0(Native Method)
	at sun.reflect.NativeMethodAccessorImpl.invoke(NativeMethodAccessorImpl.java:62)
	at sun.reflect.DelegatingMethodAccessorImpl.invoke(DelegatingMethodAccessorImpl.java:43)
	at java.lang.reflect.Method.invoke(Method.java:498)
	at org.testng.internal.MethodInvocationHelper.invokeMethod(MethodInvocationHelper.java:85)
	at org.testng.internal.Invoker.invokeMethod(Invoker.java:639)
	at org.testng.internal.Invoker.invokeTestMethod(Invoker.java:816)
	at org.testng.internal.Invoker.invokeTestMethods(Invoker.java:1124)
	at org.testng.internal.TestMethodWorker.invokeTestMethods(TestMethodWorker.java:125)
	at org.testng.internal.TestMethodWorker.run(TestMethodWorker.java:108)
	at org.testng.TestRunner.privateRun(TestRunner.java:774)
	at org.testng.TestRunner.run(TestRunner.java:624)
	at org.testng.SuiteRunner.runTest(SuiteRunner.java:359)
	at org.testng.SuiteRunner.runSequentially(SuiteRunner.java:354)
	at org.testng.SuiteRunner.privateRun(SuiteRunner.java:312)
	at org.testng.SuiteRunner.run(SuiteRunner.java:261)
	at org.testng.SuiteRunnerWorker.runSuite(SuiteRunnerWorker.java:52)
	at org.testng.SuiteRunnerWorker.run(SuiteRunnerWorker.java:86)
	at org.testng.TestNG.runSuitesSequentially(TestNG.java:1191)
	at org.testng.TestNG.runSuitesLocally(TestNG.java:1116)
	at org.testng.TestNG.run(TestNG.java:1024)
	at org.testng.IDEARemoteTestNG.run(IDEARemoteTestNG.java:73)
	at org.testng.RemoteTestNGStarter.main(RemoteTestNGStarter.java:123)
</stack-trace>
            </failure>
            <steps>
                <step start="1576905282160" stop="1576905295951" status="broken">
                    <name>UnSettlement</name>
                    <title>1.进入财务管理-会员对账，2.获取彩票未结算金额，3.进入报表管理-会员报表，4.点击投注笔数进入注单详情，5.选择未结算的今日数据</title>
                </step>
            </steps>
            <attachments/>
            <labels>
                <label name="severity" value="blocker"/>
                <label name="issue" value="http://10.1.101.66:890/index.php?m=testcase&amp;f=view&amp;caseID=20&amp;version=1"/>
                <label name="story" value="会员对账"/>
                <label name="feature" value="财务管理"/>
                <label name="host" value="DESKTOP-8DI1090"/>
                <label name="thread" value="13472@DESKTOP-8DI1090.main"/>
            </labels>
        </test-case>
        <test-case start="1576905295973" stop="1576905298474" status="passed">
            <name>gameLoseWinTotal</name>
            <title>验证会员对账外接游戏总输赢金额</title>
            <description type="text">验证会员对账外接游戏总输赢金额</description>
            <steps>
                <step start="1576905295974" stop="1576905298471" status="passed">
                    <name>gameLoseWinTotal</name>
                    <title>1.进入财务管理-会员对账，2.获取彩票未结算金额，3.进入报表管理-会员报表，4.点击投注笔数进入注单详情，5.选择未结算的今日数据</title>
                    <attachments/>
                    <steps/>
                </step>
            </steps>
            <attachments/>
            <labels>
                <label name="severity" value="blocker"/>
                <label name="issue" value="http://10.1.101.66:890/index.php?m=testcase&amp;f=view&amp;caseID=20&amp;version=1"/>
                <label name="story" value="会员对账"/>
                <label name="feature" value="财务管理"/>
                <label name="host" value="DESKTOP-8DI1090"/>
                <label name="thread" value="13472@DESKTOP-8DI1090.main"/>
            </labels>
        </test-case>
    </test-cases>
    <labels>
        <label name="framework" value="TestNG"/>
        <label name="language" value="JAVA"/>
    </labels>
</ns2:test-suite>
