<?xml version="1.0" encoding="UTF-8" standalone="yes"?>
<ns2:test-suite start="1574574713077" stop="1574574837612" version="1.5.2" xmlns:ns2="urn:model.allure.qatools.yandex.ru">
    <name>Default Suite : seleniumCp</name>
    <title>Default Suite : seleniumCp</title>
    <test-cases>
        <test-case start="1574574731254" stop="1574574736086" status="passed">
            <name>vipNumberToday</name>
            <title>验证总代理今日会员数</title>
            <steps/>
            <attachments/>
            <labels>
                <label name="testSuite" value="Default Suite"/>
                <label name="testGroup" value="seleniumCp"/>
                <label name="testClass" value="Backstage.admin.ReportManagement"/>
                <label name="testMethod" value="vipNumberToday"/>
                <label name="story" value="总代理报表"/>
                <label name="feature" value="报表管理"/>
                <label name="host" value="DESKTOP-8DI1090"/>
                <label name="thread" value="15788@DESKTOP-8DI1090.main(1)"/>
            </labels>
        </test-case>
        <test-case start="1574574736089" stop="1574574740697" status="passed">
            <name>countTotal</name>
            <title>验证总代理今日充值金额</title>
            <steps/>
            <attachments/>
            <labels>
                <label name="testSuite" value="Default Suite"/>
                <label name="testGroup" value="seleniumCp"/>
                <label name="testClass" value="Backstage.admin.ReportManagement"/>
                <label name="testMethod" value="countTotal"/>
                <label name="story" value="总代理报表"/>
                <label name="feature" value="报表管理"/>
                <label name="host" value="DESKTOP-8DI1090"/>
                <label name="thread" value="15788@DESKTOP-8DI1090.main(1)"/>
            </labels>
        </test-case>
        <test-case start="1574574740704" stop="1574574745433" status="failed">
            <name>betMoneyAgentTotal</name>
            <title>验证总代理今日投注金额</title>
            <failure>
                <message>AssertionError: expected [true] but found [false]</message>
                <stack-trace>java.lang.AssertionError: expected [true] but found [false]
	at org.testng.Assert.fail(Assert.java:94)
	at org.testng.Assert.failNotEquals(Assert.java:496)
	at org.testng.Assert.assertTrue(Assert.java:42)
	at org.testng.Assert.assertTrue(Assert.java:52)
	at Backstage.admin.ReportManagement.betMoneyAgentTotal(ReportManagement.java:119)
	at sun.reflect.NativeMethodAccessorImpl.invoke0(Native Method)
	at sun.reflect.NativeMethodAccessorImpl.invoke(NativeMethodAccessorImpl.java:62)
	at sun.reflect.DelegatingMethodAccessorImpl.invoke(DelegatingMethodAccessorImpl.java:43)
	at java.lang.reflect.Method.invoke(Method.java:498)
	at org.testng.internal.MethodInvocationHelper.invokeMethod(MethodInvocationHelper.java:85)
	at org.testng.internal.Invoker.invokeMethod(Invoker.java:639)
	at org.testng.internal.Invoker.invokeTestMethod(Invoker.java:816)
	at org.testng.internal.Invoker.invokeTestMethods(Invoker.java:1124)
	at org.testng.internal.TestMethodWorker.invokeTestMethods(TestMethodWorker.java:125)
	at org.testng.internal.TestMethodWorker.run(TestMethodWorker.java:108)
	at org.testng.TestRunner.privateRun(TestRunner.java:774)
	at org.testng.TestRunner.run(TestRunner.java:624)
	at org.testng.SuiteRunner.runTest(SuiteRunner.java:359)
	at org.testng.SuiteRunner.runSequentially(SuiteRunner.java:354)
	at org.testng.SuiteRunner.privateRun(SuiteRunner.java:312)
	at org.testng.SuiteRunner.run(SuiteRunner.java:261)
	at org.testng.SuiteRunnerWorker.runSuite(SuiteRunnerWorker.java:52)
	at org.testng.SuiteRunnerWorker.run(SuiteRunnerWorker.java:86)
	at org.testng.TestNG.runSuitesSequentially(TestNG.java:1191)
	at org.testng.TestNG.runSuitesLocally(TestNG.java:1116)
	at org.testng.TestNG.run(TestNG.java:1024)
	at org.testng.IDEARemoteTestNG.run(IDEARemoteTestNG.java:73)
	at org.testng.RemoteTestNGStarter.main(RemoteTestNGStarter.java:123)
</stack-trace>
            </failure>
            <steps/>
            <attachments/>
            <labels>
                <label name="testSuite" value="Default Suite"/>
                <label name="testGroup" value="seleniumCp"/>
                <label name="testClass" value="Backstage.admin.ReportManagement"/>
                <label name="testMethod" value="betMoneyAgentTotal"/>
                <label name="story" value="总代理报表"/>
                <label name="feature" value="报表管理"/>
                <label name="host" value="DESKTOP-8DI1090"/>
                <label name="thread" value="15788@DESKTOP-8DI1090.main(1)"/>
            </labels>
        </test-case>
        <test-case start="1574574745436" stop="1574574750076" status="passed">
            <name>winBetMoneyAgentTotal</name>
            <title>验证总代理今日赢利投注金额</title>
            <steps/>
            <attachments/>
            <labels>
                <label name="testSuite" value="Default Suite"/>
                <label name="testGroup" value="seleniumCp"/>
                <label name="testClass" value="Backstage.admin.ReportManagement"/>
                <label name="testMethod" value="winBetMoneyAgentTotal"/>
                <label name="story" value="总代理报表"/>
                <label name="feature" value="报表管理"/>
                <label name="host" value="DESKTOP-8DI1090"/>
                <label name="thread" value="15788@DESKTOP-8DI1090.main(1)"/>
            </labels>
        </test-case>
        <test-case start="1574574750080" stop="1574574754731" status="passed">
            <name>serviceChargeAgentTotal</name>
            <title>验证总代理充值优惠/服务费金额</title>
            <steps/>
            <attachments/>
            <labels>
                <label name="testSuite" value="Default Suite"/>
                <label name="testGroup" value="seleniumCp"/>
                <label name="testClass" value="Backstage.admin.ReportManagement"/>
                <label name="testMethod" value="serviceChargeAgentTotal"/>
                <label name="story" value="总代理报表"/>
                <label name="feature" value="报表管理"/>
                <label name="host" value="DESKTOP-8DI1090"/>
                <label name="thread" value="15788@DESKTOP-8DI1090.main(1)"/>
            </labels>
        </test-case>
        <test-case start="1574574754735" stop="1574574759463" status="passed">
            <name>waterBreakAgentTotal</name>
            <title>验证总代理报表代理退水金额</title>
            <steps/>
            <attachments/>
            <labels>
                <label name="testSuite" value="Default Suite"/>
                <label name="testGroup" value="seleniumCp"/>
                <label name="testClass" value="Backstage.admin.ReportManagement"/>
                <label name="testMethod" value="waterBreakAgentTotal"/>
                <label name="story" value="总代理报表"/>
                <label name="feature" value="报表管理"/>
                <label name="host" value="DESKTOP-8DI1090"/>
                <label name="thread" value="15788@DESKTOP-8DI1090.main(1)"/>
            </labels>
        </test-case>
        <test-case start="1574574759470" stop="1574574764037" status="passed">
            <name>oddsMoneyAgentTotal</name>
            <title>验证总代理报表代理赔率金额</title>
            <steps/>
            <attachments/>
            <labels>
                <label name="testSuite" value="Default Suite"/>
                <label name="testGroup" value="seleniumCp"/>
                <label name="testClass" value="Backstage.admin.ReportManagement"/>
                <label name="testMethod" value="oddsMoneyAgentTotal"/>
                <label name="story" value="总代理报表"/>
                <label name="feature" value="报表管理"/>
                <label name="host" value="DESKTOP-8DI1090"/>
                <label name="thread" value="15788@DESKTOP-8DI1090.main(1)"/>
            </labels>
        </test-case>
        <test-case start="1574574764043" stop="1574574768632" status="passed">
            <name>loseWinAgentTotal</name>
            <title>验证总代理报表会员输赢(不包括退水)金额</title>
            <steps/>
            <attachments/>
            <labels>
                <label name="testSuite" value="Default Suite"/>
                <label name="testGroup" value="seleniumCp"/>
                <label name="testClass" value="Backstage.admin.ReportManagement"/>
                <label name="testMethod" value="loseWinAgentTotal"/>
                <label name="story" value="总代理报表"/>
                <label name="feature" value="报表管理"/>
                <label name="host" value="DESKTOP-8DI1090"/>
                <label name="thread" value="15788@DESKTOP-8DI1090.main(1)"/>
            </labels>
        </test-case>
        <test-case start="1574574768636" stop="1574574773218" status="failed">
            <name>waterBreakPracticeAgentTotal</name>
            <title>验证总代理报表实际退水金额</title>
            <failure>
                <message>AssertionError: expected [true] but found [false]</message>
                <stack-trace>java.lang.AssertionError: expected [true] but found [false]
	at org.testng.Assert.fail(Assert.java:94)
	at org.testng.Assert.failNotEquals(Assert.java:496)
	at org.testng.Assert.assertTrue(Assert.java:42)
	at org.testng.Assert.assertTrue(Assert.java:52)
	at Backstage.admin.ReportManagement.waterBreakPracticeAgentTotal(ReportManagement.java:301)
	at sun.reflect.NativeMethodAccessorImpl.invoke0(Native Method)
	at sun.reflect.NativeMethodAccessorImpl.invoke(NativeMethodAccessorImpl.java:62)
	at sun.reflect.DelegatingMethodAccessorImpl.invoke(DelegatingMethodAccessorImpl.java:43)
	at java.lang.reflect.Method.invoke(Method.java:498)
	at org.testng.internal.MethodInvocationHelper.invokeMethod(MethodInvocationHelper.java:85)
	at org.testng.internal.Invoker.invokeMethod(Invoker.java:639)
	at org.testng.internal.Invoker.invokeTestMethod(Invoker.java:816)
	at org.testng.internal.Invoker.invokeTestMethods(Invoker.java:1124)
	at org.testng.internal.TestMethodWorker.invokeTestMethods(TestMethodWorker.java:125)
	at org.testng.internal.TestMethodWorker.run(TestMethodWorker.java:108)
	at org.testng.TestRunner.privateRun(TestRunner.java:774)
	at org.testng.TestRunner.run(TestRunner.java:624)
	at org.testng.SuiteRunner.runTest(SuiteRunner.java:359)
	at org.testng.SuiteRunner.runSequentially(SuiteRunner.java:354)
	at org.testng.SuiteRunner.privateRun(SuiteRunner.java:312)
	at org.testng.SuiteRunner.run(SuiteRunner.java:261)
	at org.testng.SuiteRunnerWorker.runSuite(SuiteRunnerWorker.java:52)
	at org.testng.SuiteRunnerWorker.run(SuiteRunnerWorker.java:86)
	at org.testng.TestNG.runSuitesSequentially(TestNG.java:1191)
	at org.testng.TestNG.runSuitesLocally(TestNG.java:1116)
	at org.testng.TestNG.run(TestNG.java:1024)
	at org.testng.IDEARemoteTestNG.run(IDEARemoteTestNG.java:73)
	at org.testng.RemoteTestNGStarter.main(RemoteTestNGStarter.java:123)
</stack-trace>
            </failure>
            <steps/>
            <attachments/>
            <labels>
                <label name="testSuite" value="Default Suite"/>
                <label name="testGroup" value="seleniumCp"/>
                <label name="testClass" value="Backstage.admin.ReportManagement"/>
                <label name="testMethod" value="waterBreakPracticeAgentTotal"/>
                <label name="story" value="总代理报表"/>
                <label name="feature" value="报表管理"/>
                <label name="host" value="DESKTOP-8DI1090"/>
                <label name="thread" value="15788@DESKTOP-8DI1090.main(1)"/>
            </labels>
        </test-case>
        <test-case start="1574574773222" stop="1574574777856" status="failed">
            <name>loseWinAndWaterAgentTotal</name>
            <title>验证总代理报表实际退水金额</title>
            <failure>
                <message>AssertionError: expected [true] but found [false]</message>
                <stack-trace>java.lang.AssertionError: expected [true] but found [false]
	at org.testng.Assert.fail(Assert.java:94)
	at org.testng.Assert.failNotEquals(Assert.java:496)
	at org.testng.Assert.assertTrue(Assert.java:42)
	at org.testng.Assert.assertTrue(Assert.java:52)
	at Backstage.admin.ReportManagement.loseWinAndWaterAgentTotal(ReportManagement.java:332)
	at sun.reflect.NativeMethodAccessorImpl.invoke0(Native Method)
	at sun.reflect.NativeMethodAccessorImpl.invoke(NativeMethodAccessorImpl.java:62)
	at sun.reflect.DelegatingMethodAccessorImpl.invoke(DelegatingMethodAccessorImpl.java:43)
	at java.lang.reflect.Method.invoke(Method.java:498)
	at org.testng.internal.MethodInvocationHelper.invokeMethod(MethodInvocationHelper.java:85)
	at org.testng.internal.Invoker.invokeMethod(Invoker.java:639)
	at org.testng.internal.Invoker.invokeTestMethod(Invoker.java:816)
	at org.testng.internal.Invoker.invokeTestMethods(Invoker.java:1124)
	at org.testng.internal.TestMethodWorker.invokeTestMethods(TestMethodWorker.java:125)
	at org.testng.internal.TestMethodWorker.run(TestMethodWorker.java:108)
	at org.testng.TestRunner.privateRun(TestRunner.java:774)
	at org.testng.TestRunner.run(TestRunner.java:624)
	at org.testng.SuiteRunner.runTest(SuiteRunner.java:359)
	at org.testng.SuiteRunner.runSequentially(SuiteRunner.java:354)
	at org.testng.SuiteRunner.privateRun(SuiteRunner.java:312)
	at org.testng.SuiteRunner.run(SuiteRunner.java:261)
	at org.testng.SuiteRunnerWorker.runSuite(SuiteRunnerWorker.java:52)
	at org.testng.SuiteRunnerWorker.run(SuiteRunnerWorker.java:86)
	at org.testng.TestNG.runSuitesSequentially(TestNG.java:1191)
	at org.testng.TestNG.runSuitesLocally(TestNG.java:1116)
	at org.testng.TestNG.run(TestNG.java:1024)
	at org.testng.IDEARemoteTestNG.run(IDEARemoteTestNG.java:73)
	at org.testng.RemoteTestNGStarter.main(RemoteTestNGStarter.java:123)
</stack-trace>
            </failure>
            <steps/>
            <attachments/>
            <labels>
                <label name="testSuite" value="Default Suite"/>
                <label name="testGroup" value="seleniumCp"/>
                <label name="testClass" value="Backstage.admin.ReportManagement"/>
                <label name="testMethod" value="loseWinAndWaterAgentTotal"/>
                <label name="story" value="总代理报表"/>
                <label name="feature" value="报表管理"/>
                <label name="host" value="DESKTOP-8DI1090"/>
                <label name="thread" value="15788@DESKTOP-8DI1090.main(1)"/>
            </labels>
        </test-case>
        <test-case start="1574574777860" stop="1574574781465" status="passed">
            <name>vipNumberAgent</name>
            <title>验证代理报表会员数量</title>
            <steps/>
            <attachments/>
            <labels>
                <label name="testSuite" value="Default Suite"/>
                <label name="testGroup" value="seleniumCp"/>
                <label name="testClass" value="Backstage.admin.ReportManagement"/>
                <label name="testMethod" value="vipNumberAgent"/>
                <label name="story" value="代理报表"/>
                <label name="feature" value="报表管理"/>
                <label name="host" value="DESKTOP-8DI1090"/>
                <label name="thread" value="15788@DESKTOP-8DI1090.main(1)"/>
            </labels>
        </test-case>
        <test-case start="1574574781477" stop="1574574785608" status="passed">
            <name>rechargeMoneyAgent</name>
            <title>验证代理报表充值金额</title>
            <steps/>
            <attachments/>
            <labels>
                <label name="testSuite" value="Default Suite"/>
                <label name="testGroup" value="seleniumCp"/>
                <label name="testClass" value="Backstage.admin.ReportManagement"/>
                <label name="testMethod" value="rechargeMoneyAgent"/>
                <label name="story" value="代理报表"/>
                <label name="feature" value="报表管理"/>
                <label name="host" value="DESKTOP-8DI1090"/>
                <label name="thread" value="15788@DESKTOP-8DI1090.main(1)"/>
            </labels>
        </test-case>
        <test-case start="1574574785612" stop="1574574789657" status="failed">
            <name>betMoneyAgentReport</name>
            <title>验证代理报表投注金额</title>
            <failure>
                <message>AssertionError: expected [true] but found [false]</message>
                <stack-trace>java.lang.AssertionError: expected [true] but found [false]
	at org.testng.Assert.fail(Assert.java:94)
	at org.testng.Assert.failNotEquals(Assert.java:496)
	at org.testng.Assert.assertTrue(Assert.java:42)
	at org.testng.Assert.assertTrue(Assert.java:52)
	at Backstage.admin.ReportManagement.betMoneyAgentReport(ReportManagement.java:459)
	at sun.reflect.NativeMethodAccessorImpl.invoke0(Native Method)
	at sun.reflect.NativeMethodAccessorImpl.invoke(NativeMethodAccessorImpl.java:62)
	at sun.reflect.DelegatingMethodAccessorImpl.invoke(DelegatingMethodAccessorImpl.java:43)
	at java.lang.reflect.Method.invoke(Method.java:498)
	at org.testng.internal.MethodInvocationHelper.invokeMethod(MethodInvocationHelper.java:85)
	at org.testng.internal.Invoker.invokeMethod(Invoker.java:639)
	at org.testng.internal.Invoker.invokeTestMethod(Invoker.java:816)
	at org.testng.internal.Invoker.invokeTestMethods(Invoker.java:1124)
	at org.testng.internal.TestMethodWorker.invokeTestMethods(TestMethodWorker.java:125)
	at org.testng.internal.TestMethodWorker.run(TestMethodWorker.java:108)
	at org.testng.TestRunner.privateRun(TestRunner.java:774)
	at org.testng.TestRunner.run(TestRunner.java:624)
	at org.testng.SuiteRunner.runTest(SuiteRunner.java:359)
	at org.testng.SuiteRunner.runSequentially(SuiteRunner.java:354)
	at org.testng.SuiteRunner.privateRun(SuiteRunner.java:312)
	at org.testng.SuiteRunner.run(SuiteRunner.java:261)
	at org.testng.SuiteRunnerWorker.runSuite(SuiteRunnerWorker.java:52)
	at org.testng.SuiteRunnerWorker.run(SuiteRunnerWorker.java:86)
	at org.testng.TestNG.runSuitesSequentially(TestNG.java:1191)
	at org.testng.TestNG.runSuitesLocally(TestNG.java:1116)
	at org.testng.TestNG.run(TestNG.java:1024)
	at org.testng.IDEARemoteTestNG.run(IDEARemoteTestNG.java:73)
	at org.testng.RemoteTestNGStarter.main(RemoteTestNGStarter.java:123)
</stack-trace>
            </failure>
            <steps/>
            <attachments/>
            <labels>
                <label name="testSuite" value="Default Suite"/>
                <label name="testGroup" value="seleniumCp"/>
                <label name="testClass" value="Backstage.admin.ReportManagement"/>
                <label name="testMethod" value="betMoneyAgentReport"/>
                <label name="story" value="代理报表"/>
                <label name="feature" value="报表管理"/>
                <label name="host" value="DESKTOP-8DI1090"/>
                <label name="thread" value="15788@DESKTOP-8DI1090.main(1)"/>
            </labels>
        </test-case>
        <test-case start="1574574789661" stop="1574574793736" status="failed">
            <name>countAgent</name>
            <title>验证代理报表充值笔数</title>
            <failure>
                <message>AssertionError: expected [true] but found [false]</message>
                <stack-trace>java.lang.AssertionError: expected [true] but found [false]
	at org.testng.Assert.fail(Assert.java:94)
	at org.testng.Assert.failNotEquals(Assert.java:496)
	at org.testng.Assert.assertTrue(Assert.java:42)
	at org.testng.Assert.assertTrue(Assert.java:52)
	at Backstage.admin.ReportManagement.countAgent(ReportManagement.java:428)
	at sun.reflect.NativeMethodAccessorImpl.invoke0(Native Method)
	at sun.reflect.NativeMethodAccessorImpl.invoke(NativeMethodAccessorImpl.java:62)
	at sun.reflect.DelegatingMethodAccessorImpl.invoke(DelegatingMethodAccessorImpl.java:43)
	at java.lang.reflect.Method.invoke(Method.java:498)
	at org.testng.internal.MethodInvocationHelper.invokeMethod(MethodInvocationHelper.java:85)
	at org.testng.internal.Invoker.invokeMethod(Invoker.java:639)
	at org.testng.internal.Invoker.invokeTestMethod(Invoker.java:816)
	at org.testng.internal.Invoker.invokeTestMethods(Invoker.java:1124)
	at org.testng.internal.TestMethodWorker.invokeTestMethods(TestMethodWorker.java:125)
	at org.testng.internal.TestMethodWorker.run(TestMethodWorker.java:108)
	at org.testng.TestRunner.privateRun(TestRunner.java:774)
	at org.testng.TestRunner.run(TestRunner.java:624)
	at org.testng.SuiteRunner.runTest(SuiteRunner.java:359)
	at org.testng.SuiteRunner.runSequentially(SuiteRunner.java:354)
	at org.testng.SuiteRunner.privateRun(SuiteRunner.java:312)
	at org.testng.SuiteRunner.run(SuiteRunner.java:261)
	at org.testng.SuiteRunnerWorker.runSuite(SuiteRunnerWorker.java:52)
	at org.testng.SuiteRunnerWorker.run(SuiteRunnerWorker.java:86)
	at org.testng.TestNG.runSuitesSequentially(TestNG.java:1191)
	at org.testng.TestNG.runSuitesLocally(TestNG.java:1116)
	at org.testng.TestNG.run(TestNG.java:1024)
	at org.testng.IDEARemoteTestNG.run(IDEARemoteTestNG.java:73)
	at org.testng.RemoteTestNGStarter.main(RemoteTestNGStarter.java:123)
</stack-trace>
            </failure>
            <steps/>
            <attachments/>
            <labels>
                <label name="testSuite" value="Default Suite"/>
                <label name="testGroup" value="seleniumCp"/>
                <label name="testClass" value="Backstage.admin.ReportManagement"/>
                <label name="testMethod" value="countAgent"/>
                <label name="story" value="代理报表"/>
                <label name="feature" value="报表管理"/>
                <label name="host" value="DESKTOP-8DI1090"/>
                <label name="thread" value="15788@DESKTOP-8DI1090.main(1)"/>
            </labels>
        </test-case>
        <test-case start="1574574793743" stop="1574574797864" status="passed">
            <name>winBetMoneyAgentReport</name>
            <title>验证代理报表赢利投注金额</title>
            <steps/>
            <attachments/>
            <labels>
                <label name="testSuite" value="Default Suite"/>
                <label name="testGroup" value="seleniumCp"/>
                <label name="testClass" value="Backstage.admin.ReportManagement"/>
                <label name="testMethod" value="winBetMoneyAgentReport"/>
                <label name="story" value="代理报表"/>
                <label name="feature" value="报表管理"/>
                <label name="host" value="DESKTOP-8DI1090"/>
                <label name="thread" value="15788@DESKTOP-8DI1090.main(1)"/>
            </labels>
        </test-case>
        <test-case start="1574574797868" stop="1574574801979" status="passed">
            <name>serviceMoneyAgent</name>
            <title>验证代理报表充值优惠/手续费</title>
            <steps/>
            <attachments/>
            <labels>
                <label name="testSuite" value="Default Suite"/>
                <label name="testGroup" value="seleniumCp"/>
                <label name="testClass" value="Backstage.admin.ReportManagement"/>
                <label name="testMethod" value="serviceMoneyAgent"/>
                <label name="story" value="代理报表"/>
                <label name="feature" value="报表管理"/>
                <label name="host" value="DESKTOP-8DI1090"/>
                <label name="thread" value="15788@DESKTOP-8DI1090.main(1)"/>
            </labels>
        </test-case>
        <test-case start="1574574801985" stop="1574574805979" status="passed">
            <name>oddsAgent</name>
            <title>验证代理报表代理赔率金额</title>
            <steps/>
            <attachments/>
            <labels>
                <label name="testSuite" value="Default Suite"/>
                <label name="testGroup" value="seleniumCp"/>
                <label name="testClass" value="Backstage.admin.ReportManagement"/>
                <label name="testMethod" value="oddsAgent"/>
                <label name="story" value="代理报表"/>
                <label name="feature" value="报表管理"/>
                <label name="host" value="DESKTOP-8DI1090"/>
                <label name="thread" value="15788@DESKTOP-8DI1090.main(1)"/>
            </labels>
        </test-case>
        <test-case start="1574574805982" stop="1574574810141" status="passed">
            <name>waterBreakMoneyAgent</name>
            <title>验证代理报表代理退水金额</title>
            <steps/>
            <attachments/>
            <labels>
                <label name="testSuite" value="Default Suite"/>
                <label name="testGroup" value="seleniumCp"/>
                <label name="testClass" value="Backstage.admin.ReportManagement"/>
                <label name="testMethod" value="waterBreakMoneyAgent"/>
                <label name="story" value="代理报表"/>
                <label name="feature" value="报表管理"/>
                <label name="host" value="DESKTOP-8DI1090"/>
                <label name="thread" value="15788@DESKTOP-8DI1090.main(1)"/>
            </labels>
        </test-case>
        <test-case start="1574574810146" stop="1574574814552" status="passed">
            <name>winLoseNotWaterAgent</name>
            <title>验证代理报表实际输赢（不包括退水）</title>
            <steps/>
            <attachments/>
            <labels>
                <label name="testSuite" value="Default Suite"/>
                <label name="testGroup" value="seleniumCp"/>
                <label name="testClass" value="Backstage.admin.ReportManagement"/>
                <label name="testMethod" value="winLoseNotWaterAgent"/>
                <label name="story" value="代理报表"/>
                <label name="feature" value="报表管理"/>
                <label name="host" value="DESKTOP-8DI1090"/>
                <label name="thread" value="15788@DESKTOP-8DI1090.main(1)"/>
            </labels>
        </test-case>
        <test-case start="1574574814556" stop="1574574818661" status="failed">
            <name>winLoseWaterAgent</name>
            <title>验证代理报表实际输赢（包括退水）</title>
            <failure>
                <message>AssertionError: expected [true] but found [false]</message>
                <stack-trace>java.lang.AssertionError: expected [true] but found [false]
	at org.testng.Assert.fail(Assert.java:94)
	at org.testng.Assert.failNotEquals(Assert.java:496)
	at org.testng.Assert.assertTrue(Assert.java:42)
	at org.testng.Assert.assertTrue(Assert.java:52)
	at Backstage.admin.ReportManagement.winLoseWaterAgent(ReportManagement.java:644)
	at sun.reflect.NativeMethodAccessorImpl.invoke0(Native Method)
	at sun.reflect.NativeMethodAccessorImpl.invoke(NativeMethodAccessorImpl.java:62)
	at sun.reflect.DelegatingMethodAccessorImpl.invoke(DelegatingMethodAccessorImpl.java:43)
	at java.lang.reflect.Method.invoke(Method.java:498)
	at org.testng.internal.MethodInvocationHelper.invokeMethod(MethodInvocationHelper.java:85)
	at org.testng.internal.Invoker.invokeMethod(Invoker.java:639)
	at org.testng.internal.Invoker.invokeTestMethod(Invoker.java:816)
	at org.testng.internal.Invoker.invokeTestMethods(Invoker.java:1124)
	at org.testng.internal.TestMethodWorker.invokeTestMethods(TestMethodWorker.java:125)
	at org.testng.internal.TestMethodWorker.run(TestMethodWorker.java:108)
	at org.testng.TestRunner.privateRun(TestRunner.java:774)
	at org.testng.TestRunner.run(TestRunner.java:624)
	at org.testng.SuiteRunner.runTest(SuiteRunner.java:359)
	at org.testng.SuiteRunner.runSequentially(SuiteRunner.java:354)
	at org.testng.SuiteRunner.privateRun(SuiteRunner.java:312)
	at org.testng.SuiteRunner.run(SuiteRunner.java:261)
	at org.testng.SuiteRunnerWorker.runSuite(SuiteRunnerWorker.java:52)
	at org.testng.SuiteRunnerWorker.run(SuiteRunnerWorker.java:86)
	at org.testng.TestNG.runSuitesSequentially(TestNG.java:1191)
	at org.testng.TestNG.runSuitesLocally(TestNG.java:1116)
	at org.testng.TestNG.run(TestNG.java:1024)
	at org.testng.IDEARemoteTestNG.run(IDEARemoteTestNG.java:73)
	at org.testng.RemoteTestNGStarter.main(RemoteTestNGStarter.java:123)
</stack-trace>
            </failure>
            <steps/>
            <attachments/>
            <labels>
                <label name="testSuite" value="Default Suite"/>
                <label name="testGroup" value="seleniumCp"/>
                <label name="testClass" value="Backstage.admin.ReportManagement"/>
                <label name="testMethod" value="winLoseWaterAgent"/>
                <label name="story" value="代理报表"/>
                <label name="feature" value="报表管理"/>
                <label name="host" value="DESKTOP-8DI1090"/>
                <label name="thread" value="15788@DESKTOP-8DI1090.main(1)"/>
            </labels>
        </test-case>
        <test-case start="1574574818666" stop="1574574822712" status="failed">
            <name>waterBreakMoneyActivityAgent</name>
            <title>验证代理报表代理退水金额</title>
            <failure>
                <message>AssertionError: expected [true] but found [false]</message>
                <stack-trace>java.lang.AssertionError: expected [true] but found [false]
	at org.testng.Assert.fail(Assert.java:94)
	at org.testng.Assert.failNotEquals(Assert.java:496)
	at org.testng.Assert.assertTrue(Assert.java:42)
	at org.testng.Assert.assertTrue(Assert.java:52)
	at Backstage.admin.ReportManagement.waterBreakMoneyActivityAgent(ReportManagement.java:672)
	at sun.reflect.NativeMethodAccessorImpl.invoke0(Native Method)
	at sun.reflect.NativeMethodAccessorImpl.invoke(NativeMethodAccessorImpl.java:62)
	at sun.reflect.DelegatingMethodAccessorImpl.invoke(DelegatingMethodAccessorImpl.java:43)
	at java.lang.reflect.Method.invoke(Method.java:498)
	at org.testng.internal.MethodInvocationHelper.invokeMethod(MethodInvocationHelper.java:85)
	at org.testng.internal.Invoker.invokeMethod(Invoker.java:639)
	at org.testng.internal.Invoker.invokeTestMethod(Invoker.java:816)
	at org.testng.internal.Invoker.invokeTestMethods(Invoker.java:1124)
	at org.testng.internal.TestMethodWorker.invokeTestMethods(TestMethodWorker.java:125)
	at org.testng.internal.TestMethodWorker.run(TestMethodWorker.java:108)
	at org.testng.TestRunner.privateRun(TestRunner.java:774)
	at org.testng.TestRunner.run(TestRunner.java:624)
	at org.testng.SuiteRunner.runTest(SuiteRunner.java:359)
	at org.testng.SuiteRunner.runSequentially(SuiteRunner.java:354)
	at org.testng.SuiteRunner.privateRun(SuiteRunner.java:312)
	at org.testng.SuiteRunner.run(SuiteRunner.java:261)
	at org.testng.SuiteRunnerWorker.runSuite(SuiteRunnerWorker.java:52)
	at org.testng.SuiteRunnerWorker.run(SuiteRunnerWorker.java:86)
	at org.testng.TestNG.runSuitesSequentially(TestNG.java:1191)
	at org.testng.TestNG.runSuitesLocally(TestNG.java:1116)
	at org.testng.TestNG.run(TestNG.java:1024)
	at org.testng.IDEARemoteTestNG.run(IDEARemoteTestNG.java:73)
	at org.testng.RemoteTestNGStarter.main(RemoteTestNGStarter.java:123)
</stack-trace>
            </failure>
            <steps/>
            <attachments/>
            <labels>
                <label name="testSuite" value="Default Suite"/>
                <label name="testGroup" value="seleniumCp"/>
                <label name="testClass" value="Backstage.admin.ReportManagement"/>
                <label name="testMethod" value="waterBreakMoneyActivityAgent"/>
                <label name="story" value="代理报表"/>
                <label name="feature" value="报表管理"/>
                <label name="host" value="DESKTOP-8DI1090"/>
                <label name="thread" value="15788@DESKTOP-8DI1090.main(1)"/>
            </labels>
        </test-case>
        <test-case start="1574574822715" stop="1574574837598" status="broken">
            <name>rechargeMoneyVip</name>
            <title>验证会员报表充值金额</title>
            <failure>
                <message>NoSuchElementException: no such element: Unable to locate element: {"method":"xpath","selector":"//*[@id="app"]/div/div[2]/section/div/div[2]/div[1]/div[3]/table/tbody/tr/td[4]/div"}
  (Session info: chrome=78.0.3904.97)
  (Driver info: chromedriver=78.0.3904.70 (edb9c9f3de0247fd912a77b7f6cae7447f6d3ad5-refs/branch-heads/3904@{#800}),platform=Windows NT 10.0.18363 x86_64) (WARNING: The server did not provide any stacktrace information)
Command duration or timeout: 10.01 seconds
For documentation on this error, please visit: http://seleniumhq.org/exceptions/no_such_element.html
Build info: version: '3.0.0', revision: '350cf60', time: '2016-10-13 10:48:57 -0700'
System info: host: 'DESKTOP-8DI1090', ip: '10.1.101.3', os.name: 'Windows 10', os.arch: 'amd64', os.version: '10.0', java.version: '1.8.0_231'
Driver info: org.openqa.selenium.chrome.ChromeDriver
Capabilities [{mobileEmulationEnabled=false, timeouts={implicit=0, pageLoad=300000, script=30000}, hasTouchScreen=false, platform=XP, acceptSslCerts=false, goog:chromeOptions={debuggerAddress=localhost:57682}, acceptInsecureCerts=false, webStorageEnabled=true, browserName=chrome, takesScreenshot=true, javascriptEnabled=true, setWindowRect=true, unexpectedAlertBehaviour=ignore, applicationCacheEnabled=false, rotatable=false, networkConnectionEnabled=false, chrome={chromedriverVersion=78.0.3904.70 (edb9c9f3de0247fd912a77b7f6cae7447f6d3ad5-refs/branch-heads/3904@{#800}), userDataDir=C:\Users\Owner\AppData\Local\Temp\scoped_dir4268_1770265806}, takesHeapSnapshot=true, pageLoadStrategy=normal, strictFileInteractability=false, databaseEnabled=false, handlesAlerts=true, version=78.0.3904.97, browserConnectionEnabled=false, proxy={}, nativeEvents=true, locationContextEnabled=true, cssSelectorsEnabled=true}]
Session ID: f97fe8b0e6201f725427bab21113fb6d
*** Element info: {Using=xpath, value=//*[@id="app"]/div/div[2]/section/div/div[2]/div[1]/div[3]/table/tbody/tr/td[4]/div}</message>
                <stack-trace>org.openqa.selenium.NoSuchElementException: no such element: Unable to locate element: {"method":"xpath","selector":"//*[@id="app"]/div/div[2]/section/div/div[2]/div[1]/div[3]/table/tbody/tr/td[4]/div"}
  (Session info: chrome=78.0.3904.97)
  (Driver info: chromedriver=78.0.3904.70 (edb9c9f3de0247fd912a77b7f6cae7447f6d3ad5-refs/branch-heads/3904@{#800}),platform=Windows NT 10.0.18363 x86_64) (WARNING: The server did not provide any stacktrace information)
Command duration or timeout: 10.01 seconds
For documentation on this error, please visit: http://seleniumhq.org/exceptions/no_such_element.html
Build info: version: '3.0.0', revision: '350cf60', time: '2016-10-13 10:48:57 -0700'
System info: host: 'DESKTOP-8DI1090', ip: '10.1.101.3', os.name: 'Windows 10', os.arch: 'amd64', os.version: '10.0', java.version: '1.8.0_231'
Driver info: org.openqa.selenium.chrome.ChromeDriver
Capabilities [{mobileEmulationEnabled=false, timeouts={implicit=0, pageLoad=300000, script=30000}, hasTouchScreen=false, platform=XP, acceptSslCerts=false, goog:chromeOptions={debuggerAddress=localhost:57682}, acceptInsecureCerts=false, webStorageEnabled=true, browserName=chrome, takesScreenshot=true, javascriptEnabled=true, setWindowRect=true, unexpectedAlertBehaviour=ignore, applicationCacheEnabled=false, rotatable=false, networkConnectionEnabled=false, chrome={chromedriverVersion=78.0.3904.70 (edb9c9f3de0247fd912a77b7f6cae7447f6d3ad5-refs/branch-heads/3904@{#800}), userDataDir=C:\Users\Owner\AppData\Local\Temp\scoped_dir4268_1770265806}, takesHeapSnapshot=true, pageLoadStrategy=normal, strictFileInteractability=false, databaseEnabled=false, handlesAlerts=true, version=78.0.3904.97, browserConnectionEnabled=false, proxy={}, nativeEvents=true, locationContextEnabled=true, cssSelectorsEnabled=true}]
Session ID: f97fe8b0e6201f725427bab21113fb6d
*** Element info: {Using=xpath, value=//*[@id="app"]/div/div[2]/section/div/div[2]/div[1]/div[3]/table/tbody/tr/td[4]/div}
	at sun.reflect.NativeConstructorAccessorImpl.newInstance0(Native Method)
	at sun.reflect.NativeConstructorAccessorImpl.newInstance(NativeConstructorAccessorImpl.java:62)
	at sun.reflect.DelegatingConstructorAccessorImpl.newInstance(DelegatingConstructorAccessorImpl.java:45)
	at java.lang.reflect.Constructor.newInstance(Constructor.java:423)
	at org.openqa.selenium.remote.ErrorHandler.createThrowable(ErrorHandler.java:216)
	at org.openqa.selenium.remote.ErrorHandler.throwIfResponseFailed(ErrorHandler.java:168)
	at org.openqa.selenium.remote.RemoteWebDriver.execute(RemoteWebDriver.java:635)
	at org.openqa.selenium.remote.RemoteWebDriver.findElement(RemoteWebDriver.java:368)
	at org.openqa.selenium.remote.RemoteWebDriver.findElementByXPath(RemoteWebDriver.java:473)
	at org.openqa.selenium.By$ByXPath.findElement(By.java:361)
	at org.openqa.selenium.remote.RemoteWebDriver.findElement(RemoteWebDriver.java:360)
	at SeleniumMethod.WebDriverUtil.findElementByXpath(WebDriverUtil.java:171)
	at SeleniumMethod.WebDriverUtil.getTextByXpath(WebDriverUtil.java:416)
	at Backstage.admin.ReportManagement.rechargeMoneyVip(ReportManagement.java:704)
	at sun.reflect.NativeMethodAccessorImpl.invoke0(Native Method)
	at sun.reflect.NativeMethodAccessorImpl.invoke(NativeMethodAccessorImpl.java:62)
	at sun.reflect.DelegatingMethodAccessorImpl.invoke(DelegatingMethodAccessorImpl.java:43)
	at java.lang.reflect.Method.invoke(Method.java:498)
	at org.testng.internal.MethodInvocationHelper.invokeMethod(MethodInvocationHelper.java:85)
	at org.testng.internal.Invoker.invokeMethod(Invoker.java:639)
	at org.testng.internal.Invoker.invokeTestMethod(Invoker.java:816)
	at org.testng.internal.Invoker.invokeTestMethods(Invoker.java:1124)
	at org.testng.internal.TestMethodWorker.invokeTestMethods(TestMethodWorker.java:125)
	at org.testng.internal.TestMethodWorker.run(TestMethodWorker.java:108)
	at org.testng.TestRunner.privateRun(TestRunner.java:774)
	at org.testng.TestRunner.run(TestRunner.java:624)
	at org.testng.SuiteRunner.runTest(SuiteRunner.java:359)
	at org.testng.SuiteRunner.runSequentially(SuiteRunner.java:354)
	at org.testng.SuiteRunner.privateRun(SuiteRunner.java:312)
	at org.testng.SuiteRunner.run(SuiteRunner.java:261)
	at org.testng.SuiteRunnerWorker.runSuite(SuiteRunnerWorker.java:52)
	at org.testng.SuiteRunnerWorker.run(SuiteRunnerWorker.java:86)
	at org.testng.TestNG.runSuitesSequentially(TestNG.java:1191)
	at org.testng.TestNG.runSuitesLocally(TestNG.java:1116)
	at org.testng.TestNG.run(TestNG.java:1024)
	at org.testng.IDEARemoteTestNG.run(IDEARemoteTestNG.java:73)
	at org.testng.RemoteTestNGStarter.main(RemoteTestNGStarter.java:123)
</stack-trace>
            </failure>
            <steps/>
            <attachments/>
            <labels>
                <label name="testSuite" value="Default Suite"/>
                <label name="testGroup" value="seleniumCp"/>
                <label name="testClass" value="Backstage.admin.ReportManagement"/>
                <label name="testMethod" value="rechargeMoneyVip"/>
                <label name="story" value="会员报表"/>
                <label name="feature" value="报表管理"/>
                <label name="host" value="DESKTOP-8DI1090"/>
                <label name="thread" value="15788@DESKTOP-8DI1090.main(1)"/>
            </labels>
        </test-case>
    </test-cases>
    <labels>
        <label name="framework" value="TestNG"/>
        <label name="language" value="JAVA"/>
    </labels>
</ns2:test-suite>
