<?xml version="1.0" encoding="UTF-8" standalone="yes"?>
<ns2:test-suite start="1574763183936" stop="1574763210396" version="1.5.2" xmlns:ns2="urn:model.allure.qatools.yandex.ru">
    <name>Default Suite : seleniumCp</name>
    <title>Default Suite : seleniumCp</title>
    <test-cases>
        <test-case start="1574763202345" stop="1574763205221" status="passed">
            <name>ReconciliationVip</name>
            <title>验证会员对账差别金额数据</title>
            <steps/>
            <attachments/>
            <labels>
                <label name="testSuite" value="Default Suite"/>
                <label name="testGroup" value="seleniumCp"/>
                <label name="testClass" value="Backstage.admin.FinanceManagement"/>
                <label name="testMethod" value="ReconciliationVip"/>
                <label name="story" value="会员对账"/>
                <label name="feature" value="财务管理"/>
                <label name="host" value="DESKTOP-8DI1090"/>
                <label name="thread" value="17500@DESKTOP-8DI1090.main(1)"/>
            </labels>
        </test-case>
        <test-case start="1574763205225" stop="1574763207598" status="passed">
            <name>ReconciliationVip2</name>
            <title>验证会员对账差别金额数据</title>
            <steps/>
            <attachments/>
            <labels>
                <label name="testSuite" value="Default Suite"/>
                <label name="testGroup" value="seleniumCp"/>
                <label name="testClass" value="Backstage.admin.FinanceManagement"/>
                <label name="testMethod" value="ReconciliationVip2"/>
                <label name="story" value="会员对账"/>
                <label name="feature" value="财务管理"/>
                <label name="host" value="DESKTOP-8DI1090"/>
                <label name="thread" value="17500@DESKTOP-8DI1090.main(1)"/>
            </labels>
        </test-case>
        <test-case start="1574763207601" stop="1574763210382" status="failed">
            <name>ReconciliationVip3</name>
            <title>验证会员对账差别金额数据3</title>
            <failure>
                <message>AssertionError: expected [true] but found [false]</message>
                <stack-trace>java.lang.AssertionError: expected [true] but found [false]
	at org.testng.Assert.fail(Assert.java:94)
	at org.testng.Assert.failNotEquals(Assert.java:496)
	at org.testng.Assert.assertTrue(Assert.java:42)
	at org.testng.Assert.assertTrue(Assert.java:52)
	at Backstage.admin.FinanceManagement.ReconciliationVip3(FinanceManagement.java:197)
	at sun.reflect.NativeMethodAccessorImpl.invoke0(Native Method)
	at sun.reflect.NativeMethodAccessorImpl.invoke(NativeMethodAccessorImpl.java:62)
	at sun.reflect.DelegatingMethodAccessorImpl.invoke(DelegatingMethodAccessorImpl.java:43)
	at java.lang.reflect.Method.invoke(Method.java:498)
	at org.testng.internal.MethodInvocationHelper.invokeMethod(MethodInvocationHelper.java:85)
	at org.testng.internal.Invoker.invokeMethod(Invoker.java:639)
	at org.testng.internal.Invoker.invokeTestMethod(Invoker.java:816)
	at org.testng.internal.Invoker.invokeTestMethods(Invoker.java:1124)
	at org.testng.internal.TestMethodWorker.invokeTestMethods(TestMethodWorker.java:125)
	at org.testng.internal.TestMethodWorker.run(TestMethodWorker.java:108)
	at org.testng.TestRunner.privateRun(TestRunner.java:774)
	at org.testng.TestRunner.run(TestRunner.java:624)
	at org.testng.SuiteRunner.runTest(SuiteRunner.java:359)
	at org.testng.SuiteRunner.runSequentially(SuiteRunner.java:354)
	at org.testng.SuiteRunner.privateRun(SuiteRunner.java:312)
	at org.testng.SuiteRunner.run(SuiteRunner.java:261)
	at org.testng.SuiteRunnerWorker.runSuite(SuiteRunnerWorker.java:52)
	at org.testng.SuiteRunnerWorker.run(SuiteRunnerWorker.java:86)
	at org.testng.TestNG.runSuitesSequentially(TestNG.java:1191)
	at org.testng.TestNG.runSuitesLocally(TestNG.java:1116)
	at org.testng.TestNG.run(TestNG.java:1024)
	at org.testng.IDEARemoteTestNG.run(IDEARemoteTestNG.java:73)
	at org.testng.RemoteTestNGStarter.main(RemoteTestNGStarter.java:123)
</stack-trace>
            </failure>
            <steps/>
            <attachments/>
            <labels>
                <label name="testSuite" value="Default Suite"/>
                <label name="testGroup" value="seleniumCp"/>
                <label name="testClass" value="Backstage.admin.FinanceManagement"/>
                <label name="testMethod" value="ReconciliationVip3"/>
                <label name="story" value="会员对账"/>
                <label name="feature" value="财务管理"/>
                <label name="host" value="DESKTOP-8DI1090"/>
                <label name="thread" value="17500@DESKTOP-8DI1090.main(1)"/>
            </labels>
        </test-case>
    </test-cases>
    <labels>
        <label name="framework" value="TestNG"/>
        <label name="language" value="JAVA"/>
    </labels>
</ns2:test-suite>
